Godot Engine v4.4.1.stable.official.49a5bc7b6 - https://godotengine.org

[RNG] Battle seed set: 12345
[Scenario 01] Battle seed: 12345
[Compass] N|N PASS (front)
[Compass] N|NE PASS (front+right)
[Compass] N|E PASS (right)
[Compass] N|SE PASS (rear+right)
[Compass] N|S PASS (rear)
[Compass] N|SW PASS (rear+left)
[Compass] N|W PASS (left)
[Compass] N|NW PASS (front+left)
[Compass] E|N PASS (left)
[Compass] E|NE PASS (front+left)
[Compass] E|E PASS (front)
[Compass] E|SE PASS (front+right)
[Compass] E|S PASS (right)
[Compass] E|SW PASS (rear+right)
[Compass] E|W PASS (rear)
[Compass] E|NW PASS (rear+left)
[Compass] S|N PASS (rear)
[Compass] S|NE PASS (rear+left)
[Compass] S|E PASS (left)
[Compass] S|SE PASS (front+left)
[Compass] S|S PASS (front)
[Compass] S|SW PASS (front+right)
[Compass] S|W PASS (right)
[Compass] S|NW PASS (rear+right)
[Compass] W|N PASS (right)
[Compass] W|NE PASS (rear+right)
[Compass] W|E PASS (rear)
[Compass] W|SE PASS (rear+left)
[Compass] W|S PASS (left)
[Compass] W|SW PASS (front+left)
[Compass] W|W PASS (front)
[Compass] W|NW PASS (front+right)
