Godot Engine v4.4.1.stable.official.49a5bc7b6 - https://godotengine.org

STALL_TRACE_START spears>cavalry seed=1000
[RNG] Battle seed set: 1000
[Scenario 01] Battle seed: 1000
STALL_HDR tick,atk_str,atk_coh,def_str,def_coh,atk_spd,def_spd,sep_m,contact,atk_state,def_state,atk_disp_m,def_disp_m
STALL_ROW 1,100.00,100.00,100.00,100.00,0.096,0.000,199.99,false,atk_n=0,def_n=0,0,5,0.01,0.00
STALL_ROW 50,100.00,100.00,100.00,100.00,1.400,0.000,193.95,false,atk_n=0,def_n=0,0,5,6.05,0.00
STALL_ROW 100,100.00,100.00,100.00,100.00,1.400,0.000,186.95,false,atk_n=0,def_n=0,0,5,13.05,0.00
STALL_ROW 150,100.00,100.00,100.00,100.00,1.400,0.000,179.95,false,atk_n=0,def_n=0,0,5,20.05,0.00
STALL_ROW 200,100.00,100.00,100.00,100.00,1.400,0.000,172.95,false,atk_n=0,def_n=0,0,5,27.05,0.00
STALL_ROW 250,100.00,100.00,100.00,100.00,1.400,0.000,165.95,false,atk_n=0,def_n=0,0,5,34.05,0.00
STALL_ROW 300,100.00,100.00,100.00,100.00,1.400,0.000,158.95,false,atk_n=0,def_n=0,0,5,41.05,0.00
STALL_ROW 350,100.00,100.00,100.00,100.00,1.400,0.000,151.95,false,atk_n=0,def_n=0,0,5,48.05,0.00
STALL_ROW 400,100.00,100.00,100.00,100.00,1.400,0.000,144.95,false,atk_n=0,def_n=0,0,5,55.05,0.00
STALL_ROW 450,100.00,100.00,100.00,100.00,1.400,0.000,137.95,false,atk_n=0,def_n=0,0,5,62.05,0.00
STALL_ROW 500,100.00,100.00,100.00,100.00,1.400,0.000,130.95,false,atk_n=0,def_n=0,0,5,69.05,0.00
STALL_ROW 550,100.00,100.00,100.00,100.00,1.400,0.000,123.95,false,atk_n=0,def_n=0,0,5,76.05,0.00
STALL_ROW 600,100.00,100.00,100.00,100.00,1.400,0.000,116.95,false,atk_n=0,def_n=0,0,5,83.05,0.00
STALL_ROW 650,100.00,100.00,100.00,100.00,1.400,0.000,109.95,false,atk_n=0,def_n=0,0,5,90.05,0.00
STALL_ROW 700,100.00,100.00,100.00,100.00,1.400,0.000,102.95,false,atk_n=0,def_n=0,0,5,97.05,0.00
STALL_ROW 750,100.00,100.00,100.00,100.00,1.400,0.000,95.95,false,atk_n=0,def_n=0,0,5,104.05,0.00
STALL_ROW 800,100.00,100.00,100.00,100.00,1.400,0.000,88.95,false,atk_n=0,def_n=0,0,5,111.05,0.00
STALL_ROW 850,100.00,100.00,100.00,100.00,1.400,0.000,81.95,false,atk_n=0,def_n=0,0,5,118.05,0.00
STALL_ROW 900,100.00,100.00,100.00,100.00,1.400,0.000,74.95,false,atk_n=0,def_n=0,0,5,125.05,0.00
STALL_ROW 950,100.00,100.00,100.00,100.00,1.400,0.000,67.95,false,atk_n=0,def_n=0,0,5,132.05,0.00
STALL_ROW 1000,100.00,100.00,100.00,100.00,1.400,0.000,60.95,false,atk_n=0,def_n=0,0,5,139.05,0.00
STALL_ROW 1050,100.00,100.00,100.00,100.00,1.400,0.000,53.95,false,atk_n=0,def_n=0,0,5,146.05,0.00
STALL_ROW 1100,100.00,100.00,100.00,100.00,1.400,0.000,46.95,false,atk_n=0,def_n=0,0,5,153.05,0.00
STALL_ROW 1150,100.00,100.00,100.00,100.00,1.400,0.000,39.95,false,atk_n=0,def_n=0,0,5,160.05,0.00
STALL_ROW 1200,100.00,100.00,100.00,100.00,1.400,0.000,32.95,false,atk_n=0,def_n=0,0,5,167.05,0.00
STALL_ROW 1250,100.00,100.00,100.00,100.00,1.400,0.000,25.95,false,atk_n=0,def_n=0,0,5,174.05,0.00
STALL_ROW 1300,100.00,100.00,100.00,100.00,1.400,0.000,18.95,false,atk_n=0,def_n=0,0,5,181.05,0.00
STALL_ROW 1350,99.83,99.58,99.86,99.53,1.400,0.000,13.51,false,atk_n=0,def_n=0,0,5,186.65,0.16
STALL_ROW 1400,99.14,97.86,99.30,97.58,1.400,0.000,13.42,false,atk_n=0,def_n=0,0,5,187.44,0.86
STALL_ROW 1450,98.47,96.16,98.76,95.66,1.400,0.000,13.34,false,atk_n=0,def_n=0,0,5,188.21,1.55
STALL_ROW 1500,97.80,94.51,98.23,93.79,1.400,0.000,13.26,false,atk_n=0,def_n=0,0,5,188.97,2.23
STALL_ROW 1550,97.15,92.88,97.71,91.93,1.400,0.000,13.18,false,atk_n=0,def_n=0,0,5,189.74,2.92
STALL_ROW 1600,96.51,91.29,97.20,90.14,1.400,0.000,13.10,false,atk_n=0,def_n=0,0,5,190.48,3.58
STALL_ROW 1650,95.89,89.72,96.71,88.37,1.400,0.000,13.02,false,atk_n=0,def_n=0,0,5,191.22,4.25
STALL_ROW 1700,95.27,88.19,96.23,86.63,1.400,0.000,12.95,false,atk_n=0,def_n=0,0,5,191.97,4.92
STALL_ROW 1750,94.67,86.68,95.76,84.92,1.400,0.000,12.87,false,atk_n=0,def_n=0,0,5,192.71,5.59
STALL_ROW 1800,94.08,85.21,95.30,83.25,1.400,0.000,12.80,false,atk_n=0,def_n=0,0,5,193.44,6.24
STALL_ROW 1850,93.50,83.76,94.85,81.58,1.400,0.000,12.73,false,atk_n=0,def_n=0,0,5,194.20,6.93
STALL_ROW 1900,92.93,82.34,94.41,79.96,1.400,0.000,12.67,false,atk_n=0,def_n=0,0,5,194.93,7.59
STALL_ROW 1950,92.38,80.94,93.99,78.36,1.400,0.000,12.60,false,atk_n=0,def_n=0,0,5,195.67,8.26
STALL_ROW 2000,91.83,79.57,93.58,76.78,1.400,0.000,12.53,false,atk_n=0,def_n=0,0,5,196.42,8.95
STALL_ROW 2050,91.29,78.23,93.17,75.24,1.400,0.000,12.47,false,atk_n=0,def_n=0,0,5,197.15,9.62
STALL_ROW 2100,90.76,76.91,92.78,73.72,1.400,0.000,12.40,false,atk_n=0,def_n=0,0,5,197.90,10.30
STALL_ROW 2150,90.24,75.61,92.40,72.22,1.400,0.000,12.34,false,atk_n=0,def_n=0,0,5,198.63,10.97
STALL_ROW 2200,89.73,74.34,92.03,70.75,1.400,0.000,12.28,false,atk_n=0,def_n=0,0,5,199.37,11.65
STALL_ROW 2250,89.23,73.08,91.67,69.29,1.400,0.000,12.22,false,atk_n=0,def_n=0,0,5,200.12,12.34
STALL_ROW 2300,88.74,71.86,91.31,67.89,1.400,0.000,12.16,false,atk_n=0,def_n=0,0,5,200.83,13.00
STALL_ROW 2350,88.26,70.65,90.97,66.48,1.400,0.000,12.10,false,atk_n=0,def_n=0,0,5,201.56,13.67
STALL_ROW 2400,87.78,69.46,90.62,65.08,1.400,0.000,12.05,false,atk_n=0,def_n=0,0,5,202.28,14.33
STALL_ROW 2450,87.32,68.30,90.27,63.68,1.400,0.000,12.00,false,atk_n=0,def_n=0,0,5,203.01,15.01
STALL_ROW 2500,86.86,67.15,89.93,62.28,1.400,0.000,11.94,false,atk_n=0,def_n=0,0,5,203.75,15.69
STALL_ROW 2550,86.41,66.03,89.59,60.89,1.400,0.000,11.89,false,atk_n=0,def_n=0,0,5,204.47,16.36
STALL_ROW 2600,85.97,64.93,89.25,59.47,1.400,0.000,11.84,false,atk_n=0,def_n=0,0,5,205.24,17.08
STALL_ROW 2650,85.53,63.83,88.91,58.07,1.400,0.000,11.78,false,atk_n=0,def_n=0,0,5,205.98,17.76
STALL_ROW 2700,85.10,62.75,88.58,56.68,1.400,0.000,11.73,false,atk_n=0,def_n=0,0,5,206.72,18.45
STALL_ROW 2750,84.67,61.66,88.24,55.32,1.400,0.000,11.67,false,atk_n=0,def_n=0,0,5,207.43,19.10
STALL_ROW 2800,84.23,60.59,87.91,53.96,1.400,0.000,11.62,false,atk_n=0,def_n=0,0,5,208.15,19.77
STALL_ROW 2850,83.80,59.51,87.58,52.58,1.400,0.000,11.57,false,atk_n=0,def_n=0,0,5,208.88,20.45
STALL_ROW 2900,83.38,58.44,87.25,51.22,1.400,0.000,11.52,false,atk_n=0,def_n=0,0,5,209.61,21.12
STALL_ROW 2950,82.95,57.37,86.92,49.86,1.400,0.000,11.47,false,atk_n=0,def_n=0,0,5,210.34,21.81
STALL_ROW 3000,82.52,56.31,86.60,48.49,1.400,0.000,11.41,false,atk_n=0,def_n=0,0,5,211.09,22.51
STALL_ROW 3050,82.10,55.25,86.27,47.12,1.400,0.000,11.36,false,atk_n=0,def_n=0,0,5,211.84,23.20
STALL_ROW 3100,81.68,54.20,85.95,45.75,1.400,0.000,11.31,false,atk_n=0,def_n=0,0,5,212.59,23.90
STALL_ROW 3150,81.26,53.14,85.63,44.40,1.400,0.000,11.26,false,atk_n=0,def_n=0,0,5,213.33,24.59
STALL_ROW 3200,80.84,52.10,85.31,43.04,1.400,0.000,11.21,false,atk_n=0,def_n=0,0,5,214.08,25.29
STALL_ROW 3250,80.42,51.05,84.99,41.70,1.400,0.000,11.16,false,atk_n=0,def_n=0,0,5,214.82,25.98
STALL_ROW 3300,80.01,50.02,84.68,40.36,1.400,0.000,11.11,false,atk_n=0,def_n=0,0,5,215.55,26.66
STALL_ROW 3350,79.59,48.98,84.36,39.02,1.400,0.000,11.07,false,atk_n=0,def_n=0,0,5,216.29,27.36
STALL_ROW 3400,79.18,47.95,84.05,37.67,1.400,0.000,11.02,false,atk_n=0,def_n=0,0,5,217.05,28.07
STALL_ROW 3450,78.77,46.92,83.74,36.32,1.400,0.000,10.96,false,atk_n=0,def_n=0,0,5,217.82,28.78
STALL_ROW 3500,78.36,45.90,83.43,34.94,1.400,0.000,10.92,false,atk_n=0,def_n=0,0,5,218.63,29.54
STALL_ROW 3550,77.95,44.88,83.12,33.59,1.400,0.000,10.87,false,atk_n=0,def_n=0,0,5,219.40,30.26
STALL_ROW 3600,77.71,44.27,82.94,32.78,1.360,0.000,10.70,false,atk_n=0,def_n=0,0,5,220.00,30.70
STALL_ROW 3650,77.71,44.27,82.94,32.78,1.360,0.000,10.70,false,atk_n=0,def_n=0,0,5,220.00,30.70
STALL_ROW 3700,77.71,44.27,82.94,32.78,1.360,0.000,10.70,false,atk_n=0,def_n=0,0,5,220.00,30.70
STALL_ROW 3750,77.71,44.27,82.94,32.78,1.360,0.000,10.70,false,atk_n=0,def_n=0,0,5,220.00,30.70
STALL_ROW 3800,77.71,44.27,82.94,32.78,1.360,0.000,10.70,false,atk_n=0,def_n=0,0,5,220.00,30.70
STALL_ROW 3850,77.71,44.27,82.94,32.78,1.360,0.000,10.70,false,atk_n=0,def_n=0,0,5,220.00,30.70
STALL_ROW 3900,77.71,44.27,82.94,32.78,1.360,0.000,10.70,false,atk_n=0,def_n=0,0,5,220.00,30.70
STALL_ROW 3950,77.71,44.27,82.94,32.78,1.360,0.000,10.70,false,atk_n=0,def_n=0,0,5,220.00,30.70
STALL_ROW 4000,77.71,44.27,82.94,32.78,1.360,0.000,10.70,false,atk_n=0,def_n=0,0,5,220.00,30.70
STALL_SUMMARY ticks=4000 over=false winner=none breaks=1121 max_sep_after200=172.81 atk_str=77.71 def_str=82.94 atk_coh=44.27 def_coh=32.78
