Godot Engine v4.4.1.stable.official.49a5bc7b6 - https://godotengine.org

[RNG] Battle seed set: 1000
[Scenario 01] Battle seed: 1000
DENSE_START engage_snap=1.0 contact_depth related via sep
DENSE 1320 sep=16.15 contact=false atk_n=0 def_n=0 str=100.00/100.00 coh=100.00/100.00 st=0/5 spd=1.400/0.000
DENSE 1321 sep=16.01 contact=false atk_n=0 def_n=0 str=100.00/100.00 coh=100.00/100.00 st=0/5 spd=1.400/0.000
DENSE 1322 sep=15.87 contact=false atk_n=0 def_n=0 str=100.00/100.00 coh=100.00/100.00 st=0/5 spd=1.400/0.000
DENSE 1323 sep=15.73 contact=false atk_n=0 def_n=0 str=100.00/100.00 coh=100.00/100.00 st=0/5 spd=1.400/0.000
DENSE 1324 sep=15.59 contact=false atk_n=0 def_n=0 str=100.00/100.00 coh=100.00/100.00 st=0/5 spd=1.400/0.000
DENSE 1325 sep=15.45 contact=false atk_n=0 def_n=0 str=100.00/100.00 coh=100.00/100.00 st=0/5 spd=1.400/0.000
DENSE 1326 sep=15.31 contact=false atk_n=0 def_n=0 str=100.00/100.00 coh=100.00/100.00 st=0/5 spd=1.400/0.000
DENSE 1327 sep=15.17 contact=false atk_n=0 def_n=0 str=100.00/100.00 coh=100.00/100.00 st=0/5 spd=1.400/0.000
DENSE 1328 sep=15.03 contact=false atk_n=0 def_n=0 str=100.00/100.00 coh=100.00/100.00 st=0/5 spd=1.400/0.000
DENSE 1329 sep=14.89 contact=false atk_n=0 def_n=0 str=100.00/100.00 coh=100.00/100.00 st=0/5 spd=1.400/0.000
DENSE 1330 sep=14.75 contact=false atk_n=0 def_n=0 str=100.00/100.00 coh=100.00/100.00 st=0/5 spd=1.400/0.000
DENSE 1331 sep=14.61 contact=false atk_n=0 def_n=0 str=100.00/100.00 coh=100.00/100.00 st=0/5 spd=1.400/0.000
DENSE 1332 sep=14.47 contact=false atk_n=0 def_n=0 str=100.00/100.00 coh=100.00/100.00 st=0/5 spd=1.400/0.000
DENSE 1333 sep=14.33 contact=false atk_n=0 def_n=0 str=100.00/100.00 coh=100.00/100.00 st=0/5 spd=1.400/0.000
DENSE 1334 sep=14.19 contact=false atk_n=0 def_n=0 str=100.00/100.00 coh=100.00/100.00 st=0/5 spd=1.400/0.000
DENSE 1335 sep=14.05 contact=false atk_n=0 def_n=0 str=100.00/100.00 coh=100.00/100.00 st=0/5 spd=1.400/0.000
DENSE 1336 sep=13.91 contact=false atk_n=0 def_n=0 str=100.00/100.00 coh=100.00/100.00 st=0/5 spd=1.400/0.000
DENSE 1337 sep=13.77 contact=false atk_n=0 def_n=0 str=100.00/100.00 coh=100.00/100.00 st=0/5 spd=1.400/0.000
DENSE 1338 sep=13.63 contact=false atk_n=0 def_n=0 str=100.00/100.00 coh=100.00/100.00 st=0/5 spd=1.400/0.000
DENSE 1339 sep=13.53 contact=true atk_n=1 def_n=1 str=99.97/99.98 coh=99.93/99.92 st=1/1 spd=1.400/0.000
DENSE 1340 sep=13.52 contact=true atk_n=1 def_n=1 str=99.94/99.95 coh=99.86/99.84 st=1/1 spd=1.400/0.000
DENSE 1341 sep=13.52 contact=true atk_n=1 def_n=1 str=99.92/99.93 coh=99.79/99.76 st=1/1 spd=1.400/0.000
DENSE 1342 sep=13.52 contact=true atk_n=1 def_n=1 str=99.89/99.91 coh=99.72/99.68 st=1/1 spd=1.400/0.000
DENSE 1343 sep=13.51 contact=true atk_n=1 def_n=1 str=99.86/99.89 coh=99.65/99.61 st=1/1 spd=1.400/0.000
DENSE 1344 sep=13.51 contact=true atk_n=1 def_n=1 str=99.83/99.86 coh=99.58/99.53 st=1/1 spd=1.400/0.000
DENSE 1345 sep=13.50 contact=true atk_n=1 def_n=1 str=99.80/99.84 coh=99.51/99.46 st=1/1 spd=1.400/0.000
DENSE 1346 sep=13.50 contact=true atk_n=1 def_n=1 str=99.78/99.82 coh=99.44/99.38 st=1/1 spd=1.400/0.000
DENSE 1347 sep=13.50 contact=true atk_n=1 def_n=1 str=99.75/99.80 coh=99.37/99.30 st=1/1 spd=1.400/0.000
DENSE 1348 sep=13.50 contact=true atk_n=1 def_n=1 str=99.72/99.77 coh=99.30/99.22 st=1/1 spd=1.400/0.000
DENSE 1349 sep=13.49 contact=true atk_n=1 def_n=1 str=99.69/99.75 coh=99.23/99.14 st=1/1 spd=1.400/0.000
DENSE 1350 sep=13.49 contact=true atk_n=1 def_n=1 str=99.67/99.73 coh=99.16/99.06 st=1/1 spd=1.400/0.000
DENSE 1351 sep=13.49 contact=true atk_n=1 def_n=1 str=99.64/99.71 coh=99.09/98.98 st=1/1 spd=1.400/0.000
DENSE 1352 sep=13.48 contact=true atk_n=1 def_n=1 str=99.61/99.68 coh=99.03/98.90 st=1/1 spd=1.400/0.000
DENSE 1353 sep=13.48 contact=true atk_n=1 def_n=1 str=99.58/99.66 coh=98.96/98.82 st=1/1 spd=1.400/0.000
DENSE 1354 sep=13.48 contact=true atk_n=1 def_n=1 str=99.55/99.64 coh=98.89/98.75 st=1/1 spd=1.400/0.000
DENSE 1355 sep=13.47 contact=true atk_n=1 def_n=1 str=99.53/99.62 coh=98.82/98.67 st=1/1 spd=1.400/0.000
DENSE 1356 sep=13.47 contact=true atk_n=1 def_n=1 str=99.50/99.59 coh=98.75/98.59 st=1/1 spd=1.400/0.000
DENSE 1357 sep=13.47 contact=true atk_n=1 def_n=1 str=99.47/99.57 coh=98.68/98.51 st=1/1 spd=1.400/0.000
DENSE 1358 sep=13.46 contact=true atk_n=1 def_n=1 str=99.44/99.55 coh=98.61/98.43 st=1/1 spd=1.400/0.000
DENSE 1359 sep=13.46 contact=true atk_n=1 def_n=1 str=99.42/99.53 coh=98.54/98.35 st=1/1 spd=1.400/0.000
DENSE 1360 sep=13.46 contact=true atk_n=1 def_n=1 str=99.39/99.50 coh=98.47/98.28 st=1/1 spd=1.400/0.000
DENSE 1361 sep=13.45 contact=true atk_n=1 def_n=1 str=99.36/99.48 coh=98.40/98.20 st=1/1 spd=1.400/0.000
DENSE 1362 sep=13.44 contact=true atk_n=1 def_n=1 str=99.33/99.46 coh=98.34/98.12 st=1/1 spd=1.400/0.000
DENSE 1363 sep=13.45 contact=true atk_n=1 def_n=1 str=99.31/99.44 coh=98.27/98.05 st=1/1 spd=1.400/0.000
DENSE 1364 sep=13.44 contact=true atk_n=1 def_n=1 str=99.28/99.42 coh=98.20/97.97 st=1/1 spd=1.400/0.000
DENSE 1365 sep=13.44 contact=true atk_n=1 def_n=1 str=99.25/99.39 coh=98.13/97.88 st=1/1 spd=1.400/0.000
DENSE 1366 sep=13.43 contact=true atk_n=1 def_n=1 str=99.22/99.37 coh=98.06/97.81 st=1/1 spd=1.400/0.000
DENSE 1367 sep=13.43 contact=true atk_n=1 def_n=1 str=99.20/99.35 coh=97.99/97.73 st=1/1 spd=1.400/0.000
DENSE 1368 sep=13.43 contact=true atk_n=1 def_n=1 str=99.17/99.33 coh=97.92/97.65 st=1/1 spd=1.400/0.000
DENSE 1369 sep=13.42 contact=true atk_n=1 def_n=1 str=99.14/99.30 coh=97.86/97.58 st=1/1 spd=1.400/0.000
DENSE 1370 sep=13.42 contact=true atk_n=1 def_n=1 str=99.11/99.28 coh=97.79/97.50 st=1/1 spd=1.400/0.000
DENSE 1371 sep=13.42 contact=true atk_n=1 def_n=1 str=99.09/99.26 coh=97.72/97.42 st=1/1 spd=1.400/0.000
DENSE 1372 sep=13.41 contact=true atk_n=1 def_n=1 str=99.06/99.24 coh=97.65/97.35 st=1/1 spd=1.400/0.000
DENSE 1373 sep=13.41 contact=true atk_n=1 def_n=1 str=99.03/99.22 coh=97.58/97.27 st=1/1 spd=1.400/0.000
DENSE 1374 sep=13.40 contact=true atk_n=1 def_n=1 str=99.01/99.19 coh=97.51/97.20 st=1/1 spd=1.400/0.000
DENSE 1375 sep=13.41 contact=true atk_n=1 def_n=1 str=98.98/99.17 coh=97.45/97.12 st=1/1 spd=1.400/0.000
DENSE 1376 sep=13.40 contact=true atk_n=1 def_n=1 str=98.95/99.15 coh=97.38/97.04 st=1/1 spd=1.400/0.000
DENSE 1377 sep=13.40 contact=true atk_n=1 def_n=1 str=98.92/99.13 coh=97.31/96.96 st=1/1 spd=1.400/0.000
DENSE 1378 sep=13.40 contact=true atk_n=1 def_n=1 str=98.90/99.11 coh=97.24/96.89 st=1/1 spd=1.400/0.000
DENSE 1379 sep=13.39 contact=true atk_n=1 def_n=1 str=98.87/99.09 coh=97.18/96.81 st=1/1 spd=1.400/0.000
DENSE 1380 sep=13.38 contact=true atk_n=1 def_n=1 str=98.84/99.06 coh=97.11/96.74 st=1/1 spd=1.400/0.000
DENSE 1390 sep=13.36 contact=true atk_n=1 def_n=1 str=98.57/98.85 coh=96.43/95.96 st=1/1 spd=1.400/0.000
DENSE 1400 sep=13.33 contact=true atk_n=1 def_n=1 str=98.31/98.63 coh=95.76/95.20 st=1/1 spd=1.400/0.000
DENSE 1410 sep=13.28 contact=true atk_n=1 def_n=1 str=98.04/98.42 coh=95.10/94.46 st=1/1 spd=1.400/0.000
DENSE 1420 sep=13.26 contact=true atk_n=1 def_n=1 str=97.78/98.21 coh=94.44/93.71 st=1/1 spd=1.400/0.000
DENSE 1430 sep=13.23 contact=true atk_n=1 def_n=1 str=97.51/98.00 coh=93.79/92.96 st=1/1 spd=1.400/0.000
DENSE 1440 sep=13.19 contact=true atk_n=1 def_n=1 str=97.26/97.79 coh=93.14/92.23 st=1/1 spd=1.400/0.000
DENSE 1450 sep=13.16 contact=true atk_n=1 def_n=1 str=97.00/97.59 coh=92.49/91.50 st=1/1 spd=1.400/0.000
DENSE 1460 sep=13.13 contact=true atk_n=1 def_n=1 str=96.74/97.38 coh=91.86/90.79 st=1/1 spd=1.400/0.000
DENSE 1470 sep=13.10 contact=true atk_n=1 def_n=1 str=96.49/97.18 coh=91.22/90.07 st=1/1 spd=1.400/0.000
DENSE 1480 sep=13.07 contact=true atk_n=1 def_n=1 str=96.24/96.98 coh=90.59/89.34 st=1/1 spd=1.400/0.000
DENSE 1490 sep=13.03 contact=true atk_n=1 def_n=1 str=95.99/96.79 coh=89.97/88.64 st=1/1 spd=1.400/0.000
DENSE 1500 sep=13.01 contact=true atk_n=1 def_n=1 str=95.74/96.59 coh=89.35/87.95 st=1/1 spd=1.400/0.000
DENSE 1510 sep=12.98 contact=true atk_n=1 def_n=1 str=95.49/96.40 coh=88.74/87.25 st=1/1 spd=1.400/0.000
DENSE 1520 sep=12.94 contact=true atk_n=1 def_n=1 str=95.25/96.21 coh=88.13/86.56 st=1/1 spd=1.400/0.000
DENSE 1530 sep=12.91 contact=true atk_n=1 def_n=1 str=95.01/96.02 coh=87.52/85.87 st=1/1 spd=1.400/0.000
DENSE 1540 sep=12.89 contact=true atk_n=1 def_n=1 str=94.77/95.83 coh=86.92/85.19 st=1/1 spd=1.400/0.000
DENSE 1550 sep=12.86 contact=true atk_n=1 def_n=1 str=94.53/95.64 coh=86.33/84.51 st=1/1 spd=1.400/0.000
DENSE 1560 sep=12.82 contact=true atk_n=1 def_n=1 str=94.29/95.46 coh=85.73/83.84 st=1/1 spd=1.400/0.000
DENSE 1570 sep=12.80 contact=true atk_n=1 def_n=1 str=94.06/95.28 coh=85.15/83.18 st=1/1 spd=1.400/0.000
DENSE 1580 sep=12.78 contact=true atk_n=1 def_n=1 str=93.83/95.10 coh=84.57/82.51 st=1/1 spd=1.400/0.000
DENSE 1590 sep=12.74 contact=true atk_n=1 def_n=1 str=93.59/94.92 coh=83.99/81.84 st=1/1 spd=1.400/0.000
DENSE 1600 sep=12.71 contact=true atk_n=1 def_n=1 str=93.37/94.74 coh=83.41/81.19 st=1/1 spd=1.400/0.000
DENSE 1610 sep=12.69 contact=true atk_n=1 def_n=1 str=93.14/94.57 coh=82.84/80.54 st=1/1 spd=1.400/0.000
DENSE 1620 sep=12.67 contact=true atk_n=1 def_n=1 str=92.91/94.40 coh=82.28/79.89 st=1/1 spd=1.400/0.000
DENSE 1630 sep=12.63 contact=true atk_n=1 def_n=1 str=92.69/94.23 coh=81.72/79.26 st=1/1 spd=1.400/0.000
DENSE 1640 sep=12.61 contact=true atk_n=1 def_n=1 str=92.46/94.06 coh=81.16/78.62 st=1/1 spd=1.400/0.000
DENSE 1650 sep=12.58 contact=true atk_n=1 def_n=1 str=92.24/93.89 coh=80.61/77.98 st=1/1 spd=1.400/0.000
DENSE 1660 sep=12.56 contact=true atk_n=1 def_n=1 str=92.02/93.72 coh=80.06/77.34 st=1/1 spd=1.400/0.000
DENSE 1670 sep=12.53 contact=true atk_n=1 def_n=1 str=91.81/93.56 coh=79.52/76.72 st=1/1 spd=1.400/0.000
DENSE 1680 sep=12.51 contact=true atk_n=1 def_n=1 str=91.59/93.40 coh=78.98/76.09 st=1/1 spd=1.400/0.000
DENSE 1690 sep=12.47 contact=true atk_n=1 def_n=1 str=91.38/93.24 coh=78.44/75.49 st=1/1 spd=1.400/0.000
DENSE 1700 sep=12.45 contact=true atk_n=1 def_n=1 str=91.16/93.08 coh=77.91/74.87 st=1/1 spd=1.400/0.000
DENSE 1710 sep=12.43 contact=true atk_n=1 def_n=1 str=90.95/92.92 coh=77.38/74.26 st=1/1 spd=1.400/0.000
DENSE 1720 sep=12.40 contact=true atk_n=1 def_n=1 str=90.74/92.77 coh=76.85/73.65 st=1/1 spd=1.400/0.000
DENSE 1730 sep=12.38 contact=true atk_n=1 def_n=1 str=90.53/92.61 coh=76.33/73.05 st=1/1 spd=1.400/0.000
DENSE 1740 sep=12.35 contact=true atk_n=1 def_n=1 str=90.33/92.46 coh=75.81/72.46 st=1/1 spd=1.400/0.000
DENSE 1750 sep=12.33 contact=true atk_n=1 def_n=1 str=90.12/92.31 coh=75.30/71.86 st=1/1 spd=1.400/0.000
DENSE 1760 sep=12.30 contact=true atk_n=1 def_n=1 str=89.92/92.16 coh=74.79/71.27 st=1/1 spd=1.400/0.000
DENSE 1770 sep=12.28 contact=true atk_n=1 def_n=1 str=89.71/92.01 coh=74.28/70.69 st=1/1 spd=1.400/0.000
DENSE 1780 sep=12.25 contact=true atk_n=1 def_n=1 str=89.51/91.87 coh=73.78/70.10 st=1/1 spd=1.400/0.000
DENSE 1790 sep=12.23 contact=true atk_n=1 def_n=1 str=89.31/91.72 coh=73.28/69.53 st=1/1 spd=1.400/0.000
DENSE 1800 sep=12.21 contact=true atk_n=1 def_n=1 str=89.11/91.58 coh=72.79/68.96 st=1/1 spd=1.400/0.000
DENSE 1810 sep=12.18 contact=true atk_n=1 def_n=1 str=88.92/91.44 coh=72.30/68.40 st=1/1 spd=1.400/0.000
DENSE 1820 sep=12.16 contact=true atk_n=1 def_n=1 str=88.72/91.30 coh=71.81/67.83 st=1/1 spd=1.400/0.000
DENSE 1830 sep=12.14 contact=true atk_n=1 def_n=1 str=88.53/91.16 coh=71.32/67.26 st=1/1 spd=1.400/0.000
DENSE 1840 sep=12.11 contact=true atk_n=1 def_n=1 str=88.34/91.02 coh=70.84/66.70 st=1/1 spd=1.400/0.000
DENSE 1850 sep=12.09 contact=true atk_n=1 def_n=1 str=88.14/90.88 coh=70.36/66.14 st=1/1 spd=1.400/0.000
DENSE 1860 sep=12.07 contact=true atk_n=1 def_n=1 str=87.95/90.74 coh=69.89/65.59 st=1/1 spd=1.400/0.000
DENSE 1870 sep=12.05 contact=true atk_n=1 def_n=1 str=87.77/90.60 coh=69.41/65.02 st=1/1 spd=1.400/0.000
DENSE 1880 sep=12.03 contact=true atk_n=1 def_n=1 str=87.58/90.47 coh=68.95/64.46 st=1/1 spd=1.400/0.000
DENSE 1890 sep=12.01 contact=true atk_n=1 def_n=1 str=87.39/90.33 coh=68.48/63.90 st=1/1 spd=1.400/0.000
DENSE 1900 sep=11.98 contact=true atk_n=1 def_n=1 str=87.21/90.19 coh=68.02/63.34 st=1/1 spd=1.400/0.000
DENSE 1910 sep=11.96 contact=true atk_n=1 def_n=1 str=87.02/90.05 coh=67.56/62.77 st=1/1 spd=1.400/0.000
DENSE 1920 sep=11.94 contact=true atk_n=1 def_n=1 str=86.84/89.92 coh=67.11/62.22 st=1/1 spd=1.400/0.000
DENSE 1930 sep=11.91 contact=true atk_n=1 def_n=1 str=86.66/89.78 coh=66.65/61.67 st=1/1 spd=1.400/0.000
DENSE 1940 sep=11.89 contact=true atk_n=1 def_n=1 str=86.48/89.64 coh=66.21/61.12 st=1/1 spd=1.400/0.000
DENSE 1950 sep=11.88 contact=true atk_n=1 def_n=1 str=86.30/89.51 coh=65.76/60.55 st=1/1 spd=1.400/0.000
DENSE 1960 sep=11.85 contact=true atk_n=1 def_n=1 str=86.13/89.37 coh=65.32/59.99 st=1/1 spd=1.400/0.000
DENSE 1970 sep=11.83 contact=true atk_n=1 def_n=1 str=85.95/89.24 coh=64.88/59.41 st=1/1 spd=1.400/0.000
DENSE 1980 sep=11.81 contact=true atk_n=1 def_n=1 str=85.78/89.10 coh=64.45/58.85 st=1/1 spd=1.400/0.000
DENSE 1990 sep=11.79 contact=true atk_n=1 def_n=1 str=85.60/88.97 coh=64.01/58.29 st=1/1 spd=1.400/0.000
DENSE 2000 sep=11.77 contact=true atk_n=1 def_n=1 str=85.43/88.83 coh=63.57/57.74 st=1/1 spd=1.400/0.000
DENSE 2010 sep=11.74 contact=true atk_n=1 def_n=1 str=85.26/88.70 coh=63.14/57.18 st=1/1 spd=1.400/0.000
DENSE 2020 sep=11.72 contact=true atk_n=1 def_n=1 str=85.08/88.56 coh=62.70/56.63 st=1/1 spd=1.400/0.000
DENSE 2030 sep=11.70 contact=true atk_n=1 def_n=1 str=84.91/88.43 coh=62.27/56.08 st=1/1 spd=1.400/0.000
DENSE 2040 sep=11.68 contact=true atk_n=1 def_n=1 str=84.73/88.30 coh=61.84/55.54 st=1/1 spd=1.400/0.000
DENSE 2050 sep=11.66 contact=true atk_n=1 def_n=1 str=84.56/88.16 coh=61.40/55.00 st=1/1 spd=1.400/0.000
DENSE 2060 sep=11.64 contact=true atk_n=1 def_n=1 str=84.39/88.03 coh=60.97/54.46 st=1/1 spd=1.400/0.000
DENSE 2070 sep=11.62 contact=true atk_n=1 def_n=1 str=84.22/87.90 coh=60.54/53.90 st=1/1 spd=1.400/0.000
DENSE 2080 sep=11.60 contact=true atk_n=1 def_n=1 str=84.04/87.76 coh=60.11/53.35 st=1/1 spd=1.400/0.000
DENSE 2090 sep=11.58 contact=true atk_n=1 def_n=1 str=83.87/87.63 coh=59.68/52.80 st=1/1 spd=1.400/0.000
DENSE 2100 sep=11.56 contact=true atk_n=1 def_n=1 str=83.70/87.50 coh=59.25/52.26 st=1/1 spd=1.400/0.000
DENSE 2110 sep=11.54 contact=true atk_n=1 def_n=1 str=83.53/87.37 coh=58.82/51.72 st=1/1 spd=1.400/0.000
DENSE 2120 sep=11.52 contact=true atk_n=1 def_n=1 str=83.36/87.24 coh=58.40/51.17 st=1/1 spd=1.400/0.000
DENSE 2130 sep=11.50 contact=true atk_n=1 def_n=1 str=83.19/87.11 coh=57.97/50.62 st=1/1 spd=1.400/0.000
DENSE 2140 sep=11.47 contact=true atk_n=1 def_n=1 str=83.02/86.97 coh=57.54/50.08 st=1/1 spd=1.400/0.000
DENSE 2150 sep=11.45 contact=true atk_n=1 def_n=1 str=82.85/86.84 coh=57.12/49.54 st=1/1 spd=1.400/0.000
DENSE 2160 sep=11.44 contact=true atk_n=1 def_n=1 str=82.68/86.71 coh=56.69/48.99 st=1/1 spd=1.400/0.000
DENSE 2170 sep=11.41 contact=true atk_n=1 def_n=1 str=82.51/86.58 coh=56.27/48.43 st=1/1 spd=1.400/0.000
DENSE 2180 sep=11.40 contact=true atk_n=1 def_n=1 str=82.34/86.45 coh=55.84/47.88 st=1/1 spd=1.400/0.000
DENSE 2190 sep=11.37 contact=true atk_n=1 def_n=1 str=82.17/86.32 coh=55.42/47.34 st=1/1 spd=1.400/0.000
DENSE 2200 sep=11.35 contact=true atk_n=1 def_n=1 str=82.00/86.19 coh=55.00/46.79 st=1/1 spd=1.400/0.000
DENSE 2210 sep=11.33 contact=true atk_n=1 def_n=1 str=81.83/86.07 coh=54.58/46.25 st=1/1 spd=1.400/0.000
DENSE 2220 sep=11.31 contact=true atk_n=1 def_n=1 str=81.66/85.94 coh=54.15/45.70 st=1/1 spd=1.400/0.000
DENSE 2230 sep=11.29 contact=true atk_n=1 def_n=1 str=81.49/85.81 coh=53.73/45.15 st=1/1 spd=1.400/0.000
DENSE 2240 sep=11.27 contact=true atk_n=1 def_n=1 str=81.33/85.68 coh=53.31/44.62 st=1/1 spd=1.400/0.000
DENSE 2250 sep=11.25 contact=true atk_n=1 def_n=1 str=81.16/85.55 coh=52.89/44.07 st=1/1 spd=1.400/0.000
DENSE 2260 sep=11.23 contact=true atk_n=1 def_n=1 str=80.99/85.42 coh=52.47/43.53 st=1/1 spd=1.400/0.000
DENSE 2270 sep=11.20 contact=true atk_n=1 def_n=1 str=80.82/85.30 coh=52.06/42.99 st=1/1 spd=1.400/0.000
DENSE 2280 sep=11.20 contact=true atk_n=1 def_n=1 str=80.66/85.17 coh=51.64/42.44 st=1/1 spd=1.400/0.000
DENSE 2290 sep=11.17 contact=true atk_n=1 def_n=1 str=80.49/85.04 coh=51.22/41.91 st=1/1 spd=1.400/0.000
DENSE 2300 sep=11.15 contact=true atk_n=1 def_n=1 str=80.32/84.92 coh=50.80/41.39 st=1/1 spd=1.400/0.000
DENSE 2310 sep=11.13 contact=true atk_n=1 def_n=1 str=80.16/84.79 coh=50.39/40.84 st=1/1 spd=1.400/0.000
DENSE 2320 sep=11.11 contact=true atk_n=1 def_n=1 str=79.99/84.66 coh=49.97/40.31 st=1/1 spd=1.400/0.000
DENSE 2330 sep=11.08 contact=true atk_n=1 def_n=1 str=79.82/84.54 coh=49.56/39.77 st=1/1 spd=1.400/0.000
DENSE 2340 sep=11.07 contact=true atk_n=1 def_n=1 str=79.66/84.41 coh=49.15/39.23 st=1/1 spd=1.400/0.000
DENSE 2350 sep=11.05 contact=true atk_n=1 def_n=1 str=79.49/84.29 coh=48.73/38.69 st=1/1 spd=1.400/0.000
DENSE 2360 sep=11.03 contact=true atk_n=1 def_n=1 str=79.33/84.16 coh=48.32/38.15 st=1/1 spd=1.400/0.000
DENSE 2370 sep=11.01 contact=true atk_n=1 def_n=1 str=79.16/84.04 coh=47.91/37.61 st=1/1 spd=1.400/0.000
DENSE 2380 sep=10.99 contact=true atk_n=1 def_n=1 str=79.00/83.91 coh=47.50/37.06 st=1/1 spd=1.400/0.000
DENSE 2390 sep=10.97 contact=true atk_n=1 def_n=1 str=78.83/83.79 coh=47.08/36.54 st=1/1 spd=1.400/0.000
DENSE 2400 sep=10.95 contact=true atk_n=1 def_n=1 str=78.67/83.66 coh=46.67/35.99 st=1/1 spd=1.400/0.000
DENSE 2410 sep=10.94 contact=true atk_n=1 def_n=1 str=78.51/83.54 coh=46.26/35.43 st=1/1 spd=1.400/0.000
DENSE 2420 sep=10.91 contact=true atk_n=1 def_n=1 str=78.34/83.42 coh=45.86/34.89 st=1/1 spd=1.400/0.000
DENSE 2430 sep=10.89 contact=true atk_n=1 def_n=1 str=78.18/83.29 coh=45.45/34.35 st=1/1 spd=1.400/0.000
DENSE 2440 sep=10.87 contact=true atk_n=1 def_n=1 str=78.02/83.17 coh=45.04/33.80 st=1/1 spd=1.400/0.000
DENSE 2450 sep=10.86 contact=true atk_n=1 def_n=1 str=77.85/83.05 coh=44.63/33.26 st=1/1 spd=1.400/0.000
DENSE 2460 sep=10.83 contact=true atk_n=1 def_n=1 str=77.69/82.93 coh=44.23/32.73 st=1/1 spd=1.400/0.000
DENSE 2470 sep=10.81 contact=true atk_n=1 def_n=1 str=77.53/82.80 coh=43.82/32.19 st=1/1 spd=1.400/0.000
DENSE 2480 sep=10.79 contact=true atk_n=1 def_n=1 str=77.37/82.68 coh=43.41/31.66 st=1/1 spd=1.400/0.000
DENSE 2490 sep=10.77 contact=true atk_n=1 def_n=1 str=77.20/82.56 coh=43.01/31.12 st=1/1 spd=1.400/0.000
DENSE 2500 sep=10.75 contact=true atk_n=1 def_n=1 str=77.04/82.44 coh=42.60/30.59 st=1/1 spd=1.400/0.000
DENSE 2510 sep=10.74 contact=true atk_n=1 def_n=1 str=76.88/82.32 coh=42.20/30.06 st=1/1 spd=1.400/0.000
DENSE 2520 sep=10.73 contact=true atk_n=1 def_n=1 str=76.72/82.20 coh=41.80/29.42 st=1/2 spd=1.400/0.000
DENSE 2530 sep=10.71 contact=true atk_n=1 def_n=1 str=76.56/82.07 coh=41.40/28.78 st=1/2 spd=1.400/0.000
DENSE 2540 sep=10.69 contact=true atk_n=1 def_n=1 str=76.40/81.95 coh=40.99/28.13 st=1/2 spd=1.400/0.000
DENSE 2550 sep=10.67 contact=true atk_n=1 def_n=1 str=76.24/81.83 coh=40.59/27.49 st=1/2 spd=1.400/0.000
DENSE 2560 sep=10.65 contact=true atk_n=1 def_n=1 str=76.08/81.71 coh=40.19/26.84 st=1/2 spd=1.400/0.000
DENSE 2570 sep=10.64 contact=true atk_n=1 def_n=1 str=75.92/81.59 coh=39.79/26.20 st=1/2 spd=1.400/0.000
DENSE 2580 sep=10.61 contact=true atk_n=1 def_n=1 str=75.76/81.48 coh=39.39/25.56 st=1/2 spd=1.400/0.000
DENSE 2590 sep=10.59 contact=true atk_n=1 def_n=1 str=75.60/81.36 coh=38.99/24.91 st=1/2 spd=1.400/0.000
DENSE 2600 sep=10.58 contact=true atk_n=1 def_n=1 str=75.44/81.24 coh=38.59/24.27 st=1/2 spd=1.400/0.000
DENSE 2610 sep=10.56 contact=true atk_n=1 def_n=1 str=75.28/81.12 coh=38.20/23.62 st=1/2 spd=1.400/0.000
DENSE 2620 sep=10.54 contact=true atk_n=1 def_n=1 str=75.12/81.00 coh=37.80/22.96 st=1/2 spd=1.400/0.000
DENSE 2630 sep=10.52 contact=true atk_n=1 def_n=1 str=74.96/80.88 coh=37.40/22.31 st=1/2 spd=1.400/0.000
DENSE 2640 sep=10.50 contact=true atk_n=1 def_n=1 str=74.80/80.76 coh=37.01/21.66 st=1/2 spd=1.400/0.000
DENSE 2650 sep=10.48 contact=true atk_n=1 def_n=1 str=74.64/80.65 coh=36.61/21.03 st=1/2 spd=1.400/0.000
DENSE 2660 sep=10.46 contact=true atk_n=1 def_n=1 str=74.49/80.53 coh=36.22/20.38 st=1/2 spd=1.400/0.000
DENSE 2670 sep=10.44 contact=true atk_n=1 def_n=1 str=74.33/80.41 coh=35.82/19.73 st=1/2 spd=1.400/0.000
DENSE 2680 sep=10.43 contact=true atk_n=1 def_n=1 str=74.17/80.29 coh=35.43/19.08 st=1/2 spd=1.400/0.000
DENSE 2690 sep=10.41 contact=true atk_n=1 def_n=1 str=74.01/80.18 coh=35.04/18.43 st=1/2 spd=1.400/0.000
DENSE 2700 sep=10.39 contact=true atk_n=1 def_n=1 str=73.86/80.06 coh=34.64/17.78 st=1/2 spd=1.400/0.000
DENSE 2710 sep=10.37 contact=true atk_n=1 def_n=1 str=73.70/79.95 coh=34.25/17.13 st=1/2 spd=1.400/0.000
DENSE 2720 sep=10.35 contact=true atk_n=1 def_n=1 str=73.54/79.83 coh=33.86/16.48 st=1/2 spd=1.400/0.000
DENSE 2730 sep=10.34 contact=true atk_n=1 def_n=1 str=73.39/79.71 coh=33.47/15.83 st=1/2 spd=1.400/0.000
DENSE 2740 sep=10.31 contact=true atk_n=1 def_n=1 str=73.23/79.60 coh=33.08/15.18 st=1/2 spd=1.400/0.000
DENSE 2750 sep=10.30 contact=true atk_n=1 def_n=1 str=73.08/79.48 coh=32.69/14.52 st=1/2 spd=1.400/0.000
DENSE 2760 sep=10.28 contact=true atk_n=1 def_n=1 str=72.92/79.37 coh=32.30/13.86 st=1/2 spd=1.400/0.000
DENSE 2770 sep=10.26 contact=true atk_n=1 def_n=1 str=72.76/79.25 coh=31.91/13.21 st=1/2 spd=1.400/0.000
DENSE 2780 sep=10.24 contact=true atk_n=1 def_n=1 str=72.61/79.14 coh=31.52/12.55 st=1/2 spd=1.400/0.000
DENSE 2790 sep=10.23 contact=true atk_n=1 def_n=1 str=72.45/79.02 coh=31.13/11.91 st=1/2 spd=1.400/0.000
DENSE 2800 sep=10.21 contact=true atk_n=1 def_n=1 str=72.30/78.91 coh=30.75/11.26 st=1/2 spd=1.400/0.000
DENSE 2810 sep=10.19 contact=true atk_n=1 def_n=1 str=72.14/78.80 coh=30.36/10.61 st=1/2 spd=1.400/0.000
[Scenario 01] Trace written: res://tests/traces/scenario_01_1000.csv
[Scenario 01] SUMMARY | winner=attacker | march=133.9s | combat=148.1s | flee=34.4s | winner_strength=71.99 | winner_cohesion=29.98
DENSE_SUMMARY ticks=3164 contact_ticks=1481 breaks=1 contact_pct=46.8 over=true
