Godot Engine v4.4.1.stable.official.49a5bc7b6 - https://godotengine.org

STALL_TRACE_START spears>cavalry seed=1000
[RNG] Battle seed set: 1000
[Scenario 01] Battle seed: 1000
STALL_HDR tick,atk_str,atk_coh,def_str,def_coh,atk_spd,def_spd,sep_m,contact,atk_state,def_state,atk_disp_m,def_disp_m
STALL_ROW 1,100.00,100.00,100.00,100.00,0.096,0.000,199.99,false,atk_n=0,def_n=0,0,5,0.01,0.00
STALL_ROW 50,100.00,100.00,100.00,100.00,1.400,0.000,193.95,false,atk_n=0,def_n=0,0,5,6.05,0.00
STALL_ROW 100,100.00,100.00,100.00,100.00,1.400,0.000,186.95,false,atk_n=0,def_n=0,0,5,13.05,0.00
STALL_ROW 150,100.00,100.00,100.00,100.00,1.400,0.000,179.95,false,atk_n=0,def_n=0,0,5,20.05,0.00
STALL_ROW 200,100.00,100.00,100.00,100.00,1.400,0.000,172.95,false,atk_n=0,def_n=0,0,5,27.05,0.00
STALL_ROW 250,100.00,100.00,100.00,100.00,1.400,0.000,165.95,false,atk_n=0,def_n=0,0,5,34.05,0.00
STALL_ROW 300,100.00,100.00,100.00,100.00,1.400,0.000,158.95,false,atk_n=0,def_n=0,0,5,41.05,0.00
STALL_ROW 350,100.00,100.00,100.00,100.00,1.400,0.000,151.95,false,atk_n=0,def_n=0,0,5,48.05,0.00
STALL_ROW 400,100.00,100.00,100.00,100.00,1.400,0.000,144.95,false,atk_n=0,def_n=0,0,5,55.05,0.00
STALL_ROW 450,100.00,100.00,100.00,100.00,1.400,0.000,137.95,false,atk_n=0,def_n=0,0,5,62.05,0.00
STALL_ROW 500,100.00,100.00,100.00,100.00,1.400,0.000,130.95,false,atk_n=0,def_n=0,0,5,69.05,0.00
STALL_ROW 550,100.00,100.00,100.00,100.00,1.400,0.000,123.95,false,atk_n=0,def_n=0,0,5,76.05,0.00
STALL_ROW 600,100.00,100.00,100.00,100.00,1.400,0.000,116.95,false,atk_n=0,def_n=0,0,5,83.05,0.00
STALL_ROW 650,100.00,100.00,100.00,100.00,1.400,0.000,109.95,false,atk_n=0,def_n=0,0,5,90.05,0.00
STALL_ROW 700,100.00,100.00,100.00,100.00,1.400,0.000,102.95,false,atk_n=0,def_n=0,0,5,97.05,0.00
STALL_ROW 750,100.00,100.00,100.00,100.00,1.400,0.000,95.95,false,atk_n=0,def_n=0,0,5,104.05,0.00
STALL_ROW 800,100.00,100.00,100.00,100.00,1.400,0.000,88.95,false,atk_n=0,def_n=0,0,5,111.05,0.00
STALL_ROW 850,100.00,100.00,100.00,100.00,1.400,0.000,81.95,false,atk_n=0,def_n=0,0,5,118.05,0.00
STALL_ROW 900,100.00,100.00,100.00,100.00,1.400,0.000,74.95,false,atk_n=0,def_n=0,0,5,125.05,0.00
STALL_ROW 950,100.00,100.00,100.00,100.00,1.400,0.000,67.95,false,atk_n=0,def_n=0,0,5,132.05,0.00
STALL_ROW 1000,100.00,100.00,100.00,100.00,1.400,0.000,60.95,false,atk_n=0,def_n=0,0,5,139.05,0.00
STALL_ROW 1050,100.00,100.00,100.00,100.00,1.400,0.000,53.95,false,atk_n=0,def_n=0,0,5,146.05,0.00
STALL_ROW 1100,100.00,100.00,100.00,100.00,1.400,0.000,46.95,false,atk_n=0,def_n=0,0,5,153.05,0.00
STALL_ROW 1150,100.00,100.00,100.00,100.00,1.400,0.000,39.95,false,atk_n=0,def_n=0,0,5,160.05,0.00
STALL_ROW 1200,100.00,100.00,100.00,100.00,1.400,0.000,32.95,false,atk_n=0,def_n=0,0,5,167.05,0.00
STALL_ROW 1250,100.00,100.00,100.00,100.00,1.400,0.000,25.95,false,atk_n=0,def_n=0,0,5,174.05,0.00
STALL_ROW 1300,100.00,100.00,100.00,100.00,1.400,0.000,18.95,false,atk_n=0,def_n=0,0,5,181.05,0.00
STALL_ROW 1350,99.67,99.16,99.73,99.06,1.400,0.000,13.49,true,atk_n=1,def_n=1,1,1,186.66,0.16
STALL_ROW 1400,98.31,95.76,98.63,95.20,1.400,0.000,13.33,true,atk_n=1,def_n=1,1,1,187.45,0.77
STALL_ROW 1450,97.00,92.49,97.59,91.50,1.400,0.000,13.16,true,atk_n=1,def_n=1,1,1,188.21,1.37
STALL_ROW 1500,95.74,89.35,96.59,87.95,1.400,0.000,13.01,true,atk_n=1,def_n=1,1,1,188.95,1.96
STALL_ROW 1550,94.53,86.33,95.64,84.51,1.400,0.000,12.86,true,atk_n=1,def_n=1,1,1,189.70,2.56
STALL_ROW 1600,93.37,83.41,94.74,81.19,1.400,0.000,12.71,true,atk_n=1,def_n=1,1,1,190.44,3.15
STALL_ROW 1650,92.24,80.61,93.89,77.98,1.400,0.000,12.58,true,atk_n=1,def_n=1,1,1,191.18,3.76
STALL_ROW 1700,91.16,77.91,93.08,74.87,1.400,0.000,12.45,true,atk_n=1,def_n=1,1,1,191.92,4.37
STALL_ROW 1750,90.12,75.30,92.31,71.86,1.400,0.000,12.33,true,atk_n=1,def_n=1,1,1,192.66,4.98
STALL_ROW 1800,89.11,72.79,91.58,68.96,1.400,0.000,12.21,true,atk_n=1,def_n=1,1,1,193.39,5.60
STALL_ROW 1850,88.14,70.36,90.88,66.14,1.400,0.000,12.09,true,atk_n=1,def_n=1,1,1,194.12,6.21
STALL_ROW 1900,87.21,68.02,90.19,63.34,1.400,0.000,11.98,true,atk_n=1,def_n=1,1,1,194.84,6.82
STALL_ROW 1950,86.30,65.76,89.51,60.55,1.400,0.000,11.88,true,atk_n=1,def_n=1,1,1,195.57,7.45
STALL_ROW 2000,85.43,63.57,88.83,57.74,1.400,0.000,11.77,true,atk_n=1,def_n=1,1,1,196.33,8.10
STALL_ROW 2050,84.56,61.40,88.16,55.00,1.400,0.000,11.66,true,atk_n=1,def_n=1,1,1,197.05,8.71
STALL_ROW 2100,83.70,59.25,87.50,52.26,1.400,0.000,11.56,true,atk_n=1,def_n=1,1,1,197.78,9.34
STALL_ROW 2150,82.85,57.12,86.84,49.54,1.400,0.000,11.45,true,atk_n=1,def_n=1,1,1,198.50,9.96
STALL_ROW 2200,82.00,55.00,86.19,46.79,1.400,0.000,11.35,true,atk_n=1,def_n=1,1,1,199.26,10.61
STALL_ROW 2250,81.16,52.89,85.55,44.07,1.400,0.000,11.25,true,atk_n=1,def_n=1,1,1,200.00,11.26
STALL_ROW 2300,80.32,50.80,84.92,41.39,1.400,0.000,11.15,true,atk_n=1,def_n=1,1,1,200.74,11.89
STALL_ROW 2350,79.49,48.73,84.29,38.69,1.400,0.000,11.05,true,atk_n=1,def_n=1,1,1,201.49,12.54
STALL_ROW 2400,78.67,46.67,83.66,35.99,1.400,0.000,10.95,true,atk_n=1,def_n=1,1,1,202.26,13.21
STALL_ROW 2450,77.85,44.63,83.05,33.26,1.400,0.000,10.86,true,atk_n=1,def_n=1,1,1,203.04,13.90
STALL_ROW 2500,77.04,42.60,82.44,30.59,1.400,0.000,10.75,true,atk_n=1,def_n=1,1,1,203.81,14.57
STALL_ROW 2550,76.24,40.59,81.83,27.49,1.400,0.000,10.67,true,atk_n=1,def_n=1,1,2,204.85,15.52
STALL_ROW 2600,75.44,38.59,81.24,24.27,1.400,0.000,10.58,true,atk_n=1,def_n=1,1,2,205.98,16.56
STALL_ROW 2650,74.64,36.61,80.65,21.03,1.400,0.000,10.48,true,atk_n=1,def_n=1,1,2,207.13,17.61
STALL_ROW 2700,73.86,34.64,80.06,17.78,1.400,0.000,10.39,true,atk_n=1,def_n=1,1,2,208.29,18.68
STALL_ROW 2750,73.08,32.69,79.48,14.52,1.400,0.000,10.30,true,atk_n=1,def_n=1,1,2,209.47,19.77
STALL_ROW 2800,72.30,30.75,78.91,11.26,1.400,0.000,10.21,true,atk_n=1,def_n=1,1,2,210.66,20.86
STALL_ROW 2850,71.99,29.98,78.39,9.24,1.400,0.000,21.57,false,atk_n=0,def_n=0,0,3,215.33,36.90
STALL_ROW 2900,71.99,29.98,78.39,9.24,1.360,0.000,42.90,false,atk_n=0,def_n=0,5,3,220.00,62.90
STALL_ROW 2950,71.99,29.98,78.39,9.24,1.360,0.000,68.90,false,atk_n=0,def_n=0,5,3,220.00,88.90
STALL_ROW 3000,71.99,29.98,78.39,9.24,1.360,0.000,94.90,false,atk_n=0,def_n=0,5,3,220.00,114.90
STALL_ROW 3050,71.99,29.98,78.39,9.24,1.360,0.000,120.90,false,atk_n=0,def_n=0,5,3,220.00,140.90
STALL_ROW 3100,71.99,29.98,78.39,9.24,1.360,0.000,146.90,false,atk_n=0,def_n=0,5,3,220.00,166.90
STALL_ROW 3150,71.99,29.98,78.39,9.24,1.360,0.000,172.90,false,atk_n=0,def_n=0,5,3,220.00,192.90
[Scenario 01] Trace written: res://tests/traces/scenario_01_1000.csv
[Scenario 01] SUMMARY | winner=attacker | march=133.9s | combat=148.1s | flee=34.4s | winner_strength=71.99 | winner_cohesion=29.98
STALL_ROW 3164,71.99,29.98,78.39,9.24,1.360,0.000,180.18,false,atk_n=0,def_n=0,5,6,220.00,200.18
STALL_SUMMARY ticks=3164 over=true winner=attacker breaks=1 max_sep_after200=180.18 atk_str=71.99 def_str=78.39 atk_coh=29.98 def_coh=9.24
