Godot Engine v4.4.1.stable.official.49a5bc7b6 - https://godotengine.org

[RNG] Battle seed set: 1000
[Scenario 01] Battle seed: 1000
DENSE_START engage_snap=1.0 contact_depth related via sep
DENSE 1320 sep=16.15 contact=false atk_n=0 def_n=0 str=100.00/100.00 coh=100.00/100.00 st=0/5 spd=1.400/0.000
DENSE 1321 sep=16.01 contact=false atk_n=0 def_n=0 str=100.00/100.00 coh=100.00/100.00 st=0/5 spd=1.400/0.000
DENSE 1322 sep=15.87 contact=false atk_n=0 def_n=0 str=100.00/100.00 coh=100.00/100.00 st=0/5 spd=1.400/0.000
DENSE 1323 sep=15.73 contact=false atk_n=0 def_n=0 str=100.00/100.00 coh=100.00/100.00 st=0/5 spd=1.400/0.000
DENSE 1324 sep=15.59 contact=false atk_n=0 def_n=0 str=100.00/100.00 coh=100.00/100.00 st=0/5 spd=1.400/0.000
DENSE 1325 sep=15.45 contact=false atk_n=0 def_n=0 str=100.00/100.00 coh=100.00/100.00 st=0/5 spd=1.400/0.000
DENSE 1326 sep=15.31 contact=false atk_n=0 def_n=0 str=100.00/100.00 coh=100.00/100.00 st=0/5 spd=1.400/0.000
DENSE 1327 sep=15.17 contact=false atk_n=0 def_n=0 str=100.00/100.00 coh=100.00/100.00 st=0/5 spd=1.400/0.000
DENSE 1328 sep=15.03 contact=false atk_n=0 def_n=0 str=100.00/100.00 coh=100.00/100.00 st=0/5 spd=1.400/0.000
DENSE 1329 sep=14.89 contact=false atk_n=0 def_n=0 str=100.00/100.00 coh=100.00/100.00 st=0/5 spd=1.400/0.000
DENSE 1330 sep=14.75 contact=false atk_n=0 def_n=0 str=100.00/100.00 coh=100.00/100.00 st=0/5 spd=1.400/0.000
DENSE 1331 sep=14.61 contact=false atk_n=0 def_n=0 str=100.00/100.00 coh=100.00/100.00 st=0/5 spd=1.400/0.000
DENSE 1332 sep=14.47 contact=false atk_n=0 def_n=0 str=100.00/100.00 coh=100.00/100.00 st=0/5 spd=1.400/0.000
DENSE 1333 sep=14.33 contact=false atk_n=0 def_n=0 str=100.00/100.00 coh=100.00/100.00 st=0/5 spd=1.400/0.000
DENSE 1334 sep=14.19 contact=false atk_n=0 def_n=0 str=100.00/100.00 coh=100.00/100.00 st=0/5 spd=1.400/0.000
DENSE 1335 sep=14.05 contact=false atk_n=0 def_n=0 str=100.00/100.00 coh=100.00/100.00 st=0/5 spd=1.400/0.000
DENSE 1336 sep=13.91 contact=false atk_n=0 def_n=0 str=100.00/100.00 coh=100.00/100.00 st=0/5 spd=1.400/0.000
DENSE 1337 sep=13.77 contact=false atk_n=0 def_n=0 str=100.00/100.00 coh=100.00/100.00 st=0/5 spd=1.400/0.000
DENSE 1338 sep=13.63 contact=false atk_n=0 def_n=0 str=100.00/100.00 coh=100.00/100.00 st=0/5 spd=1.400/0.000
DENSE 1339 sep=13.53 contact=true atk_n=1 def_n=1 str=99.97/99.98 coh=99.93/99.92 st=1/1 spd=1.400/0.000
DENSE 1340 sep=13.53 contact=false atk_n=0 def_n=0 str=99.97/99.98 coh=99.93/99.92 st=0/5 spd=1.400/0.000
DENSE 1341 sep=13.52 contact=true atk_n=1 def_n=1 str=99.94/99.95 coh=99.86/99.84 st=1/1 spd=1.400/0.000
DENSE 1342 sep=13.52 contact=false atk_n=0 def_n=0 str=99.94/99.95 coh=99.86/99.84 st=0/5 spd=1.400/0.000
DENSE 1343 sep=13.52 contact=true atk_n=1 def_n=1 str=99.92/99.93 coh=99.79/99.76 st=1/1 spd=1.400/0.000
DENSE 1344 sep=13.52 contact=false atk_n=0 def_n=0 str=99.92/99.93 coh=99.79/99.76 st=0/5 spd=1.400/0.000
DENSE 1345 sep=13.52 contact=true atk_n=1 def_n=1 str=99.89/99.91 coh=99.72/99.68 st=1/1 spd=1.400/0.000
DENSE 1346 sep=13.52 contact=false atk_n=0 def_n=0 str=99.89/99.91 coh=99.72/99.68 st=0/5 spd=1.400/0.000
DENSE 1347 sep=13.51 contact=true atk_n=1 def_n=1 str=99.86/99.89 coh=99.65/99.61 st=1/1 spd=1.400/0.000
DENSE 1348 sep=13.51 contact=false atk_n=0 def_n=0 str=99.86/99.89 coh=99.65/99.61 st=0/5 spd=1.400/0.000
DENSE 1349 sep=13.51 contact=true atk_n=1 def_n=1 str=99.83/99.86 coh=99.58/99.53 st=1/1 spd=1.400/0.000
DENSE 1350 sep=13.51 contact=false atk_n=0 def_n=0 str=99.83/99.86 coh=99.58/99.53 st=0/5 spd=1.400/0.000
DENSE 1351 sep=13.50 contact=true atk_n=1 def_n=1 str=99.80/99.84 coh=99.51/99.46 st=1/1 spd=1.400/0.000
DENSE 1352 sep=13.50 contact=false atk_n=0 def_n=0 str=99.80/99.84 coh=99.51/99.46 st=0/5 spd=1.400/0.000
DENSE 1353 sep=13.50 contact=true atk_n=1 def_n=1 str=99.78/99.82 coh=99.44/99.38 st=1/1 spd=1.400/0.000
DENSE 1354 sep=13.50 contact=false atk_n=0 def_n=0 str=99.78/99.82 coh=99.44/99.38 st=0/5 spd=1.400/0.000
DENSE 1355 sep=13.50 contact=true atk_n=1 def_n=1 str=99.75/99.80 coh=99.37/99.30 st=1/1 spd=1.400/0.000
DENSE 1356 sep=13.50 contact=false atk_n=0 def_n=0 str=99.75/99.80 coh=99.37/99.30 st=0/5 spd=1.400/0.000
DENSE 1357 sep=13.50 contact=true atk_n=1 def_n=1 str=99.72/99.77 coh=99.30/99.22 st=1/1 spd=1.400/0.000
DENSE 1358 sep=13.50 contact=false atk_n=0 def_n=0 str=99.72/99.77 coh=99.30/99.22 st=0/5 spd=1.400/0.000
DENSE 1359 sep=13.49 contact=true atk_n=1 def_n=1 str=99.69/99.75 coh=99.23/99.14 st=1/1 spd=1.400/0.000
DENSE 1360 sep=13.49 contact=false atk_n=0 def_n=0 str=99.69/99.75 coh=99.23/99.14 st=0/5 spd=1.400/0.000
DENSE 1361 sep=13.49 contact=true atk_n=1 def_n=1 str=99.67/99.73 coh=99.16/99.06 st=1/1 spd=1.400/0.000
DENSE 1362 sep=13.49 contact=false atk_n=0 def_n=0 str=99.67/99.73 coh=99.16/99.06 st=0/5 spd=1.400/0.000
DENSE 1363 sep=13.49 contact=true atk_n=1 def_n=1 str=99.64/99.71 coh=99.09/98.98 st=1/1 spd=1.400/0.000
DENSE 1364 sep=13.49 contact=false atk_n=0 def_n=0 str=99.64/99.71 coh=99.09/98.98 st=0/5 spd=1.400/0.000
DENSE 1365 sep=13.48 contact=true atk_n=1 def_n=1 str=99.61/99.68 coh=99.03/98.90 st=1/1 spd=1.400/0.000
DENSE 1366 sep=13.48 contact=false atk_n=0 def_n=0 str=99.61/99.68 coh=99.03/98.90 st=0/5 spd=1.400/0.000
DENSE 1367 sep=13.48 contact=true atk_n=1 def_n=1 str=99.58/99.66 coh=98.96/98.82 st=1/1 spd=1.400/0.000
DENSE 1368 sep=13.48 contact=false atk_n=0 def_n=0 str=99.58/99.66 coh=98.96/98.82 st=0/5 spd=1.400/0.000
DENSE 1369 sep=13.48 contact=true atk_n=1 def_n=1 str=99.55/99.64 coh=98.89/98.75 st=1/1 spd=1.400/0.000
DENSE 1370 sep=13.48 contact=false atk_n=0 def_n=0 str=99.55/99.64 coh=98.89/98.75 st=0/5 spd=1.400/0.000
DENSE 1371 sep=13.47 contact=true atk_n=1 def_n=1 str=99.53/99.62 coh=98.82/98.67 st=1/1 spd=1.400/0.000
DENSE 1372 sep=13.47 contact=false atk_n=0 def_n=0 str=99.53/99.62 coh=98.82/98.67 st=0/5 spd=1.400/0.000
DENSE 1373 sep=13.47 contact=true atk_n=1 def_n=1 str=99.50/99.59 coh=98.75/98.59 st=1/1 spd=1.400/0.000
DENSE 1374 sep=13.47 contact=false atk_n=0 def_n=0 str=99.50/99.59 coh=98.75/98.59 st=0/5 spd=1.400/0.000
DENSE 1375 sep=13.47 contact=true atk_n=1 def_n=1 str=99.47/99.57 coh=98.68/98.51 st=1/1 spd=1.400/0.000
DENSE 1376 sep=13.47 contact=false atk_n=0 def_n=0 str=99.47/99.57 coh=98.68/98.51 st=0/5 spd=1.400/0.000
DENSE 1377 sep=13.46 contact=true atk_n=1 def_n=1 str=99.44/99.55 coh=98.61/98.43 st=1/1 spd=1.400/0.000
DENSE 1378 sep=13.46 contact=false atk_n=0 def_n=0 str=99.44/99.55 coh=98.61/98.43 st=0/5 spd=1.400/0.000
DENSE 1379 sep=13.46 contact=true atk_n=1 def_n=1 str=99.42/99.53 coh=98.54/98.35 st=1/1 spd=1.400/0.000
DENSE 1380 sep=13.46 contact=false atk_n=0 def_n=0 str=99.42/99.53 coh=98.54/98.35 st=0/5 spd=1.400/0.000
DENSE 3550 sep=10.87 contact=false atk_n=0 def_n=0 str=77.95/83.12 coh=44.88/33.59 st=0/5 spd=1.400/0.000
DENSE 3551 sep=10.86 contact=true atk_n=1 def_n=1 str=77.93/83.11 coh=44.84/33.54 st=1/1 spd=1.400/0.000
DENSE 3552 sep=10.86 contact=false atk_n=0 def_n=0 str=77.93/83.11 coh=44.84/33.54 st=0/5 spd=1.400/0.000
DENSE 3553 sep=10.86 contact=true atk_n=1 def_n=1 str=77.92/83.10 coh=44.79/33.49 st=1/1 spd=1.400/0.000
DENSE 3554 sep=10.86 contact=false atk_n=0 def_n=0 str=77.92/83.10 coh=44.79/33.49 st=0/5 spd=1.400/0.000
DENSE 3555 sep=10.86 contact=true atk_n=1 def_n=1 str=77.90/83.08 coh=44.75/33.43 st=1/1 spd=1.400/0.000
DENSE 3556 sep=10.86 contact=false atk_n=0 def_n=0 str=77.90/83.08 coh=44.75/33.43 st=0/5 spd=1.400/0.000
DENSE 3557 sep=10.86 contact=true atk_n=1 def_n=1 str=77.89/83.07 coh=44.71/33.38 st=1/1 spd=1.400/0.000
DENSE 3558 sep=10.86 contact=false atk_n=0 def_n=0 str=77.89/83.07 coh=44.71/33.38 st=0/5 spd=1.400/0.000
DENSE 3559 sep=10.86 contact=true atk_n=1 def_n=1 str=77.87/83.06 coh=44.67/33.32 st=1/1 spd=1.400/0.000
DENSE 3560 sep=10.86 contact=false atk_n=0 def_n=0 str=77.87/83.06 coh=44.67/33.32 st=0/5 spd=1.400/0.000
DENSE 3561 sep=10.86 contact=true atk_n=1 def_n=1 str=77.85/83.05 coh=44.63/33.26 st=1/1 spd=1.400/0.000
DENSE 3562 sep=10.86 contact=false atk_n=0 def_n=0 str=77.85/83.05 coh=44.63/33.26 st=0/5 spd=1.400/0.000
DENSE 3563 sep=10.85 contact=true atk_n=1 def_n=1 str=77.84/83.04 coh=44.59/33.21 st=1/1 spd=1.400/0.000
DENSE 3564 sep=10.85 contact=false atk_n=0 def_n=0 str=77.84/83.04 coh=44.59/33.21 st=0/5 spd=1.400/0.000
DENSE 3565 sep=10.85 contact=true atk_n=1 def_n=1 str=77.82/83.02 coh=44.55/33.16 st=1/1 spd=1.400/0.000
DENSE 3566 sep=10.85 contact=false atk_n=0 def_n=0 str=77.82/83.02 coh=44.55/33.16 st=0/5 spd=1.400/0.000
DENSE 3567 sep=10.84 contact=true atk_n=1 def_n=1 str=77.80/83.01 coh=44.51/33.11 st=1/1 spd=1.400/0.000
DENSE 3568 sep=10.84 contact=false atk_n=0 def_n=0 str=77.80/83.01 coh=44.51/33.11 st=0/5 spd=1.400/0.000
DENSE 3569 sep=10.85 contact=true atk_n=1 def_n=1 str=77.79/83.00 coh=44.47/33.05 st=1/1 spd=1.400/0.000
DENSE 3570 sep=10.85 contact=false atk_n=0 def_n=0 str=77.79/83.00 coh=44.47/33.05 st=0/5 spd=1.400/0.000
DENSE 3571 sep=10.84 contact=true atk_n=1 def_n=1 str=77.77/82.99 coh=44.43/33.00 st=1/1 spd=1.400/0.000
DENSE 3572 sep=10.84 contact=false atk_n=0 def_n=0 str=77.77/82.99 coh=44.43/33.00 st=0/5 spd=1.400/0.000
DENSE 3573 sep=10.84 contact=true atk_n=1 def_n=1 str=77.76/82.97 coh=44.39/32.95 st=1/1 spd=1.400/0.000
DENSE 3574 sep=10.84 contact=false atk_n=0 def_n=0 str=77.76/82.97 coh=44.39/32.95 st=0/5 spd=1.400/0.000
DENSE 3575 sep=10.84 contact=true atk_n=1 def_n=1 str=77.74/82.96 coh=44.35/32.89 st=1/1 spd=1.400/0.000
DENSE 3576 sep=10.84 contact=false atk_n=0 def_n=0 str=77.74/82.96 coh=44.35/32.89 st=0/5 spd=1.400/0.000
DENSE 3577 sep=10.84 contact=true atk_n=1 def_n=1 str=77.72/82.95 coh=44.31/32.84 st=1/1 spd=1.400/0.000
DENSE 3578 sep=10.84 contact=false atk_n=0 def_n=0 str=77.72/82.95 coh=44.31/32.84 st=0/5 spd=1.400/0.000
DENSE 3579 sep=10.84 contact=true atk_n=1 def_n=1 str=77.71/82.94 coh=44.27/32.78 st=1/1 spd=1.400/0.000
DENSE 3580 sep=10.84 contact=false atk_n=0 def_n=0 str=77.71/82.94 coh=44.27/32.78 st=0/5 spd=1.400/0.000
DENSE 3581 sep=10.70 contact=false atk_n=0 def_n=0 str=77.71/82.94 coh=44.27/32.78 st=0/5 spd=1.360/0.000
DENSE 3582 sep=10.70 contact=false atk_n=0 def_n=0 str=77.71/82.94 coh=44.27/32.78 st=0/5 spd=1.360/0.000
DENSE 3583 sep=10.70 contact=false atk_n=0 def_n=0 str=77.71/82.94 coh=44.27/32.78 st=0/5 spd=1.360/0.000
DENSE 3584 sep=10.70 contact=false atk_n=0 def_n=0 str=77.71/82.94 coh=44.27/32.78 st=0/5 spd=1.360/0.000
DENSE 3585 sep=10.70 contact=false atk_n=0 def_n=0 str=77.71/82.94 coh=44.27/32.78 st=0/5 spd=1.360/0.000
DENSE 3586 sep=10.70 contact=false atk_n=0 def_n=0 str=77.71/82.94 coh=44.27/32.78 st=0/5 spd=1.360/0.000
DENSE 3587 sep=10.70 contact=false atk_n=0 def_n=0 str=77.71/82.94 coh=44.27/32.78 st=0/5 spd=1.360/0.000
DENSE 3588 sep=10.70 contact=false atk_n=0 def_n=0 str=77.71/82.94 coh=44.27/32.78 st=0/5 spd=1.360/0.000
DENSE 3589 sep=10.70 contact=false atk_n=0 def_n=0 str=77.71/82.94 coh=44.27/32.78 st=0/5 spd=1.360/0.000
DENSE 3590 sep=10.70 contact=false atk_n=0 def_n=0 str=77.71/82.94 coh=44.27/32.78 st=0/5 spd=1.360/0.000
DENSE 3591 sep=10.70 contact=false atk_n=0 def_n=0 str=77.71/82.94 coh=44.27/32.78 st=0/5 spd=1.360/0.000
DENSE 3592 sep=10.70 contact=false atk_n=0 def_n=0 str=77.71/82.94 coh=44.27/32.78 st=0/5 spd=1.360/0.000
DENSE 3593 sep=10.70 contact=false atk_n=0 def_n=0 str=77.71/82.94 coh=44.27/32.78 st=0/5 spd=1.360/0.000
DENSE 3594 sep=10.70 contact=false atk_n=0 def_n=0 str=77.71/82.94 coh=44.27/32.78 st=0/5 spd=1.360/0.000
DENSE 3595 sep=10.70 contact=false atk_n=0 def_n=0 str=77.71/82.94 coh=44.27/32.78 st=0/5 spd=1.360/0.000
DENSE 3596 sep=10.70 contact=false atk_n=0 def_n=0 str=77.71/82.94 coh=44.27/32.78 st=0/5 spd=1.360/0.000
DENSE 3597 sep=10.70 contact=false atk_n=0 def_n=0 str=77.71/82.94 coh=44.27/32.78 st=0/5 spd=1.360/0.000
DENSE 3598 sep=10.70 contact=false atk_n=0 def_n=0 str=77.71/82.94 coh=44.27/32.78 st=0/5 spd=1.360/0.000
DENSE 3599 sep=10.70 contact=false atk_n=0 def_n=0 str=77.71/82.94 coh=44.27/32.78 st=0/5 spd=1.360/0.000
DENSE 3600 sep=10.70 contact=false atk_n=0 def_n=0 str=77.71/82.94 coh=44.27/32.78 st=0/5 spd=1.360/0.000
DENSE 3601 sep=10.70 contact=false atk_n=0 def_n=0 str=77.71/82.94 coh=44.27/32.78 st=0/5 spd=1.360/0.000
DENSE 3602 sep=10.70 contact=false atk_n=0 def_n=0 str=77.71/82.94 coh=44.27/32.78 st=0/5 spd=1.360/0.000
DENSE 3603 sep=10.70 contact=false atk_n=0 def_n=0 str=77.71/82.94 coh=44.27/32.78 st=0/5 spd=1.360/0.000
DENSE 3604 sep=10.70 contact=false atk_n=0 def_n=0 str=77.71/82.94 coh=44.27/32.78 st=0/5 spd=1.360/0.000
DENSE 3605 sep=10.70 contact=false atk_n=0 def_n=0 str=77.71/82.94 coh=44.27/32.78 st=0/5 spd=1.360/0.000
DENSE 3606 sep=10.70 contact=false atk_n=0 def_n=0 str=77.71/82.94 coh=44.27/32.78 st=0/5 spd=1.360/0.000
DENSE 3607 sep=10.70 contact=false atk_n=0 def_n=0 str=77.71/82.94 coh=44.27/32.78 st=0/5 spd=1.360/0.000
DENSE 3608 sep=10.70 contact=false atk_n=0 def_n=0 str=77.71/82.94 coh=44.27/32.78 st=0/5 spd=1.360/0.000
DENSE 3609 sep=10.70 contact=false atk_n=0 def_n=0 str=77.71/82.94 coh=44.27/32.78 st=0/5 spd=1.360/0.000
DENSE 3610 sep=10.70 contact=false atk_n=0 def_n=0 str=77.71/82.94 coh=44.27/32.78 st=0/5 spd=1.360/0.000
DENSE 3611 sep=10.70 contact=false atk_n=0 def_n=0 str=77.71/82.94 coh=44.27/32.78 st=0/5 spd=1.360/0.000
DENSE 3612 sep=10.70 contact=false atk_n=0 def_n=0 str=77.71/82.94 coh=44.27/32.78 st=0/5 spd=1.360/0.000
DENSE 3613 sep=10.70 contact=false atk_n=0 def_n=0 str=77.71/82.94 coh=44.27/32.78 st=0/5 spd=1.360/0.000
DENSE 3614 sep=10.70 contact=false atk_n=0 def_n=0 str=77.71/82.94 coh=44.27/32.78 st=0/5 spd=1.360/0.000
DENSE 3615 sep=10.70 contact=false atk_n=0 def_n=0 str=77.71/82.94 coh=44.27/32.78 st=0/5 spd=1.360/0.000
DENSE 3616 sep=10.70 contact=false atk_n=0 def_n=0 str=77.71/82.94 coh=44.27/32.78 st=0/5 spd=1.360/0.000
DENSE 3617 sep=10.70 contact=false atk_n=0 def_n=0 str=77.71/82.94 coh=44.27/32.78 st=0/5 spd=1.360/0.000
DENSE 3618 sep=10.70 contact=false atk_n=0 def_n=0 str=77.71/82.94 coh=44.27/32.78 st=0/5 spd=1.360/0.000
DENSE 3619 sep=10.70 contact=false atk_n=0 def_n=0 str=77.71/82.94 coh=44.27/32.78 st=0/5 spd=1.360/0.000
DENSE 3620 sep=10.70 contact=false atk_n=0 def_n=0 str=77.71/82.94 coh=44.27/32.78 st=0/5 spd=1.360/0.000
DENSE_SUMMARY ticks=4500 contact_ticks=1121 breaks=1121 contact_pct=24.9 over=false
