[truncated]
verlap detected at tick 4125 between attacker and defender (enemy)
   at: push_error (core/variant/variant_utility.cpp:1098)
ERROR: Overlap detected at tick 4126 between attacker and defender (enemy)
   at: push_error (core/variant/variant_utility.cpp:1098)
ERROR: Overlap detected at tick 4127 between attacker and defender (enemy)
   at: push_error (core/variant/variant_utility.cpp:1098)
ERROR: Overlap detected at tick 4128 between attacker and defender (enemy)
   at: push_error (core/variant/variant_utility.cpp:1098)
ERROR: Overlap detected at tick 4129 between attacker and defender (enemy)
   at: push_error (core/variant/variant_utility.cpp:1098)
ERROR: Overlap detected at tick 4130 between attacker and defender (enemy)
   at: push_error (core/variant/variant_utility.cpp:1098)
ERROR: Overlap detected at tick 4131 between attacker and defender (enemy)
   at: push_error (core/variant/variant_utility.cpp:1098)
ERROR: Overlap detected at tick 4132 between attacker and defender (enemy)
   at: push_error (core/variant/variant_utility.cpp:1098)
ERROR: Overlap detected at tick 4133 between attacker and defender (enemy)
   at: push_error (core/variant/variant_utility.cpp:1098)
ERROR: Overlap detected at tick 4134 between attacker and defender (enemy)
   at: push_error (core/variant/variant_utility.cpp:1098)
ERROR: Overlap detected at tick 4135 between attacker and defender (enemy)
   at: push_error (core/variant/variant_utility.cpp:1098)
ERROR: Overlap detected at tick 4136 between attacker and defender (enemy)
   at: push_error (core/variant/variant_utility.cpp:1098)
ERROR: Overlap detected at tick 4137 between attacker and defender (enemy)
   at: push_error (core/variant/variant_utility.cpp:1098)
ERROR: Overlap detected at tick 4138 between attacker and defender (enemy)
   at: push_error (core/variant/variant_utility.cpp:1098)
ERROR: Overlap detected at tick 4139 between attacker and defender (enemy)
   at: push_error (core/variant/variant_utility.cpp:1098)
ERROR: Overlap detected at tick 4140 between attacker and defender (enemy)
   at: push_error (core/variant/variant_utility.cpp:1098)
ERROR: Overlap detected at tick 4141 between attacker and defender (enemy)
   at: push_error (core/variant/variant_utility.cpp:1098)
ERROR: Overlap detected at tick 4142 between attacker and defender (enemy)
   at: push_error (core/variant/variant_utility.cpp:1098)
ERROR: Overlap detected at tick 4143 between attacker and defender (enemy)
   at: push_error (core/variant/variant_utility.cpp:1098)
ERROR: Overlap detected at tick 4144 between attacker and defender (enemy)
   at: push_error (core/variant/variant_utility.cpp:1098)
ERROR: Overlap detected at tick 4145 between attacker and defender (enemy)
   at: push_error (core/variant/variant_utility.cpp:1098)
ERROR: Overlap detected at tick 4146 between attacker and defender (enemy)
   at: push_error (core/variant/variant_utility.cpp:1098)
ERROR: Overlap detected at tick 4147 between attacker and defender (enemy)
   at: push_error (core/variant/variant_utility.cpp:1098)
ERROR: Overlap detected at tick 4148 between attacker and defender (enemy)
   at: push_error (core/variant/variant_utility.cpp:1098)
ERROR: Overlap detected at tick 4149 between attacker and defender (enemy)
   at: push_error (core/variant/variant_utility.cpp:1098)
ERROR: Overlap detected at tick 4150 between attacker and defender (enemy)
   at: push_error (core/variant/variant_utility.cpp:1098)
ERROR: Overlap detected at tick 4151 between attacker and defender (enemy)
   at: push_error (core/variant/variant_utility.cpp:1098)
ERROR: Overlap detected at tick 4152 between attacker and defender (enemy)
   at: push_error (core/variant/variant_utility.cpp:1098)
ERROR: Overlap detected at tick 4153 between attacker and defender (enemy)
   at: push_error (core/variant/variant_utility.cpp:1098)
ERROR: Overlap detected at tick 4154 between attacker and defender (enemy)
   at: push_error (core/variant/variant_utility.cpp:1098)
ERROR: Overlap detected at tick 4155 between attacker and defender (enemy)
   at: push_error (core/variant/variant_utility.cpp:1098)
ERROR: Overlap detected at tick 4156 between attacker and defender (enemy)
   at: push_error (core/variant/variant_utility.cpp:1098)
ERROR: Overlap detected at tick 4157 between attacker and defender (enemy)
   at: push_error (core/variant/variant_utility.cpp:1098)
ERROR: Overlap detected at tick 4158 between attacker and defender (enemy)
   at: push_error (core/variant/variant_utility.cpp:1098)
ERROR: Overlap detected at tick 4159 between attacker and defender (enemy)
   at: push_error (core/variant/variant_utility.cpp:1098)
ERROR: Overlap detected at tick 4160 between attacker and defender (enemy)
   at: push_error (core/variant/variant_utility.cpp:1098)
ERROR: Overlap detected at tick 4161 between attacker and defender (enemy)
   at: push_error (core/variant/variant_utility.cpp:1098)
ERROR: Overlap detected at tick 4162 between attacker and defender (enemy)
   at: push_error (core/variant/variant_utility.cpp:1098)
ERROR: Overlap detected at tick 4163 between attacker and defender (enemy)
   at: push_error (core/variant/variant_utility.cpp:1098)
ERROR: Overlap detected at tick 4164 between attacker and defender (enemy)
   at: push_error (core/variant/variant_utility.cpp:1098)
ERROR: Overlap detected at tick 4165 between attacker and defender (enemy)
   at: push_error (core/variant/variant_utility.cpp:1098)
ERROR: Overlap detected at tick 4166 between attacker and defender (enemy)
   at: push_error (core/variant/variant_utility.cpp:1098)
ERROR: Overlap detected at tick 4167 between attacker and defender (enemy)
   at: push_error (core/variant/variant_utility.cpp:1098)
ERROR: Overlap detected at tick 4168 between attacker and defender (enemy)
   at: push_error (core/variant/variant_utility.cpp:1098)
ERROR: Overlap detected at tick 4169 between attacker and defender (enemy)
   at: push_error (core/variant/variant_utility.cpp:1098)
ERROR: Overlap detected at tick 4170 between attacker and defender (enemy)
   at: push_error (core/variant/variant_utility.cpp:1098)
ERROR: Overlap detected at tick 4171 between attacker and defender (enemy)
   at: push_error (core/variant/variant_utility.cpp:1098)
ERROR: Overlap detected at tick 4172 between attacker and defender (enemy)
   at: push_error (core/variant/variant_utility.cpp:1098)
ERROR: Overlap detected at tick 4173 between attacker and defender (enemy)
   at: push_error (core/variant/variant_utility.cpp:1098)
ERROR: Overlap detected at tick 4174 between attacker and defender (enemy)
   at: push_error (core/variant/variant_utility.cpp:1098)
ERROR: Overlap detected at tick 4175 between attacker and defender (enemy)
   at: push_error (core/variant/variant_utility.cpp:1098)
ERROR: Overlap detected at tick 4176 between attacker and defender (enemy)
   at: push_error (core/variant/variant_utility.cpp:1098)
ERROR: Overlap detected at tick 4177 between attacker and defender (enemy)
   at: push_error (core/variant/variant_utility.cpp:1098)
ERROR: Overlap detected at tick 4178 between attacker and defender (enemy)
   at: push_error (core/variant/variant_utility.cpp:1098)
ERROR: Overlap detected at tick 4179 between attacker and defender (enemy)
   at: push_error (core/variant/variant_utility.cpp:1098)
ERROR: Overlap detected at tick 4180 between attacker and defender (enemy)
   at: push_error (core/variant/variant_utility.cpp:1098)
ERROR: Overlap detected at tick 4181 between attacker and defender (enemy)
   at: push_error (core/variant/variant_utility.cpp:1098)
ERROR: Overlap detected at tick 4182 between attacker and defender (enemy)
   at: push_error (core/variant/variant_utility.cpp:1098)
ERROR: Overlap detected at tick 4183 between attacker and defender (enemy)
   at: push_error (core/variant/variant_utility.cpp:1098)
ERROR: Overlap detected at tick 4184 between attacker and defender (enemy)
   at: push_error (core/variant/variant_utility.cpp:1098)
ERROR: Overlap detected at tick 4185 between attacker and defender (enemy)
   at: push_error (core/variant/variant_utility.cpp:1098)
ERROR: Overlap detected at tick 4186 between attacker and defender (enemy)
   at: push_error (core/variant/variant_utility.cpp:1098)
ERROR: Overlap detected at tick 4187 between attacker and defender (enemy)
   at: push_error (core/variant/variant_utility.cpp:1098)
ERROR: Overlap detected at tick 4188 between attacker and defender (enemy)
   at: push_error (core/variant/variant_utility.cpp:1098)
ERROR: Overlap detected at tick 4189 between attacker and defender (enemy)
   at: push_error (core/variant/variant_utility.cpp:1098)
ERROR: Overlap detected at tick 4190 between attacker and defender (enemy)
   at: push_error (core/variant/variant_utility.cpp:1098)
ERROR: Overlap detected at tick 4191 between attacker and defender (enemy)
   at: push_error (core/variant/variant_utility.cpp:1098)
ERROR: Overlap detected at tick 4192 between attacker and defender (enemy)
   at: push_error (core/variant/variant_utility.cpp:1098)
ERROR: Overlap detected at tick 4193 between attacker and defender (enemy)
   at: push_error (core/variant/variant_utility.cpp:1098)
ERROR: Overlap detected at tick 4194 between attacker and defender (enemy)
   at: push_error (core/variant/variant_utility.cpp:1098)
ERROR: Overlap detected at tick 4195 between attacker and defender (enemy)
   at: push_error (core/variant/variant_utility.cpp:1098)
ERROR: Overlap detected at tick 4196 between attacker and defender (enemy)
   at: push_error (core/variant/variant_utility.cpp:1098)
ERROR: Overlap detected at tick 4197 between attacker and defender (enemy)
   at: push_error (core/variant/variant_utility.cpp:1098)
ERROR: Overlap detected at tick 4198 between attacker and defender (enemy)
   at: push_error (core/variant/variant_utility.cpp:1098)
ERROR: Overlap detected at tick 4199 between attacker and defender (enemy)
   at: push_error (core/variant/variant_utility.cpp:1098)
ERROR: Overlap detected at tick 4200 between attacker and defender (enemy)
   at: push_error (core/variant/variant_utility.cpp:1098)
ERROR: Overlap detected at tick 4201 between attacker and defender (enemy)
   at: push_error (core/variant/variant_utility.cpp:1098)
ERROR: Overlap detected at tick 4202 between attacker and defender (enemy)
   at: push_error (core/variant/variant_utility.cpp:1098)
ERROR: Overlap detected at tick 4203 between attacker and defender (enemy)
   at: push_error (core/variant/variant_utility.cpp:1098)
ERROR: Overlap detected at tick 4204 between attacker and defender (enemy)
   at: push_error (core/variant/variant_utility.cpp:1098)
ERROR: Overlap detected at tick 4205 between attacker and defender (enemy)
   at: push_error (core/variant/variant_utility.cpp:1098)
ERROR: Overlap detected at tick 4206 between attacker and defender (enemy)
   at: push_error (core/variant/variant_utility.cpp:1098)
ERROR: Overlap detected at tick 4207 between attacker and defender (enemy)
   at: push_error (core/variant/variant_utility.cpp:1098)
ERROR: Overlap detected at tick 4208 between attacker and defender (enemy)
   at: push_error (core/variant/variant_utility.cpp:1098)
ERROR: Overlap detected at tick 4209 between attacker and defender (enemy)
   at: push_error (core/variant/variant_utility.cpp:1098)
ERROR: Overlap detected at tick 4210 between attacker and defender (enemy)
   at: push_error (core/variant/variant_utility.cpp:1098)
ERROR: Overlap detected at tick 4211 between attacker and defender (enemy)
   at: push_error (core/variant/variant_utility.cpp:1098)
ERROR: Overlap detected at tick 4212 between attacker and defender (enemy)
   at: push_error (core/variant/variant_utility.cpp:1098)
ERROR: Overlap detected at tick 4213 between attacker and defender (enemy)
   at: push_error (core/variant/variant_utility.cpp:1098)
ERROR: Overlap detected at tick 4214 between attacker and defender (enemy)
   at: push_error (core/variant/variant_utility.cpp:1098)
ERROR: Overlap detected at tick 4215 between attacker and defender (enemy)
   at: push_error (core/variant/variant_utility.cpp:1098)
ERROR: Overlap detected at tick 4216 between attacker and defender (enemy)
   at: push_error (core/variant/variant_utility.cpp:1098)
ERROR: Overlap detected at tick 4217 between attacker and defender (enemy)
   at: push_error (core/variant/variant_utility.cpp:1098)
ERROR: Overlap detected at tick 4218 between attacker and defender (enemy)
   at: push_error (core/variant/variant_utility.cpp:1098)
ERROR: Overlap detected at tick 4219 between attacker and defender (enemy)
   at: push_error (core/variant/variant_utility.cpp:1098)
ERROR: Overlap detected at tick 4220 between attacker and defender (enemy)
   at: push_error (core/variant/variant_utility.cpp:1098)
ERROR: Overlap detected at tick 4221 between attacker and defender (enemy)
   at: push_error (core/variant/variant_utility.cpp:1098)
ERROR: Overlap detected at tick 4222 between attacker and defender (enemy)
   at: push_error (core/variant/variant_utility.cpp:1098)
ERROR: Overlap detected at tick 4223 between attacker and defender (enemy)
   at: push_error (core/variant/variant_utility.cpp:1098)
ERROR: Overlap detected at tick 4224 between attacker and defender (enemy)
   at: push_error (core/variant/variant_utility.cpp:1098)
ERROR: Overlap detected at tick 4225 between attacker and defender (enemy)
   at: push_error (core/variant/variant_utility.cpp:1098)
ERROR: Overlap detected at tick 4226 between attacker and defender (enemy)
   at: push_error (core/variant/variant_utility.cpp:1098)
ERROR: Overlap detected at tick 4227 between attacker and defender (enemy)
   at: push_error (core/variant/variant_utility.cpp:1098)
ERROR: Overlap detected at tick 4228 between attacker and defender (enemy)
   at: push_error (core/variant/variant_utility.cpp:1098)
ERROR: Overlap detected at tick 4229 between attacker and defender (enemy)
   at: push_error (core/variant/variant_utility.cpp:1098)
ERROR: Overlap detected at tick 4230 between attacker and defender (enemy)
   at: push_error (core/variant/variant_utility.cpp:1098)
ERROR: Overlap detected at tick 4231 between attacker and defender (enemy)
   at: push_error (core/variant/variant_utility.cpp:1098)
ERROR: Overlap detected at tick 4232 between attacker and defender (enemy)
   at: push_error (core/variant/variant_utility.cpp:1098)
ERROR: Overlap detected at tick 4233 between attacker and defender (enemy)
   at: push_error (core/variant/variant_utility.cpp:1098)
ERROR: Overlap detected at tick 4234 between attacker and defender (enemy)
   at: push_error (core/variant/variant_utility.cpp:1098)
ERROR: Overlap detected at tick 4235 between attacker and defender (enemy)
   at: push_error (core/variant/variant_utility.cpp:1098)
ERROR: Overlap detected at tick 4236 between attacker and defender (enemy)
   at: push_error (core/variant/variant_utility.cpp:1098)
ERROR: Overlap detected at tick 4237 between attacker and defender (enemy)
   at: push_error (core/variant/variant_utility.cpp:1098)
ERROR: Overlap detected at tick 4238 between attacker and defender (enemy)
   at: push_error (core/variant/variant_utility.cpp:1098)
ERROR: Overlap detected at tick 4239 between attacker and defender (enemy)
   at: push_error (core/variant/variant_utility.cpp:1098)
ERROR: Overlap detected at tick 4240 between attacker and defender (enemy)
   at: push_error (core/variant/variant_utility.cpp:1098)
ERROR: Overlap detected at tick 4241 between attacker and defender (enemy)
   at: push_error (core/variant/variant_utility.cpp:1098)
ERROR: Overlap detected at tick 4242 between attacker and defender (enemy)
   at: push_error (core/variant/variant_utility.cpp:1098)
ERROR: Overlap detected at tick 4243 between attacker and defender (enemy)
   at: push_error (core/variant/variant_utility.cpp:1098)
ERROR: Overlap detected at tick 4244 between attacker and defender (enemy)
   at: push_error (core/variant/variant_utility.cpp:1098)
ERROR: Overlap detected at tick 4245 between attacker and defender (enemy)
   at: push_error (core/variant/variant_utility.cpp:1098)
ERROR: Overlap detected at tick 4246 between attacker and defender (enemy)
   at: push_error (core/variant/variant_utility.cpp:1098)
ERROR: Overlap detected at tick 4247 between attacker and defender (enemy)
   at: push_error (core/variant/variant_utility.cpp:1098)
ERROR: Overlap detected at tick 4248 between attacker and defender (enemy)
   at: push_error (core/variant/variant_utility.cpp:1098)
ERROR: Overlap detected at tick 4249 between attacker and defender (enemy)
   at: push_error (core/variant/variant_utility.cpp:1098)
ERROR: Overlap detected at tick 4250 between attacker and defender (enemy)
   at: push_error (core/variant/variant_utility.cpp:1098)
ERROR: Overlap detected at tick 4251 between attacker and defender (enemy)
   at: push_error (core/variant/variant_utility.cpp:1098)
ERROR: Overlap detected at tick 4252 between attacker and defender (enemy)
   at: push_error (core/variant/variant_utility.cpp:1098)
ERROR: Overlap detected at tick 4253 between attacker and defender (enemy)
   at: push_error (core/variant/variant_utility.cpp:1098)
ERROR: Overlap detected at tick 4254 between attacker and defender (enemy)
   at: push_error (core/variant/variant_utility.cpp:1098)
ERROR: Overlap detected at tick 4255 between attacker and defender (enemy)
   at: push_error (core/variant/variant_utility.cpp:1098)
ERROR: Overlap detected at tick 4256 between attacker and defender (enemy)
   at: push_error (core/variant/variant_utility.cpp:1098)
ERROR: Overlap detected at tick 4257 between attacker and defender (enemy)
   at: push_error (core/variant/variant_utility.cpp:1098)
ERROR: Overlap detected at tick 4258 between attacker and defender (enemy)
   at: push_error (core/variant/variant_utility.cpp:1098)
ERROR: Overlap detected at tick 4259 between attacker and defender (enemy)
   at: push_error (core/variant/variant_utility.cpp:1098)
ERROR: Overlap detected at tick 4260 between attacker and defender (enemy)
   at: push_error (core/variant/variant_utility.cpp:1098)
ERROR: Overlap detected at tick 4261 between attacker and defender (enemy)
   at: push_error (core/variant/variant_utility.cpp:1098)
ERROR: Overlap detected at tick 4262 between attacker and defender (enemy)
   at: push_error (core/variant/variant_utility.cpp:1098)
ERROR: Overlap detected at tick 4263 between attacker and defender (enemy)
   at: push_error (core/variant/variant_utility.cpp:1098)
ERROR: Overlap detected at tick 4264 between attacker and defender (enemy)
   at: push_error (core/variant/variant_utility.cpp:1098)
ERROR: Overlap detected at tick 4265 between attacker and defender (enemy)
   at: push_error (core/variant/variant_utility.cpp:1098)
ERROR: Overlap detected at tick 4266 between attacker and defender (enemy)
   at: push_error (core/variant/variant_utility.cpp:1098)
ERROR: Overlap detected at tick 4267 between attacker and defender (enemy)
   at: push_error (core/variant/variant_utility.cpp:1098)
ERROR: Overlap detected at tick 4268 between attacker and defender (enemy)
   at: push_error (core/variant/variant_utility.cpp:1098)
ERROR: Overlap detected at tick 4269 between attacker and defender (enemy)
   at: push_error (core/variant/variant_utility.cpp:1098)
ERROR: Overlap detected at tick 4270 between attacker and defender (enemy)
   at: push_error (core/variant/variant_utility.cpp:1098)
ERROR: Overlap detected at tick 4271 between attacker and defender (enemy)
   at: push_error (core/variant/variant_utility.cpp:1098)
ERROR: Overlap detected at tick 4272 between attacker and defender (enemy)
   at: push_error (core/variant/variant_utility.cpp:1098)
ERROR: Overlap detected at tick 4273 between attacker and defender (enemy)
   at: push_error (core/variant/variant_utility.cpp:1098)
ERROR: Overlap detected at tick 4274 between attacker and defender (enemy)
   at: push_error (core/variant/variant_utility.cpp:1098)
ERROR: Overlap detected at tick 4275 between attacker and defender (enemy)
   at: push_error (core/variant/variant_utility.cpp:1098)
ERROR: Overlap detected at tick 4276 between attacker and defender (enemy)
   at: push_error (core/variant/variant_utility.cpp:1098)
ERROR: Overlap detected at tick 4277 between attacker and defender (enemy)
   at: push_error (core/variant/variant_utility.cpp:1098)
ERROR: Overlap detected at tick 4278 between attacker and defender (enemy)
   at: push_error (core/variant/variant_utility.cpp:1098)
ERROR: Overlap detected at tick 4279 between attacker and defender (enemy)
   at: push_error (core/variant/variant_utility.cpp:1098)
ERROR: Overlap detected at tick 4280 between attacker and defender (enemy)
   at: push_error (core/variant/variant_utility.cpp:1098)
ERROR: Overlap detected at tick 4281 between attacker and defender (enemy)
   at: push_error (core/variant/variant_utility.cpp:1098)
ERROR: Overlap detected at tick 4282 between attacker and defender (enemy)
   at: push_error (core/variant/variant_utility.cpp:1098)
ERROR: Overlap detected at tick 4283 between attacker and defender (enemy)
   at: push_error (core/variant/variant_utility.cpp:1098)
ERROR: Overlap detected at tick 4284 between attacker and defender (enemy)
   at: push_error (core/variant/variant_utility.cpp:1098)
ERROR: Overlap detected at tick 4285 between attacker and defender (enemy)
   at: push_error (core/variant/variant_utility.cpp:1098)
ERROR: Overlap detected at tick 4286 between attacker and defender (enemy)
   at: push_error (core/variant/variant_utility.cpp:1098)
ERROR: Overlap detected at tick 4287 between attacker and defender (enemy)
   at: push_error (core/variant/variant_utility.cpp:1098)
ERROR: Overlap detected at tick 4288 between attacker and defender (enemy)
   at: push_error (core/variant/variant_utility.cpp:1098)
ERROR: Overlap detected at tick 4289 between attacker and defender (enemy)
   at: push_error (core/variant/variant_utility.cpp:1098)
ERROR: Overlap detected at tick 4290 between attacker and defender (enemy)
   at: push_error (core/variant/variant_utility.cpp:1098)
ERROR: Overlap detected at tick 4291 between attacker and defender (enemy)
   at: push_error (core/variant/variant_utility.cpp:1098)
ERROR: Overlap detected at tick 4292 between attacker and defender (enemy)
   at: push_error (core/variant/variant_utility.cpp:1098)
ERROR: Overlap detected at tick 4293 between attacker and defender (enemy)
   at: push_error (core/variant/variant_utility.cpp:1098)
ERROR: Overlap detected at tick 4294 between attacker and defender (enemy)
   at: push_error (core/variant/variant_utility.cpp:1098)
ERROR: Overlap detected at tick 4295 between attacker and defender (enemy)
   at: push_error (core/variant/variant_utility.cpp:1098)
ERROR: Overlap detected at tick 4296 between attacker and defender (enemy)
   at: push_error (core/variant/variant_utility.cpp:1098)
ERROR: Overlap detected at tick 4297 between attacker and defender (enemy)
   at: push_error (core/variant/variant_utility.cpp:1098)
ERROR: Overlap detected at tick 4298 between attacker and defender (enemy)
   at: push_error (core/variant/variant_utility.cpp:1098)
ERROR: Overlap detected at tick 4299 between attacker and defender (enemy)
   at: push_error (core/variant/variant_utility.cpp:1098)
ERROR: Overlap detected at tick 4300 between attacker and defender (enemy)
   at: push_error (core/variant/variant_utility.cpp:1098)
ERROR: Overlap detected at tick 4301 between attacker and defender (enemy)
   at: push_error (core/variant/variant_utility.cpp:1098)
ERROR: Overlap detected at tick 4302 between attacker and defender (enemy)
   at: push_error (core/variant/variant_utility.cpp:1098)
ERROR: Overlap detected at tick 4303 between attacker and defender (enemy)
   at: push_error (core/variant/variant_utility.cpp:1098)
ERROR: Overlap detected at tick 4304 between attacker and defender (enemy)
   at: push_error (core/variant/variant_utility.cpp:1098)
ERROR: Overlap detected at tick 4305 between attacker and defender (enemy)
   at: push_error (core/variant/variant_utility.cpp:1098)
ERROR: Overlap detected at tick 4306 between attacker and defender (enemy)
   at: push_error (core/variant/variant_utility.cpp:1098)
ERROR: Overlap detected at tick 4307 between attacker and defender (enemy)
   at: push_error (core/variant/variant_utility.cpp:1098)
ERROR: Overlap detected at tick 4308 between attacker and defender (enemy)
   at: push_error (core/variant/variant_utility.cpp:1098)
ERROR: Overlap detected at tick 4309 between attacker and defender (enemy)
   at: push_error (core/variant/variant_utility.cpp:1098)
ERROR: Overlap detected at tick 4310 between attacker and defender (enemy)
   at: push_error (core/variant/variant_utility.cpp:1098)
ERROR: Overlap detected at tick 4311 between attacker and defender (enemy)
   at: push_error (core/variant/variant_utility.cpp:1098)
ERROR: Overlap detected at tick 4312 between attacker and defender (enemy)
   at: push_error (core/variant/variant_utility.cpp:1098)
ERROR: Overlap detected at tick 4313 between attacker and defender (enemy)
   at: push_error (core/variant/variant_utility.cpp:1098)
ERROR: Overlap detected at tick 4314 between attacker and defender (enemy)
   at: push_error (core/variant/variant_utility.cpp:1098)
ERROR: Overlap detected at tick 4315 between attacker and defender (enemy)
   at: push_error (core/variant/variant_utility.cpp:1098)
ERROR: Overlap detected at tick 4316 between attacker and defender (enemy)
   at: push_error (core/variant/variant_utility.cpp:1098)
ERROR: Overlap detected at tick 4317 between attacker and defender (enemy)
   at: push_error (core/variant/variant_utility.cpp:1098)
ERROR: Overlap detected at tick 4318 between attacker and defender (enemy)
   at: push_error (core/variant/variant_utility.cpp:1098)
ERROR: Overlap detected at tick 4319 between attacker and defender (enemy)
   at: push_error (core/variant/variant_utility.cpp:1098)
ERROR: Overlap detected at tick 4320 between attacker and defender (enemy)
   at: push_error (core/variant/variant_utility.cpp:1098)
ERROR: Overlap detected at tick 4321 between attacker and defender (enemy)
   at: push_error (core/variant/variant_utility.cpp:1098)
ERROR: Overlap detected at tick 4322 between attacker and defender (enemy)
   at: push_error (core/variant/variant_utility.cpp:1098)
ERROR: Overlap detected at tick 4323 between attacker and defender (enemy)
   at: push_error (core/variant/variant_utility.cpp:1098)
ERROR: Overlap detected at tick 4324 between attacker and defender (enemy)
   at: push_error (core/variant/variant_utility.cpp:1098)
ERROR: Overlap detected at tick 4325 between attacker and defender (enemy)
   at: push_error (core/variant/variant_utility.cpp:1098)
ERROR: Overlap detected at tick 4326 between attacker and defender (enemy)
   at: push_error (core/variant/variant_utility.cpp:1098)
ERROR: Overlap detected at tick 4327 between attacker and defender (enemy)
   at: push_error (core/variant/variant_utility.cpp:1098)
ERROR: Overlap detected at tick 4328 between attacker and defender (enemy)
   at: push_error (core/variant/variant_utility.cpp:1098)
ERROR: Overlap detected at tick 4329 between attacker and defender (enemy)
   at: push_error (core/variant/variant_utility.cpp:1098)
ERROR: Overlap detected at tick 4330 between attacker and defender (enemy)
   at: push_error (core/variant/variant_utility.cpp:1098)
ERROR: Overlap detected at tick 4331 between attacker and defender (enemy)
   at: push_error (core/variant/variant_utility.cpp:1098)
ERROR: Overlap detected at tick 4332 between attacker and defender (enemy)
   at: push_error (core/variant/variant_utility.cpp:1098)
ERROR: Overlap detected at tick 4333 between attacker and defender (enemy)
   at: push_error (core/variant/variant_utility.cpp:1098)
ERROR: Overlap detected at tick 4334 between attacker and defender (enemy)
   at: push_error (core/variant/variant_utility.cpp:1098)
ERROR: Overlap detected at tick 4335 between attacker and defender (enemy)
   at: push_error (core/variant/variant_utility.cpp:1098)
ERROR: Overlap detected at tick 4336 between attacker and defender (enemy)
   at: push_error (core/variant/variant_utility.cpp:1098)
ERROR: Overlap detected at tick 4337 between attacker and defender (enemy)
   at: push_error (core/variant/variant_utility.cpp:1098)
ERROR: Overlap detected at tick 4338 between attacker and defender (enemy)
   at: push_error (core/variant/variant_utility.cpp:1098)
ERROR: Overlap detected at tick 4339 between attacker and defender (enemy)
   at: push_error (core/variant/variant_utility.cpp:1098)
ERROR: Overlap detected at tick 4340 between attacker and defender (enemy)
   at: push_error (core/variant/variant_utility.cpp:1098)
ERROR: Overlap detected at tick 4341 between attacker and defender (enemy)
   at: push_error (core/variant/variant_utility.cpp:1098)
ERROR: Overlap detected at tick 4342 between attacker and defender (enemy)
   at: push_error (core/variant/variant_utility.cpp:1098)
ERROR: Overlap detected at tick 4343 between attacker and defender (enemy)
   at: push_error (core/variant/variant_utility.cpp:1098)
ERROR: Overlap detected at tick 4344 between attacker and defender (enemy)
   at: push_error (core/variant/variant_utility.cpp:1098)
ERROR: Overlap detected at tick 4345 between attacker and defender (enemy)
   at: push_error (core/variant/variant_utility.cpp:1098)
ERROR: Overlap detected at tick 4346 between attacker and defender (enemy)
   at: push_error (core/variant/variant_utility.cpp:1098)
ERROR: Overlap detected at tick 4347 between attacker and defender (enemy)
   at: push_error (core/variant/variant_utility.cpp:1098)
ERROR: Overlap detected at tick 4348 between attacker and defender (enemy)
   at: push_error (core/variant/variant_utility.cpp:1098)
ERROR: Overlap detected at tick 4349 between attacker and defender (enemy)
   at: push_error (core/variant/variant_utility.cpp:1098)
ERROR: Overlap detected at tick 4350 between attacker and defender (enemy)
   at: push_error (core/variant/variant_utility.cpp:1098)
ERROR: Overlap detected at tick 4351 between attacker and defender (enemy)
   at: push_error (core/variant/variant_utility.cpp:1098)
ERROR: Overlap detected at tick 4352 between attacker and defender (enemy)
   at: push_error (core/variant/variant_utility.cpp:1098)
ERROR: Overlap detected at tick 4353 between attacker and defender (enemy)
   at: push_error (core/variant/variant_utility.cpp:1098)
ERROR: Overlap detected at tick 4354 between attacker and defender (enemy)
   at: push_error (core/variant/variant_utility.cpp:1098)
ERROR: Overlap detected at tick 4355 between attacker and defender (enemy)
   at: push_error (core/variant/variant_utility.cpp:1098)
ERROR: Overlap detected at tick 4356 between attacker and defender (enemy)
   at: push_error (core/variant/variant_utility.cpp:1098)
ERROR: Overlap detected at tick 4357 between attacker and defender (enemy)
   at: push_error (core/variant/variant_utility.cpp:1098)
ERROR: Overlap detected at tick 4358 between attacker and defender (enemy)
   at: push_error (core/variant/variant_utility.cpp:1098)
ERROR: Overlap detected at tick 4359 between attacker and defender (enemy)
   at: push_error (core/variant/variant_utility.cpp:1098)
ERROR: Overlap detected at tick 4360 between attacker and defender (enemy)
   at: push_error (core/variant/variant_utility.cpp:1098)
ERROR: Overlap detected at tick 4361 between attacker and defender (enemy)
   at: push_error (core/variant/variant_utility.cpp:1098)
ERROR: Overlap detected at tick 4362 between attacker and defender (enemy)
   at: push_error (core/variant/variant_utility.cpp:1098)
ERROR: Overlap detected at tick 4363 between attacker and defender (enemy)
   at: push_error (core/variant/variant_utility.cpp:1098)
ERROR: Overlap detected at tick 4364 between attacker and defender (enemy)
   at: push_error (core/variant/variant_utility.cpp:1098)
ERROR: Overlap detected at tick 4365 between attacker and defender (enemy)
   at: push_error (core/variant/variant_utility.cpp:1098)
ERROR: Overlap detected at tick 4366 between attacker and defender (enemy)
   at: push_error (core/variant/variant_utility.cpp:1098)
ERROR: Overlap detected at tick 4367 between attacker and defender (enemy)
   at: push_error (core/variant/variant_utility.cpp:1098)
ERROR: Overlap detected at tick 4368 between attacker and defender (enemy)
   at: push_error (core/variant/variant_utility.cpp:1098)
ERROR: Overlap detected at tick 4369 between attacker and defender (enemy)
   at: push_error (core/variant/variant_utility.cpp:1098)
ERROR: Overlap detected at tick 4370 between attacker and defender (enemy)
   at: push_error (core/variant/variant_utility.cpp:1098)
ERROR: Overlap detected at tick 4371 between attacker and defender (enemy)
   at: push_error (core/variant/variant_utility.cpp:1098)
ERROR: Overlap detected at tick 4372 between attacker and defender (enemy)
   at: push_error (core/variant/variant_utility.cpp:1098)
ERROR: Overlap detected at tick 4373 between attacker and defender (enemy)
   at: push_error (core/variant/variant_utility.cpp:1098)
ERROR: Overlap detected at tick 4374 between attacker and defender (enemy)
   at: push_error (core/variant/variant_utility.cpp:1098)
ERROR: Overlap detected at tick 4375 between attacker and defender (enemy)
   at: push_error (core/variant/variant_utility.cpp:1098)
ERROR: Overlap detected at tick 4376 between attacker and defender (enemy)
   at: push_error (core/variant/variant_utility.cpp:1098)
ERROR: Overlap detected at tick 4377 between attacker and defender (enemy)
   at: push_error (core/variant/variant_utility.cpp:1098)
ERROR: Overlap detected at tick 4378 between attacker and defender (enemy)
   at: push_error (core/variant/variant_utility.cpp:1098)
ERROR: Overlap detected at tick 4379 between attacker and defender (enemy)
   at: push_error (core/variant/variant_utility.cpp:1098)
ERROR: Overlap detected at tick 4380 between attacker and defender (enemy)
   at: push_error (core/variant/variant_utility.cpp:1098)
ERROR: Overlap detected at tick 4381 between attacker and defender (enemy)
   at: push_error (core/variant/variant_utility.cpp:1098)
ERROR: Overlap detected at tick 4382 between attacker and defender (enemy)
   at: push_error (core/variant/variant_utility.cpp:1098)
ERROR: Overlap detected at tick 4383 between attacker and defender (enemy)
   at: push_error (core/variant/variant_utility.cpp:1098)
ERROR: Overlap detected at tick 4384 between attacker and defender (enemy)
   at: push_error (core/variant/variant_utility.cpp:1098)
ERROR: Overlap detected at tick 4385 between attacker and defender (enemy)
   at: push_error (core/variant/variant_utility.cpp:1098)
ERROR: Overlap detected at tick 4386 between attacker and defender (enemy)
   at: push_error (core/variant/variant_utility.cpp:1098)
ERROR: Overlap detected at tick 4387 between attacker and defender (enemy)
   at: push_error (core/variant/variant_utility.cpp:1098)
ERROR: Overlap detected at tick 4388 between attacker and defender (enemy)
   at: push_error (core/variant/variant_utility.cpp:1098)
ERROR: Overlap detected at tick 4389 between attacker and defender (enemy)
   at: push_error (core/variant/variant_utility.cpp:1098)
ERROR: Overlap detected at tick 4390 between attacker and defender (enemy)
   at: push_error (core/variant/variant_utility.cpp:1098)
ERROR: Overlap detected at tick 4391 between attacker and defender (enemy)
   at: push_error (core/variant/variant_utility.cpp:1098)
ERROR: Overlap detected at tick 4392 between attacker and defender (enemy)
   at: push_error (core/variant/variant_utility.cpp:1098)
ERROR: Overlap detected at tick 4393 between attacker and defender (enemy)
   at: push_error (core/variant/variant_utility.cpp:1098)
ERROR: Overlap detected at tick 4394 between attacker and defender (enemy)
   at: push_error (core/variant/variant_utility.cpp:1098)
ERROR: Overlap detected at tick 4395 between attacker and defender (enemy)
   at: push_error (core/variant/variant_utility.cpp:1098)
ERROR: Overlap detected at tick 4396 between attacker and defender (enemy)
   at: push_error (core/variant/variant_utility.cpp:1098)
ERROR: Overlap detected at tick 4397 between attacker and defender (enemy)
   at: push_error (core/variant/variant_utility.cpp:1098)
ERROR: Overlap detected at tick 4398 between attacker and defender (enemy)
   at: push_error (core/variant/variant_utility.cpp:1098)
ERROR: Overlap detected at tick 4399 between attacker and defender (enemy)
   at: push_error (core/variant/variant_utility.cpp:1098)
ERROR: Overlap detected at tick 4400 between attacker and defender (enemy)
   at: push_error (core/variant/variant_utility.cpp:1098)
ERROR: Overlap detected at tick 4401 between attacker and defender (enemy)
   at: push_error (core/variant/variant_utility.cpp:1098)
ERROR: Overlap detected at tick 4402 between attacker and defender (enemy)
   at: push_error (core/variant/variant_utility.cpp:1098)
ERROR: Overlap detected at tick 4403 between attacker and defender (enemy)
   at: push_error (core/variant/variant_utility.cpp:1098)
ERROR: Overlap detected at tick 4404 between attacker and defender (enemy)
   at: push_error (core/variant/variant_utility.cpp:1098)
ERROR: Overlap detected at tick 4405 between attacker and defender (enemy)
   at: push_error (core/variant/variant_utility.cpp:1098)
ERROR: Overlap detected at tick 4406 between attacker and defender (enemy)
   at: push_error (core/variant/variant_utility.cpp:1098)
ERROR: Overlap detected at tick 4407 between attacker and defender (enemy)
   at: push_error (core/variant/variant_utility.cpp:1098)
ERROR: Overlap detected at tick 4408 between attacker and defender (enemy)
   at: push_error (core/variant/variant_utility.cpp:1098)
ERROR: Overlap detected at tick 4409 between attacker and defender (enemy)
   at: push_error (core/variant/variant_utility.cpp:1098)
ERROR: Overlap detected at tick 4410 between attacker and defender (enemy)
   at: push_error (core/variant/variant_utility.cpp:1098)
ERROR: Overlap detected at tick 4411 between attacker and defender (enemy)
   at: push_error (core/variant/variant_utility.cpp:1098)
ERROR: Overlap detected at tick 4412 between attacker and defender (enemy)
   at: push_error (core/variant/variant_utility.cpp:1098)
ERROR: Overlap detected at tick 4413 between attacker and defender (enemy)
   at: push_error (core/variant/variant_utility.cpp:1098)
ERROR: Overlap detected at tick 4414 between attacker and defender (enemy)
   at: push_error (core/variant/variant_utility.cpp:1098)
ERROR: Overlap detected at tick 4415 between attacker and defender (enemy)
   at: push_error (core/variant/variant_utility.cpp:1098)
ERROR: Overlap detected at tick 4416 between attacker and defender (enemy)
   at: push_error (core/variant/variant_utility.cpp:1098)
ERROR: Overlap detected at tick 4417 between attacker and defender (enemy)
   at: push_error (core/variant/variant_utility.cpp:1098)
ERROR: Overlap detected at tick 4418 between attacker and defender (enemy)
   at: push_error (core/variant/variant_utility.cpp:1098)
ERROR: Overlap detected at tick 4419 between attacker and defender (enemy)
   at: push_error (core/variant/variant_utility.cpp:1098)
ERROR: Overlap detected at tick 4420 between attacker and defender (enemy)
   at: push_error (core/variant/variant_utility.cpp:1098)
ERROR: Overlap detected at tick 4421 between attacker and defender (enemy)
   at: push_error (core/variant/variant_utility.cpp:1098)
ERROR: Overlap detected at tick 4422 between attacker and defender (enemy)
   at: push_error (core/variant/variant_utility.cpp:1098)
ERROR: Overlap detected at tick 4423 between attacker and defender (enemy)
   at: push_error (core/variant/variant_utility.cpp:1098)
ERROR: Overlap detected at tick 4424 between attacker and defender (enemy)
   at: push_error (core/variant/variant_utility.cpp:1098)
ERROR: Overlap detected at tick 4425 between attacker and defender (enemy)
   at: push_error (core/variant/variant_utility.cpp:1098)
ERROR: Overlap detected at tick 4426 between attacker and defender (enemy)
   at: push_error (core/variant/variant_utility.cpp:1098)
ERROR: Overlap detected at tick 4427 between attacker and defender (enemy)
   at: push_error (core/variant/variant_utility.cpp:1098)
ERROR: Overlap detected at tick 4428 between attacker and defender (enemy)
   at: push_error (core/variant/variant_utility.cpp:1098)
ERROR: Overlap detected at tick 4429 between attacker and defender (enemy)
   at: push_error (core/variant/variant_utility.cpp:1098)
ERROR: Overlap detected at tick 4430 between attacker and defender (enemy)
   at: push_error (core/variant/variant_utility.cpp:1098)
ERROR: Overlap detected at tick 4431 between attacker and defender (enemy)
   at: push_error (core/variant/variant_utility.cpp:1098)
ERROR: Overlap detected at tick 4432 between attacker and defender (enemy)
   at: push_error (core/variant/variant_utility.cpp:1098)
ERROR: Overlap detected at tick 4433 between attacker and defender (enemy)
   at: push_error (core/variant/variant_utility.cpp:1098)
ERROR: Overlap detected at tick 4434 between attacker and defender (enemy)
   at: push_error (core/variant/variant_utility.cpp:1098)
ERROR: Overlap detected at tick 4435 between attacker and defender (enemy)
   at: push_error (core/variant/variant_utility.cpp:1098)
ERROR: Overlap detected at tick 4436 between attacker and defender (enemy)
   at: push_error (core/variant/variant_utility.cpp:1098)
ERROR: Overlap detected at tick 4437 between attacker and defender (enemy)
   at: push_error (core/variant/variant_utility.cpp:1098)
ERROR: Overlap detected at tick 4438 between attacker and defender (enemy)
   at: push_error (core/variant/variant_utility.cpp:1098)
ERROR: Overlap detected at tick 4439 between attacker and defender (enemy)
   at: push_error (core/variant/variant_utility.cpp:1098)
ERROR: Overlap detected at tick 4440 between attacker and defender (enemy)
   at: push_error (core/variant/variant_utility.cpp:1098)
ERROR: Overlap detected at tick 4441 between attacker and defender (enemy)
   at: push_error (core/variant/variant_utility.cpp:1098)
ERROR: Overlap detected at tick 4442 between attacker and defender (enemy)
   at: push_error (core/variant/variant_utility.cpp:1098)
ERROR: Overlap detected at tick 4443 between attacker and defender (enemy)
   at: push_error (core/variant/variant_utility.cpp:1098)
ERROR: Overlap detected at tick 4444 between attacker and defender (enemy)
   at: push_error (core/variant/variant_utility.cpp:1098)
ERROR: Overlap detected at tick 4445 between attacker and defender (enemy)
   at: push_error (core/variant/variant_utility.cpp:1098)
ERROR: Overlap detected at tick 4446 between attacker and defender (enemy)
   at: push_error (core/variant/variant_utility.cpp:1098)
ERROR: Overlap detected at tick 4447 between attacker and defender (enemy)
   at: push_error (core/variant/variant_utility.cpp:1098)
ERROR: Overlap detected at tick 4448 between attacker and defender (enemy)
   at: push_error (core/variant/variant_utility.cpp:1098)
ERROR: Overlap detected at tick 4449 between attacker and defender (enemy)
   at: push_error (core/variant/variant_utility.cpp:1098)
ERROR: Overlap detected at tick 4450 between attacker and defender (enemy)
   at: push_error (core/variant/variant_utility.cpp:1098)
ERROR: Overlap detected at tick 4451 between attacker and defender (enemy)
   at: push_error (core/variant/variant_utility.cpp:1098)
ERROR: Overlap detected at tick 4452 between attacker and defender (enemy)
   at: push_error (core/variant/variant_utility.cpp:1098)
ERROR: Overlap detected at tick 4453 between attacker and defender (enemy)
   at: push_error (core/variant/variant_utility.cpp:1098)
ERROR: Overlap detected at tick 4454 between attacker and defender (enemy)
   at: push_error (core/variant/variant_utility.cpp:1098)
ERROR: Overlap detected at tick 4455 between attacker and defender (enemy)
   at: push_error (core/variant/variant_utility.cpp:1098)
ERROR: Overlap detected at tick 4456 between attacker and defender (enemy)
   at: push_error (core/variant/variant_utility.cpp:1098)
ERROR: Overlap detected at tick 4457 between attacker and defender (enemy)
   at: push_error (core/variant/variant_utility.cpp:1098)
ERROR: Overlap detected at tick 4458 between attacker and defender (enemy)
   at: push_error (core/variant/variant_utility.cpp:1098)
ERROR: Overlap detected at tick 4459 between attacker and defender (enemy)
   at: push_error (core/variant/variant_utility.cpp:1098)
ERROR: Overlap detected at tick 4460 between attacker and defender (enemy)
   at: push_error (core/variant/variant_utility.cpp:1098)
ERROR: Overlap detected at tick 4461 between attacker and defender (enemy)
   at: push_error (core/variant/variant_utility.cpp:1098)
ERROR: Overlap detected at tick 4462 between attacker and defender (enemy)
   at: push_error (core/variant/variant_utility.cpp:1098)
ERROR: Overlap detected at tick 4463 between attacker and defender (enemy)
   at: push_error (core/variant/variant_utility.cpp:1098)
ERROR: Overlap detected at tick 4464 between attacker and defender (enemy)
   at: push_error (core/variant/variant_utility.cpp:1098)
ERROR: Overlap detected at tick 4465 between attacker and defender (enemy)
   at: push_error (core/variant/variant_utility.cpp:1098)
ERROR: Overlap detected at tick 4466 between attacker and defender (enemy)
   at: push_error (core/variant/variant_utility.cpp:1098)
ERROR: Overlap detected at tick 4467 between attacker and defender (enemy)
   at: push_error (core/variant/variant_utility.cpp:1098)
ERROR: Overlap detected at tick 4468 between attacker and defender (enemy)
   at: push_error (core/variant/variant_utility.cpp:1098)
ERROR: Overlap detected at tick 4469 between attacker and defender (enemy)
   at: push_error (core/variant/variant_utility.cpp:1098)
ERROR: Overlap detected at tick 4470 between attacker and defender (enemy)
   at: push_error (core/variant/variant_utility.cpp:1098)
ERROR: Overlap detected at tick 4471 between attacker and defender (enemy)
   at: push_error (core/variant/variant_utility.cpp:1098)
ERROR: Overlap detected at tick 4472 between attacker and defender (enemy)
   at: push_error (core/variant/variant_utility.cpp:1098)
ERROR: Overlap detected at tick 4473 between attacker and defender (enemy)
   at: push_error (core/variant/variant_utility.cpp:1098)
ERROR: Overlap detected at tick 4474 between attacker and defender (enemy)
   at: push_error (core/variant/variant_utility.cpp:1098)
ERROR: Overlap detected at tick 4475 between attacker and defender (enemy)
   at: push_error (core/variant/variant_utility.cpp:1098)
ERROR: Overlap detected at tick 4476 between attacker and defender (enemy)
   at: push_error (core/variant/variant_utility.cpp:1098)
ERROR: Overlap detected at tick 4477 between attacker and defender (enemy)
   at: push_error (core/variant/variant_utility.cpp:1098)
ERROR: Overlap detected at tick 4478 between attacker and defender (enemy)
   at: push_error (core/variant/variant_utility.cpp:1098)
ERROR: Overlap detected at tick 4479 between attacker and defender (enemy)
   at: push_error (core/variant/variant_utility.cpp:1098)
ERROR: Overlap detected at tick 4480 between attacker and defender (enemy)
   at: push_error (core/variant/variant_utility.cpp:1098)
ERROR: Overlap detected at tick 4481 between attacker and defender (enemy)
   at: push_error (core/variant/variant_utility.cpp:1098)
ERROR: Overlap detected at tick 4482 between attacker and defender (enemy)
   at: push_error (core/variant/variant_utility.cpp:1098)
ERROR: Overlap detected at tick 4483 between attacker and defender (enemy)
   at: push_error (core/variant/variant_utility.cpp:1098)
ERROR: Overlap detected at tick 4484 between attacker and defender (enemy)
   at: push_error (core/variant/variant_utility.cpp:1098)
ERROR: Overlap detected at tick 4485 between attacker and defender (enemy)
   at: push_error (core/variant/variant_utility.cpp:1098)
ERROR: Overlap detected at tick 4486 between attacker and defender (enemy)
   at: push_error (core/variant/variant_utility.cpp:1098)
ERROR: Overlap detected at tick 4487 between attacker and defender (enemy)
   at: push_error (core/variant/variant_utility.cpp:1098)
ERROR: Overlap detected at tick 4488 between attacker and defender (enemy)
   at: push_error (core/variant/variant_utility.cpp:1098)
ERROR: Overlap detected at tick 4489 between attacker and defender (enemy)
   at: push_error (core/variant/variant_utility.cpp:1098)
ERROR: Overlap detected at tick 4490 between attacker and defender (enemy)
   at: push_error (core/variant/variant_utility.cpp:1098)
ERROR: Overlap detected at tick 4491 between attacker and defender (enemy)
   at: push_error (core/variant/variant_utility.cpp:1098)
ERROR: Overlap detected at tick 4492 between attacker and defender (enemy)
   at: push_error (core/variant/variant_utility.cpp:1098)
ERROR: Overlap detected at tick 4493 between attacker and defender (enemy)
   at: push_error (core/variant/variant_utility.cpp:1098)
ERROR: Overlap detected at tick 4494 between attacker and defender (enemy)
   at: push_error (core/variant/variant_utility.cpp:1098)
ERROR: Overlap detected at tick 4495 between attacker and defender (enemy)
   at: push_error (core/variant/variant_utility.cpp:1098)
ERROR: Overlap detected at tick 4496 between attacker and defender (enemy)
   at: push_error (core/variant/variant_utility.cpp:1098)
ERROR: Overlap detected at tick 4497 between attacker and defender (enemy)
   at: push_error (core/variant/variant_utility.cpp:1098)
ERROR: Overlap detected at tick 4498 between attacker and defender (enemy)
   at: push_error (core/variant/variant_utility.cpp:1098)
ERROR: Overlap detected at tick 4499 between attacker and defender (enemy)
   at: push_error (core/variant/variant_utility.cpp:1098)
ERROR: Overlap detected at tick 4500 between attacker and defender (enemy)
   at: push_error (core/variant/variant_utility.cpp:1098)
