SCRIPT ERROR: Compile Error: Identifier not found: Constants
          at: GDScript::reload (res://scripts/unit.gd:104)
SCRIPT ERROR: Compile Error: Failed to compile depended scripts.
          at: GDScript::reload (res://tests/wo023_stall_trace.gd:0)
ERROR: Failed to load script "res://tests/wo023_stall_trace.gd" with error "Compilation failed".
   at: load (modules/gdscript/gdscript.cpp:3022)
ERROR: Overlap detected at tick 3581 between attacker and defender (enemy)
   at: push_error (core/variant/variant_utility.cpp:1098)
ERROR: Overlap detected at tick 3582 between attacker and defender (enemy)
   at: push_error (core/variant/variant_utility.cpp:1098)
ERROR: Overlap detected at tick 3583 between attacker and defender (enemy)
   at: push_error (core/variant/variant_utility.cpp:1098)
ERROR: Overlap detected at tick 3584 between attacker and defender (enemy)
   at: push_error (core/variant/variant_utility.cpp:1098)
ERROR: Overlap detected at tick 3585 between attacker and defender (enemy)
   at: push_error (core/variant/variant_utility.cpp:1098)
ERROR: Overlap detected at tick 3586 between attacker and defender (enemy)
   at: push_error (core/variant/variant_utility.cpp:1098)
ERROR: Overlap detected at tick 3587 between attacker and defender (enemy)
   at: push_error (core/variant/variant_utility.cpp:1098)
ERROR: Overlap detected at tick 3588 between attacker and defender (enemy)
   at: push_error (core/variant/variant_utility.cpp:1098)
ERROR: Overlap detected at tick 3589 between attacker and defender (enemy)
   at: push_error (core/variant/variant_utility.cpp:1098)
ERROR: Overlap detected at tick 3590 between attacker and defender (enemy)
   at: push_error (core/variant/variant_utility.cpp:1098)
ERROR: Overlap detected at tick 3591 between attacker and defender (enemy)
   at: push_error (core/variant/variant_utility.cpp:1098)
ERROR: Overlap detected at tick 3592 between attacker and defender (enemy)
   at: push_error (core/variant/variant_utility.cpp:1098)
ERROR: Overlap detected at tick 3593 between attacker and defender (enemy)
   at: push_error (core/variant/variant_utility.cpp:1098)
ERROR: Overlap detected at tick 3594 between attacker and defender (enemy)
   at: push_error (core/variant/variant_utility.cpp:1098)
ERROR: Overlap detected at tick 3595 between attacker and defender (enemy)
   at: push_error (core/variant/variant_utility.cpp:1098)
ERROR: Overlap detected at tick 3596 between attacker and defender (enemy)
   at: push_error (core/variant/variant_utility.cpp:1098)
ERROR: Overlap detected at tick 3597 between attacker and defender (enemy)
   at: push_error (core/variant/variant_utility.cpp:1098)
ERROR: Overlap detected at tick 3598 between attacker and defender (enemy)
   at: push_error (core/variant/variant_utility.cpp:1098)
ERROR: Overlap detected at tick 3599 between attacker and defender (enemy)
   at: push_error (core/variant/variant_utility.cpp:1098)
ERROR: Overlap detected at tick 3600 between attacker and defender (enemy)
   at: push_error (core/variant/variant_utility.cpp:1098)
ERROR: Overlap detected at tick 3601 between attacker and defender (enemy)
   at: push_error (core/variant/variant_utility.cpp:1098)
ERROR: Overlap detected at tick 3602 between attacker and defender (enemy)
   at: push_error (core/variant/variant_utility.cpp:1098)
ERROR: Overlap detected at tick 3603 between attacker and defender (enemy)
   at: push_error (core/variant/variant_utility.cpp:1098)
ERROR: Overlap detected at tick 3604 between attacker and defender (enemy)
   at: push_error (core/variant/variant_utility.cpp:1098)
ERROR: Overlap detected at tick 3605 between attacker and defender (enemy)
   at: push_error (core/variant/variant_utility.cpp:1098)
ERROR: Overlap detected at tick 3606 between attacker and defender (enemy)
   at: push_error (core/variant/variant_utility.cpp:1098)
ERROR: Overlap detected at tick 3607 between attacker and defender (enemy)
   at: push_error (core/variant/variant_utility.cpp:1098)
ERROR: Overlap detected at tick 3608 between attacker and defender (enemy)
   at: push_error (core/variant/variant_utility.cpp:1098)
ERROR: Overlap detected at tick 3609 between attacker and defender (enemy)
   at: push_error (core/variant/variant_utility.cpp:1098)
ERROR: Overlap detected at tick 3610 between attacker and defender (enemy)
   at: push_error (core/variant/variant_utility.cpp:1098)
ERROR: Overlap detected at tick 3611 between attacker and defender (enemy)
   at: push_error (core/variant/variant_utility.cpp:1098)
ERROR: Overlap detected at tick 3612 between attacker and defender (enemy)
   at: push_error (core/variant/variant_utility.cpp:1098)
ERROR: Overlap detected at tick 3613 between attacker and defender (enemy)
   at: push_error (core/variant/variant_utility.cpp:1098)
ERROR: Overlap detected at tick 3614 between attacker and defender (enemy)
   at: push_error (core/variant/variant_utility.cpp:1098)
ERROR: Overlap detected at tick 3615 between attacker and defender (enemy)
   at: push_error (core/variant/variant_utility.cpp:1098)
ERROR: Overlap detected at tick 3616 between attacker and defender (enemy)
   at: push_error (core/variant/variant_utility.cpp:1098)
ERROR: Overlap detected at tick 3617 between attacker and defender (enemy)
   at: push_error (core/variant/variant_utility.cpp:1098)
ERROR: Overlap detected at tick 3618 between attacker and defender (enemy)
   at: push_error (core/variant/variant_utility.cpp:1098)
ERROR: Overlap detected at tick 3619 between attacker and defender (enemy)
   at: push_error (core/variant/variant_utility.cpp:1098)
ERROR: Overlap detected at tick 3620 between attacker and defender (enemy)
   at: push_error (core/variant/variant_utility.cpp:1098)
ERROR: Overlap detected at tick 3621 between attacker and defender (enemy)
   at: push_error (core/variant/variant_utility.cpp:1098)
ERROR: Overlap detected at tick 3622 between attacker and defender (enemy)
   at: push_error (core/variant/variant_utility.cpp:1098)
ERROR: Overlap detected at tick 3623 between attacker and defender (enemy)
   at: push_error (core/variant/variant_utility.cpp:1098)
ERROR: Overlap detected at tick 3624 between attacker and defender (enemy)
   at: push_error (core/variant/variant_utility.cpp:1098)
ERROR: Overlap detected at tick 3625 between attacker and defender (enemy)
   at: push_error (core/variant/variant_utility.cpp:1098)
ERROR: Overlap detected at tick 3626 between attacker and defender (enemy)
   at: push_error (core/variant/variant_utility.cpp:1098)
ERROR: Overlap detected at tick 3627 between attacker and defender (enemy)
   at: push_error (core/variant/variant_utility.cpp:1098)
ERROR: Overlap detected at tick 3628 between attacker and defender (enemy)
   at: push_error (core/variant/variant_utility.cpp:1098)
ERROR: Overlap detected at tick 3629 between attacker and defender (enemy)
   at: push_error (core/variant/variant_utility.cpp:1098)
ERROR: Overlap detected at tick 3630 between attacker and defender (enemy)
   at: push_error (core/variant/variant_utility.cpp:1098)
ERROR: Overlap detected at tick 3631 between attacker and defender (enemy)
   at: push_error (core/variant/variant_utility.cpp:1098)
ERROR: Overlap detected at tick 3632 between attacker and defender (enemy)
   at: push_error (core/variant/variant_utility.cpp:1098)
ERROR: Overlap detected at tick 3633 between attacker and defender (enemy)
   at: push_error (core/variant/variant_utility.cpp:1098)
ERROR: Overlap detected at tick 3634 between attacker and defender (enemy)
   at: push_error (core/variant/variant_utility.cpp:1098)
ERROR: Overlap detected at tick 3635 between attacker and defender (enemy)
   at: push_error (core/variant/variant_utility.cpp:1098)
ERROR: Overlap detected at tick 3636 between attacker and defender (enemy)
   at: push_error (core/variant/variant_utility.cpp:1098)
ERROR: Overlap detected at tick 3637 between attacker and defender (enemy)
   at: push_error (core/variant/variant_utility.cpp:1098)
ERROR: Overlap detected at tick 3638 between attacker and defender (enemy)
   at: push_error (core/variant/variant_utility.cpp:1098)
ERROR: Overlap detected at tick 3639 between attacker and defender (enemy)
   at: push_error (core/variant/variant_utility.cpp:1098)
ERROR: Overlap detected at tick 3640 between attacker and defender (enemy)
   at: push_error (core/variant/variant_utility.cpp:1098)
ERROR: Overlap detected at tick 3641 between attacker and defender (enemy)
   at: push_error (core/variant/variant_utility.cpp:1098)
ERROR: Overlap detected at tick 3642 between attacker and defender (enemy)
   at: push_error (core/variant/variant_utility.cpp:1098)
ERROR: Overlap detected at tick 3643 between attacker and defender (enemy)
   at: push_error (core/variant/variant_utility.cpp:1098)
ERROR: Overlap detected at tick 3644 between attacker and defender (enemy)
   at: push_error (core/variant/variant_utility.cpp:1098)
ERROR: Overlap detected at tick 3645 between attacker and defender (enemy)
   at: push_error (core/variant/variant_utility.cpp:1098)
ERROR: Overlap detected at tick 3646 between attacker and defender (enemy)
   at: push_error (core/variant/variant_utility.cpp:1098)
ERROR: Overlap detected at tick 3647 between attacker and defender (enemy)
   at: push_error (core/variant/variant_utility.cpp:1098)
ERROR: Overlap detected at tick 3648 between attacker and defender (enemy)
   at: push_error (core/variant/variant_utility.cpp:1098)
ERROR: Overlap detected at tick 3649 between attacker and defender (enemy)
   at: push_error (core/variant/variant_utility.cpp:1098)
ERROR: Overlap detected at tick 3650 between attacker and defender (enemy)
   at: push_error (core/variant/variant_utility.cpp:1098)
ERROR: Overlap detected at tick 3651 between attacker and defender (enemy)
   at: push_error (core/variant/variant_utility.cpp:1098)
ERROR: Overlap detected at tick 3652 between attacker and defender (enemy)
   at: push_error (core/variant/variant_utility.cpp:1098)
ERROR: Overlap detected at tick 3653 between attacker and defender (enemy)
   at: push_error (core/variant/variant_utility.cpp:1098)
ERROR: Overlap detected at tick 3654 between attacker and defender (enemy)
   at: push_error (core/variant/variant_utility.cpp:1098)
ERROR: Overlap detected at tick 3655 between attacker and defender (enemy)
   at: push_error (core/variant/variant_utility.cpp:1098)
ERROR: Overlap detected at tick 3656 between attacker and defender (enemy)
   at: push_error (core/variant/variant_utility.cpp:1098)
ERROR: Overlap detected at tick 3657 between attacker and defender (enemy)
   at: push_error (core/variant/variant_utility.cpp:1098)
ERROR: Overlap detected at tick 3658 between attacker and defender (enemy)
   at: push_error (core/variant/variant_utility.cpp:1098)
ERROR: Overlap detected at tick 3659 between attacker and defender (enemy)
   at: push_error (core/variant/variant_utility.cpp:1098)
ERROR: Overlap detected at tick 3660 between attacker and defender (enemy)
   at: push_error (core/variant/variant_utility.cpp:1098)
ERROR: Overlap detected at tick 3661 between attacker and defender (enemy)
   at: push_error (core/variant/variant_utility.cpp:1098)
ERROR: Overlap detected at tick 3662 between attacker and defender (enemy)
   at: push_error (core/variant/variant_utility.cpp:1098)
ERROR: Overlap detected at tick 3663 between attacker and defender (enemy)
   at: push_error (core/variant/variant_utility.cpp:1098)
ERROR: Overlap detected at tick 3664 between attacker and defender (enemy)
   at: push_error (core/variant/variant_utility.cpp:1098)
ERROR: Overlap detected at tick 3665 between attacker and defender (enemy)
   at: push_error (core/variant/variant_utility.cpp:1098)
ERROR: Overlap detected at tick 3666 between attacker and defender (enemy)
   at: push_error (core/variant/variant_utility.cpp:1098)
ERROR: Overlap detected at tick 3667 between attacker and defender (enemy)
   at: push_error (core/variant/variant_utility.cpp:1098)
ERROR: Overlap detected at tick 3668 between attacker and defender (enemy)
   at: push_error (core/variant/variant_utility.cpp:1098)
ERROR: Overlap detected at tick 3669 between attacker and defender (enemy)
   at: push_error (core/variant/variant_utility.cpp:1098)
ERROR: Overlap detected at tick 3670 between attacker and defender (enemy)
   at: push_error (core/variant/variant_utility.cpp:1098)
ERROR: Overlap detected at tick 3671 between attacker and defender (enemy)
   at: push_error (core/variant/variant_utility.cpp:1098)
ERROR: Overlap detected at tick 3672 between attacker and defender (enemy)
   at: push_error (core/variant/variant_utility.cpp:1098)
ERROR: Overlap detected at tick 3673 between attacker and defender (enemy)
   at: push_error (core/variant/variant_utility.cpp:1098)
ERROR: Overlap detected at tick 3674 between attacker and defender (enemy)
   at: push_error (core/variant/variant_utility.cpp:1098)
ERROR: Overlap detected at tick 3675 between attacker and defender (enemy)
   at: push_error (core/variant/variant_utility.cpp:1098)
ERROR: Overlap detected at tick 3676 between attacker and defender (enemy)
   at: push_error (core/variant/variant_utility.cpp:1098)
ERROR: Overlap detected at tick 3677 between attacker and defender (enemy)
   at: push_error (core/variant/variant_utility.cpp:1098)
ERROR: Overlap detected at tick 3678 between attacker and defender (enemy)
   at: push_error (core/variant/variant_utility.cpp:1098)
ERROR: Overlap detected at tick 3679 between attacker and defender (enemy)
   at: push_error (core/variant/variant_utility.cpp:1098)
ERROR: Overlap detected at tick 3680 between attacker and defender (enemy)
   at: push_error (core/variant/variant_utility.cpp:1098)
ERROR: Overlap detected at tick 3681 between attacker and defender (enemy)
   at: push_error (core/variant/variant_utility.cpp:1098)
ERROR: Overlap detected at tick 3682 between attacker and defender (enemy)
   at: push_error (core/variant/variant_utility.cpp:1098)
ERROR: Overlap detected at tick 3683 between attacker and defender (enemy)
   at: push_error (core/variant/variant_utility.cpp:1098)
ERROR: Overlap detected at tick 3684 between attacker and defender (enemy)
   at: push_error (core/variant/variant_utility.cpp:1098)
ERROR: Overlap detected at tick 3685 between attacker and defender (enemy)
   at: push_error (core/variant/variant_utility.cpp:1098)
ERROR: Overlap detected at tick 3686 between attacker and defender (enemy)
   at: push_error (core/variant/variant_utility.cpp:1098)
ERROR: Overlap detected at tick 3687 between attacker and defender (enemy)
   at: push_error (core/variant/variant_utility.cpp:1098)
ERROR: Overlap detected at tick 3688 between attacker and defender (enemy)
   at: push_error (core/variant/variant_utility.cpp:1098)
ERROR: Overlap detected at tick 3689 between attacker and defender (enemy)
   at: push_error (core/variant/variant_utility.cpp:1098)
ERROR: Overlap detected at tick 3690 between attacker and defender (enemy)
   at: push_error (core/variant/variant_utility.cpp:1098)
ERROR: Overlap detected at tick 3691 between attacker and defender (enemy)
   at: push_error (core/variant/variant_utility.cpp:1098)
ERROR: Overlap detected at tick 3692 between attacker and defender (enemy)
   at: push_error (core/variant/variant_utility.cpp:1098)
ERROR: Overlap detected at tick 3693 between attacker and defender (enemy)
   at: push_error (core/variant/variant_utility.cpp:1098)
ERROR: Overlap detected at tick 3694 between attacker and defender (enemy)
   at: push_error (core/variant/variant_utility.cpp:1098)
ERROR: Overlap detected at tick 3695 between attacker and defender (enemy)
   at: push_error (core/variant/variant_utility.cpp:1098)
ERROR: Overlap detected at tick 3696 between attacker and defender (enemy)
   at: push_error (core/variant/variant_utility.cpp:1098)
ERROR: Overlap detected at tick 3697 between attacker and defender (enemy)
   at: push_error (core/variant/variant_utility.cpp:1098)
ERROR: Overlap detected at tick 3698 between attacker and defender (enemy)
   at: push_error (core/variant/variant_utility.cpp:1098)
ERROR: Overlap detected at tick 3699 between attacker and defender (enemy)
   at: push_error (core/variant/variant_utility.cpp:1098)
ERROR: Overlap detected at tick 3700 between attacker and defender (enemy)
   at: push_error (core/variant/variant_utility.cpp:1098)
ERROR: Overlap detected at tick 3701 between attacker and defender (enemy)
   at: push_error (core/variant/variant_utility.cpp:1098)
ERROR: Overlap detected at tick 3702 between attacker and defender (enemy)
   at: push_error (core/variant/variant_utility.cpp:1098)
ERROR: Overlap detected at tick 3703 between attacker and defender (enemy)
   at: push_error (core/variant/variant_utility.cpp:1098)
ERROR: Overlap detected at tick 3704 between attacker and defender (enemy)
   at: push_error (core/variant/variant_utility.cpp:1098)
ERROR: Overlap detected at tick 3705 between attacker and defender (enemy)
   at: push_error (core/variant/variant_utility.cpp:1098)
ERROR: Overlap detected at tick 3706 between attacker and defender (enemy)
   at: push_error (core/variant/variant_utility.cpp:1098)
ERROR: Overlap detected at tick 3707 between attacker and defender (enemy)
   at: push_error (core/variant/variant_utility.cpp:1098)
ERROR: Overlap detected at tick 3708 between attacker and defender (enemy)
   at: push_error (core/variant/variant_utility.cpp:1098)
ERROR: Overlap detected at tick 3709 between attacker and defender (enemy)
   at: push_error (core/variant/variant_utility.cpp:1098)
ERROR: Overlap detected at tick 3710 between attacker and defender (enemy)
   at: push_error (core/variant/variant_utility.cpp:1098)
ERROR: Overlap detected at tick 3711 between attacker and defender (enemy)
   at: push_error (core/variant/variant_utility.cpp:1098)
ERROR: Overlap detected at tick 3712 between attacker and defender (enemy)
   at: push_error (core/variant/variant_utility.cpp:1098)
ERROR: Overlap detected at tick 3713 between attacker and defender (enemy)
   at: push_error (core/variant/variant_utility.cpp:1098)
ERROR: Overlap detected at tick 3714 between attacker and defender (enemy)
   at: push_error (core/variant/variant_utility.cpp:1098)
ERROR: Overlap detected at tick 3715 between attacker and defender (enemy)
   at: push_error (core/variant/variant_utility.cpp:1098)
ERROR: Overlap detected at tick 3716 between attacker and defender (enemy)
   at: push_error (core/variant/variant_utility.cpp:1098)
ERROR: Overlap detected at tick 3717 between attacker and defender (enemy)
   at: push_error (core/variant/variant_utility.cpp:1098)
ERROR: Overlap detected at tick 3718 between attacker and defender (enemy)
   at: push_error (core/variant/variant_utility.cpp:1098)
ERROR: Overlap detected at tick 3719 between attacker and defender (enemy)
   at: push_error (core/variant/variant_utility.cpp:1098)
ERROR: Overlap detected at tick 3720 between attacker and defender (enemy)
   at: push_error (core/variant/variant_utility.cpp:1098)
ERROR: Overlap detected at tick 3721 between attacker and defender (enemy)
   at: push_error (core/variant/variant_utility.cpp:1098)
ERROR: Overlap detected at tick 3722 between attacker and defender (enemy)
   at: push_error (core/variant/variant_utility.cpp:1098)
ERROR: Overlap detected at tick 3723 between attacker and defender (enemy)
   at: push_error (core/variant/variant_utility.cpp:1098)
ERROR: Overlap detected at tick 3724 between attacker and defender (enemy)
   at: push_error (core/variant/variant_utility.cpp:1098)
ERROR: Overlap detected at tick 3725 between attacker and defender (enemy)
   at: push_error (core/variant/variant_utility.cpp:1098)
ERROR: Overlap detected at tick 3726 between attacker and defender (enemy)
   at: push_error (core/variant/variant_utility.cpp:1098)
ERROR: Overlap detected at tick 3727 between attacker and defender (enemy)
   at: push_error (core/variant/variant_utility.cpp:1098)
ERROR: Overlap detected at tick 3728 between attacker and defender (enemy)
   at: push_error (core/variant/variant_utility.cpp:1098)
ERROR: Overlap detected at tick 3729 between attacker and defender (enemy)
   at: push_error (core/variant/variant_utility.cpp:1098)
ERROR: Overlap detected at tick 3730 between attacker and defender (enemy)
   at: push_error (core/variant/variant_utility.cpp:1098)
ERROR: Overlap detected at tick 3731 between attacker and defender (enemy)
   at: push_error (core/variant/variant_utility.cpp:1098)
ERROR: Overlap detected at tick 3732 between attacker and defender (enemy)
   at: push_error (core/variant/variant_utility.cpp:1098)
ERROR: Overlap detected at tick 3733 between attacker and defender (enemy)
   at: push_error (core/variant/variant_utility.cpp:1098)
ERROR: Overlap detected at tick 3734 between attacker and defender (enemy)
   at: push_error (core/variant/variant_utility.cpp:1098)
ERROR: Overlap detected at tick 3735 between attacker and defender (enemy)
   at: push_error (core/variant/variant_utility.cpp:1098)
ERROR: Overlap detected at tick 3736 between attacker and defender (enemy)
   at: push_error (core/variant/variant_utility.cpp:1098)
ERROR: Overlap detected at tick 3737 between attacker and defender (enemy)
   at: push_error (core/variant/variant_utility.cpp:1098)
ERROR: Overlap detected at tick 3738 between attacker and defender (enemy)
   at: push_error (core/variant/variant_utility.cpp:1098)
ERROR: Overlap detected at tick 3739 between attacker and defender (enemy)
   at: push_error (core/variant/variant_utility.cpp:1098)
ERROR: Overlap detected at tick 3740 between attacker and defender (enemy)
   at: push_error (core/variant/variant_utility.cpp:1098)
ERROR: Overlap detected at tick 3741 between attacker and defender (enemy)
   at: push_error (core/variant/variant_utility.cpp:1098)
ERROR: Overlap detected at tick 3742 between attacker and defender (enemy)
   at: push_error (core/variant/variant_utility.cpp:1098)
ERROR: Overlap detected at tick 3743 between attacker and defender (enemy)
   at: push_error (core/variant/variant_utility.cpp:1098)
ERROR: Overlap detected at tick 3744 between attacker and defender (enemy)
   at: push_error (core/variant/variant_utility.cpp:1098)
ERROR: Overlap detected at tick 3745 between attacker and defender (enemy)
   at: push_error (core/variant/variant_utility.cpp:1098)
ERROR: Overlap detected at tick 3746 between attacker and defender (enemy)
   at: push_error (core/variant/variant_utility.cpp:1098)
ERROR: Overlap detected at tick 3747 between attacker and defender (enemy)
   at: push_error (core/variant/variant_utility.cpp:1098)
ERROR: Overlap detected at tick 3748 between attacker and defender (enemy)
   at: push_error (core/variant/variant_utility.cpp:1098)
ERROR: Overlap detected at tick 3749 between attacker and defender (enemy)
   at: push_error (core/variant/variant_utility.cpp:1098)
ERROR: Overlap detected at tick 3750 between attacker and defender (enemy)
   at: push_error (core/variant/variant_utility.cpp:1098)
ERROR: Overlap detected at tick 3751 between attacker and defender (enemy)
   at: push_error (core/variant/variant_utility.cpp:1098)
ERROR: Overlap detected at tick 3752 between attacker and defender (enemy)
   at: push_error (core/variant/variant_utility.cpp:1098)
ERROR: Overlap detected at tick 3753 between attacker and defender (enemy)
   at: push_error (core/variant/variant_utility.cpp:1098)
ERROR: Overlap detected at tick 3754 between attacker and defender (enemy)
   at: push_error (core/variant/variant_utility.cpp:1098)
ERROR: Overlap detected at tick 3755 between attacker and defender (enemy)
   at: push_error (core/variant/variant_utility.cpp:1098)
ERROR: Overlap detected at tick 3756 between attacker and defender (enemy)
   at: push_error (core/variant/variant_utility.cpp:1098)
ERROR: Overlap detected at tick 3757 between attacker and defender (enemy)
   at: push_error (core/variant/variant_utility.cpp:1098)
ERROR: Overlap detected at tick 3758 between attacker and defender (enemy)
   at: push_error (core/variant/variant_utility.cpp:1098)
ERROR: Overlap detected at tick 3759 between attacker and defender (enemy)
   at: push_error (core/variant/variant_utility.cpp:1098)
ERROR: Overlap detected at tick 3760 between attacker and defender (enemy)
   at: push_error (core/variant/variant_utility.cpp:1098)
ERROR: Overlap detected at tick 3761 between attacker and defender (enemy)
   at: push_error (core/variant/variant_utility.cpp:1098)
ERROR: Overlap detected at tick 3762 between attacker and defender (enemy)
   at: push_error (core/variant/variant_utility.cpp:1098)
ERROR: Overlap detected at tick 3763 between attacker and defender (enemy)
   at: push_error (core/variant/variant_utility.cpp:1098)
ERROR: Overlap detected at tick 3764 between attacker and defender (enemy)
   at: push_error (core/variant/variant_utility.cpp:1098)
ERROR: Overlap detected at tick 3765 between attacker and defender (enemy)
   at: push_error (core/variant/variant_utility.cpp:1098)
ERROR: Overlap detected at tick 3766 between attacker and defender (enemy)
   at: push_error (core/variant/variant_utility.cpp:1098)
ERROR: Overlap detected at tick 3767 between attacker and defender (enemy)
   at: push_error (core/variant/variant_utility.cpp:1098)
ERROR: Overlap detected at tick 3768 between attacker and defender (enemy)
   at: push_error (core/variant/variant_utility.cpp:1098)
ERROR: Overlap detected at tick 3769 between attacker and defender (enemy)
   at: push_error (core/variant/variant_utility.cpp:1098)
ERROR: Overlap detected at tick 3770 between attacker and defender (enemy)
   at: push_error (core/variant/variant_utility.cpp:1098)
ERROR: Overlap detected at tick 3771 between attacker and defender (enemy)
   at: push_error (core/variant/variant_utility.cpp:1098)
ERROR: Overlap detected at tick 3772 between attacker and defender (enemy)
   at: push_error (core/variant/variant_utility.cpp:1098)
ERROR: Overlap detected at tick 3773 between attacker and defender (enemy)
   at: push_error (core/variant/variant_utility.cpp:1098)
ERROR: Overlap detected at tick 3774 between attacker and defender (enemy)
   at: push_error (core/variant/variant_utility.cpp:1098)
ERROR: Overlap detected at tick 3775 between attacker and defender (enemy)
   at: push_error (core/variant/variant_utility.cpp:1098)
ERROR: Overlap detected at tick 3776 between attacker and defender (enemy)
   at: push_error (core/variant/variant_utility.cpp:1098)
ERROR: Overlap detected at tick 3777 between attacker and defender (enemy)
   at: push_error (core/variant/variant_utility.cpp:1098)
ERROR: Overlap detected at tick 3778 between attacker and defender (enemy)
   at: push_error (core/variant/variant_utility.cpp:1098)
ERROR: Overlap detected at tick 3779 between attacker and defender (enemy)
   at: push_error (core/variant/variant_utility.cpp:1098)
ERROR: Overlap detected at tick 3780 between attacker and defender (enemy)
   at: push_error (core/variant/variant_utility.cpp:1098)
ERROR: Overlap detected at tick 3781 between attacker and defender (enemy)
   at: push_error (core/variant/variant_utility.cpp:1098)
ERROR: Overlap detected at tick 3782 between attacker and defender (enemy)
   at: push_error (core/variant/variant_utility.cpp:1098)
ERROR: Overlap detected at tick 3783 between attacker and defender (enemy)
   at: push_error (core/variant/variant_utility.cpp:1098)
ERROR: Overlap detected at tick 3784 between attacker and defender (enemy)
   at: push_error (core/variant/variant_utility.cpp:1098)
ERROR: Overlap detected at tick 3785 between attacker and defender (enemy)
   at: push_error (core/variant/variant_utility.cpp:1098)
ERROR: Overlap detected at tick 3786 between attacker and defender (enemy)
   at: push_error (core/variant/variant_utility.cpp:1098)
ERROR: Overlap detected at tick 3787 between attacker and defender (enemy)
   at: push_error (core/variant/variant_utility.cpp:1098)
ERROR: Overlap detected at tick 3788 between attacker and defender (enemy)
   at: push_error (core/variant/variant_utility.cpp:1098)
ERROR: Overlap detected at tick 3789 between attacker and defender (enemy)
   at: push_error (core/variant/variant_utility.cpp:1098)
ERROR: Overlap detected at tick 3790 between attacker and defender (enemy)
   at: push_error (core/variant/variant_utility.cpp:1098)
ERROR: Overlap detected at tick 3791 between attacker and defender (enemy)
   at: push_error (core/variant/variant_utility.cpp:1098)
ERROR: Overlap detected at tick 3792 between attacker and defender (enemy)
   at: push_error (core/variant/variant_utility.cpp:1098)
ERROR: Overlap detected at tick 3793 between attacker and defender (enemy)
   at: push_error (core/variant/variant_utility.cpp:1098)
ERROR: Overlap detected at tick 3794 between attacker and defender (enemy)
   at: push_error (core/variant/variant_utility.cpp:1098)
ERROR: Overlap detected at tick 3795 between attacker and defender (enemy)
   at: push_error (core/variant/variant_utility.cpp:1098)
ERROR: Overlap detected at tick 3796 between attacker and defender (enemy)
   at: push_error (core/variant/variant_utility.cpp:1098)
ERROR: Overlap detected at tick 3797 between attacker and defender (enemy)
   at: push_error (core/variant/variant_utility.cpp:1098)
ERROR: Overlap detected at tick 3798 between attacker and defender (enemy)
   at: push_error (core/variant/variant_utility.cpp:1098)
ERROR: Overlap detected at tick 3799 between attacker and defender (enemy)
   at: push_error (core/variant/variant_utility.cpp:1098)
ERROR: Overlap detected at tick 3800 between attacker and defender (enemy)
   at: push_error (core/variant/variant_utility.cpp:1098)
ERROR: Overlap detected at tick 3801 between attacker and defender (enemy)
   at: push_error (core/variant/variant_utility.cpp:1098)
ERROR: Overlap detected at tick 3802 between attacker and defender (enemy)
   at: push_error (core/variant/variant_utility.cpp:1098)
ERROR: Overlap detected at tick 3803 between attacker and defender (enemy)
   at: push_error (core/variant/variant_utility.cpp:1098)
ERROR: Overlap detected at tick 3804 between attacker and defender (enemy)
   at: push_error (core/variant/variant_utility.cpp:1098)
ERROR: Overlap detected at tick 3805 between attacker and defender (enemy)
   at: push_error (core/variant/variant_utility.cpp:1098)
ERROR: Overlap detected at tick 3806 between attacker and defender (enemy)
   at: push_error (core/variant/variant_utility.cpp:1098)
ERROR: Overlap detected at tick 3807 between attacker and defender (enemy)
   at: push_error (core/variant/variant_utility.cpp:1098)
ERROR: Overlap detected at tick 3808 between attacker and defender (enemy)
   at: push_error (core/variant/variant_utility.cpp:1098)
ERROR: Overlap detected at tick 3809 between attacker and defender (enemy)
   at: push_error (core/variant/variant_utility.cpp:1098)
ERROR: Overlap detected at tick 3810 between attacker and defender (enemy)
   at: push_error (core/variant/variant_utility.cpp:1098)
ERROR: Overlap detected at tick 3811 between attacker and defender (enemy)
   at: push_error (core/variant/variant_utility.cpp:1098)
ERROR: Overlap detected at tick 3812 between attacker and defender (enemy)
   at: push_error (core/variant/variant_utility.cpp:1098)
ERROR: Overlap detected at tick 3813 between attacker and defender (enemy)
   at: push_error (core/variant/variant_utility.cpp:1098)
ERROR: Overlap detected at tick 3814 between attacker and defender (enemy)
   at: push_error (core/variant/variant_utility.cpp:1098)
ERROR: Overlap detected at tick 3815 between attacker and defender (enemy)
   at: push_error (core/variant/variant_utility.cpp:1098)
ERROR: Overlap detected at tick 3816 between attacker and defender (enemy)
   at: push_error (core/variant/variant_utility.cpp:1098)
ERROR: Overlap detected at tick 3817 between attacker and defender (enemy)
   at: push_error (core/variant/variant_utility.cpp:1098)
ERROR: Overlap detected at tick 3818 between attacker and defender (enemy)
   at: push_error (core/variant/variant_utility.cpp:1098)
ERROR: Overlap detected at tick 3819 between attacker and defender (enemy)
   at: push_error (core/variant/variant_utility.cpp:1098)
ERROR: Overlap detected at tick 3820 between attacker and defender (enemy)
   at: push_error (core/variant/variant_utility.cpp:1098)
ERROR: Overlap detected at tick 3821 between attacker and defender (enemy)
   at: push_error (core/variant/variant_utility.cpp:1098)
ERROR: Overlap detected at tick 3822 between attacker and defender (enemy)
   at: push_error (core/variant/variant_utility.cpp:1098)
ERROR: Overlap detected at tick 3823 between attacker and defender (enemy)
   at: push_error (core/variant/variant_utility.cpp:1098)
ERROR: Overlap detected at tick 3824 between attacker and defender (enemy)
   at: push_error (core/variant/variant_utility.cpp:1098)
ERROR: Overlap detected at tick 3825 between attacker and defender (enemy)
   at: push_error (core/variant/variant_utility.cpp:1098)
ERROR: Overlap detected at tick 3826 between attacker and defender (enemy)
   at: push_error (core/variant/variant_utility.cpp:1098)
ERROR: Overlap detected at tick 3827 between attacker and defender (enemy)
   at: push_error (core/variant/variant_utility.cpp:1098)
ERROR: Overlap detected at tick 3828 between attacker and defender (enemy)
   at: push_error (core/variant/variant_utility.cpp:1098)
ERROR: Overlap detected at tick 3829 between attacker and defender (enemy)
   at: push_error (core/variant/variant_utility.cpp:1098)
ERROR: Overlap detected at tick 3830 between attacker and defender (enemy)
   at: push_error (core/variant/variant_utility.cpp:1098)
ERROR: Overlap detected at tick 3831 between attacker and defender (enemy)
   at: push_error (core/variant/variant_utility.cpp:1098)
ERROR: Overlap detected at tick 3832 between attacker and defender (enemy)
   at: push_error (core/variant/variant_utility.cpp:1098)
ERROR: Overlap detected at tick 3833 between attacker and defender (enemy)
   at: push_error (core/variant/variant_utility.cpp:1098)
ERROR: Overlap detected at tick 3834 between attacker and defender (enemy)
   at: push_error (core/variant/variant_utility.cpp:1098)
ERROR: Overlap detected at tick 3835 between attacker and defender (enemy)
   at: push_error (core/variant/variant_utility.cpp:1098)
ERROR: Overlap detected at tick 3836 between attacker and defender (enemy)
   at: push_error (core/variant/variant_utility.cpp:1098)
ERROR: Overlap detected at tick 3837 between attacker and defender (enemy)
   at: push_error (core/variant/variant_utility.cpp:1098)
ERROR: Overlap detected at tick 3838 between attacker and defender (enemy)
   at: push_error (core/variant/variant_utility.cpp:1098)
ERROR: Overlap detected at tick 3839 between attacker and defender (enemy)
   at: push_error (core/variant/variant_utility.cpp:1098)
ERROR: Overlap detected at tick 3840 between attacker and defender (enemy)
   at: push_error (core/variant/variant_utility.cpp:1098)
ERROR: Overlap detected at tick 3841 between attacker and defender (enemy)
   at: push_error (core/variant/variant_utility.cpp:1098)
ERROR: Overlap detected at tick 3842 between attacker and defender (enemy)
   at: push_error (core/variant/variant_utility.cpp:1098)
ERROR: Overlap detected at tick 3843 between attacker and defender (enemy)
   at: push_error (core/variant/variant_utility.cpp:1098)
ERROR: Overlap detected at tick 3844 between attacker and defender (enemy)
   at: push_error (core/variant/variant_utility.cpp:1098)
ERROR: Overlap detected at tick 3845 between attacker and defender (enemy)
   at: push_error (core/variant/variant_utility.cpp:1098)
ERROR: Overlap detected at tick 3846 between attacker and defender (enemy)
   at: push_error (core/variant/variant_utility.cpp:1098)
ERROR: Overlap detected at tick 3847 between attacker and defender (enemy)
   at: push_error (core/variant/variant_utility.cpp:1098)
ERROR: Overlap detected at tick 3848 between attacker and defender (enemy)
   at: push_error (core/variant/variant_utility.cpp:1098)
ERROR: Overlap detected at tick 3849 between attacker and defender (enemy)
   at: push_error (core/variant/variant_utility.cpp:1098)
ERROR: Overlap detected at tick 3850 between attacker and defender (enemy)
   at: push_error (core/variant/variant_utility.cpp:1098)
ERROR: Overlap detected at tick 3851 between attacker and defender (enemy)
   at: push_error (core/variant/variant_utility.cpp:1098)
ERROR: Overlap detected at tick 3852 between attacker and defender (enemy)
   at: push_error (core/variant/variant_utility.cpp:1098)
ERROR: Overlap detected at tick 3853 between attacker and defender (enemy)
   at: push_error (core/variant/variant_utility.cpp:1098)
ERROR: Overlap detected at tick 3854 between attacker and defender (enemy)
   at: push_error (core/variant/variant_utility.cpp:1098)
ERROR: Overlap detected at tick 3855 between attacker and defender (enemy)
   at: push_error (core/variant/variant_utility.cpp:1098)
ERROR: Overlap detected at tick 3856 between attacker and defender (enemy)
   at: push_error (core/variant/variant_utility.cpp:1098)
ERROR: Overlap detected at tick 3857 between attacker and defender (enemy)
   at: push_error (core/variant/variant_utility.cpp:1098)
ERROR: Overlap detected at tick 3858 between attacker and defender (enemy)
   at: push_error (core/variant/variant_utility.cpp:1098)
ERROR: Overlap detected at tick 3859 between attacker and defender (enemy)
   at: push_error (core/variant/variant_utility.cpp:1098)
ERROR: Overlap detected at tick 3860 between attacker and defender (enemy)
   at: push_error (core/variant/variant_utility.cpp:1098)
ERROR: Overlap detected at tick 3861 between attacker and defender (enemy)
   at: push_error (core/variant/variant_utility.cpp:1098)
ERROR: Overlap detected at tick 3862 between attacker and defender (enemy)
   at: push_error (core/variant/variant_utility.cpp:1098)
ERROR: Overlap detected at tick 3863 between attacker and defender (enemy)
   at: push_error (core/variant/variant_utility.cpp:1098)
ERROR: Overlap detected at tick 3864 between attacker and defender (enemy)
   at: push_error (core/variant/variant_utility.cpp:1098)
ERROR: Overlap detected at tick 3865 between attacker and defender (enemy)
   at: push_error (core/variant/variant_utility.cpp:1098)
ERROR: Overlap detected at tick 3866 between attacker and defender (enemy)
   at: push_error (core/variant/variant_utility.cpp:1098)
ERROR: Overlap detected at tick 3867 between attacker and defender (enemy)
   at: push_error (core/variant/variant_utility.cpp:1098)
ERROR: Overlap detected at tick 3868 between attacker and defender (enemy)
   at: push_error (core/variant/variant_utility.cpp:1098)
ERROR: Overlap detected at tick 3869 between attacker and defender (enemy)
   at: push_error (core/variant/variant_utility.cpp:1098)
ERROR: Overlap detected at tick 3870 between attacker and defender (enemy)
   at: push_error (core/variant/variant_utility.cpp:1098)
ERROR: Overlap detected at tick 3871 between attacker and defender (enemy)
   at: push_error (core/variant/variant_utility.cpp:1098)
ERROR: Overlap detected at tick 3872 between attacker and defender (enemy)
   at: push_error (core/variant/variant_utility.cpp:1098)
ERROR: Overlap detected at tick 3873 between attacker and defender (enemy)
   at: push_error (core/variant/variant_utility.cpp:1098)
ERROR: Overlap detected at tick 3874 between attacker and defender (enemy)
   at: push_error (core/variant/variant_utility.cpp:1098)
ERROR: Overlap detected at tick 3875 between attacker and defender (enemy)
   at: push_error (core/variant/variant_utility.cpp:1098)
ERROR: Overlap detected at tick 3876 between attacker and defender (enemy)
   at: push_error (core/variant/variant_utility.cpp:1098)
ERROR: Overlap detected at tick 3877 between attacker and defender (enemy)
   at: push_error (core/variant/variant_utility.cpp:1098)
ERROR: Overlap detected at tick 3878 between attacker and defender (enemy)
   at: push_error (core/variant/variant_utility.cpp:1098)
ERROR: Overlap detected at tick 3879 between attacker and defender (enemy)
   at: push_error (core/variant/variant_utility.cpp:1098)
ERROR: Overlap detected at tick 3880 between attacker and defender (enemy)
   at: push_error (core/variant/variant_utility.cpp:1098)
ERROR: Overlap detected at tick 3881 between attacker and defender (enemy)
   at: push_error (core/variant/variant_utility.cpp:1098)
ERROR: Overlap detected at tick 3882 between attacker and defender (enemy)
   at: push_error (core/variant/variant_utility.cpp:1098)
ERROR: Overlap detected at tick 3883 between attacker and defender (enemy)
   at: push_error (core/variant/variant_utility.cpp:1098)
ERROR: Overlap detected at tick 3884 between attacker and defender (enemy)
   at: push_error (core/variant/variant_utility.cpp:1098)
ERROR: Overlap detected at tick 3885 between attacker and defender (enemy)
   at: push_error (core/variant/variant_utility.cpp:1098)
ERROR: Overlap detected at tick 3886 between attacker and defender (enemy)
   at: push_error (core/variant/variant_utility.cpp:1098)
ERROR: Overlap detected at tick 3887 between attacker and defender (enemy)
   at: push_error (core/variant/variant_utility.cpp:1098)
ERROR: Overlap detected at tick 3888 between attacker and defender (enemy)
   at: push_error (core/variant/variant_utility.cpp:1098)
ERROR: Overlap detected at tick 3889 between attacker and defender (enemy)
   at: push_error (core/variant/variant_utility.cpp:1098)
ERROR: Overlap detected at tick 3890 between attacker and defender (enemy)
   at: push_error (core/variant/variant_utility.cpp:1098)
ERROR: Overlap detected at tick 3891 between attacker and defender (enemy)
   at: push_error (core/variant/variant_utility.cpp:1098)
ERROR: Overlap detected at tick 3892 between attacker and defender (enemy)
   at: push_error (core/variant/variant_utility.cpp:1098)
ERROR: Overlap detected at tick 3893 between attacker and defender (enemy)
   at: push_error (core/variant/variant_utility.cpp:1098)
ERROR: Overlap detected at tick 3894 between attacker and defender (enemy)
   at: push_error (core/variant/variant_utility.cpp:1098)
ERROR: Overlap detected at tick 3895 between attacker and defender (enemy)
   at: push_error (core/variant/variant_utility.cpp:1098)
ERROR: Overlap detected at tick 3896 between attacker and defender (enemy)
   at: push_error (core/variant/variant_utility.cpp:1098)
ERROR: Overlap detected at tick 3897 between attacker and defender (enemy)
   at: push_error (core/variant/variant_utility.cpp:1098)
ERROR: Overlap detected at tick 3898 between attacker and defender (enemy)
   at: push_error (core/variant/variant_utility.cpp:1098)
ERROR: Overlap detected at tick 3899 between attacker and defender (enemy)
   at: push_error (core/variant/variant_utility.cpp:1098)
ERROR: Overlap detected at tick 3900 between attacker and defender (enemy)
   at: push_error (core/variant/variant_utility.cpp:1098)
ERROR: Overlap detected at tick 3901 between attacker and defender (enemy)
   at: push_error (core/variant/variant_utility.cpp:1098)
ERROR: Overlap detected at tick 3902 between attacker and defender (enemy)
   at: push_error (core/variant/variant_utility.cpp:1098)
ERROR: Overlap detected at tick 3903 between attacker and defender (enemy)
   at: push_error (core/variant/variant_utility.cpp:1098)
ERROR: Overlap detected at tick 3904 between attacker and defender (enemy)
   at: push_error (core/variant/variant_utility.cpp:1098)
ERROR: Overlap detected at tick 3905 between attacker and defender (enemy)
   at: push_error (core/variant/variant_utility.cpp:1098)
ERROR: Overlap detected at tick 3906 between attacker and defender (enemy)
   at: push_error (core/variant/variant_utility.cpp:1098)
ERROR: Overlap detected at tick 3907 between attacker and defender (enemy)
   at: push_error (core/variant/variant_utility.cpp:1098)
ERROR: Overlap detected at tick 3908 between attacker and defender (enemy)
   at: push_error (core/variant/variant_utility.cpp:1098)
ERROR: Overlap detected at tick 3909 between attacker and defender (enemy)
   at: push_error (core/variant/variant_utility.cpp:1098)
ERROR: Overlap detected at tick 3910 between attacker and defender (enemy)
   at: push_error (core/variant/variant_utility.cpp:1098)
ERROR: Overlap detected at tick 3911 between attacker and defender (enemy)
   at: push_error (core/variant/variant_utility.cpp:1098)
ERROR: Overlap detected at tick 3912 between attacker and defender (enemy)
   at: push_error (core/variant/variant_utility.cpp:1098)
ERROR: Overlap detected at tick 3913 between attacker and defender (enemy)
   at: push_error (core/variant/variant_utility.cpp:1098)
ERROR: Overlap detected at tick 3914 between attacker and defender (enemy)
   at: push_error (core/variant/variant_utility.cpp:1098)
ERROR: Overlap detected at tick 3915 between attacker and defender (enemy)
   at: push_error (core/variant/variant_utility.cpp:1098)
ERROR: Overlap detected at tick 3916 between attacker and defender (enemy)
   at: push_error (core/variant/variant_utility.cpp:1098)
ERROR: Overlap detected at tick 3917 between attacker and defender (enemy)
   at: push_error (core/variant/variant_utility.cpp:1098)
ERROR: Overlap detected at tick 3918 between attacker and defender (enemy)
   at: push_error (core/variant/variant_utility.cpp:1098)
ERROR: Overlap detected at tick 3919 between attacker and defender (enemy)
   at: push_error (core/variant/variant_utility.cpp:1098)
ERROR: Overlap detected at tick 3920 between attacker and defender (enemy)
   at: push_error (core/variant/variant_utility.cpp:1098)
ERROR: Overlap detected at tick 3921 between attacker and defender (enemy)
   at: push_error (core/variant/variant_utility.cpp:1098)
ERROR: Overlap detected at tick 3922 between attacker and defender (enemy)
   at: push_error (core/variant/variant_utility.cpp:1098)
ERROR: Overlap detected at tick 3923 between attacker and defender (enemy)
   at: push_error (core/variant/variant_utility.cpp:1098)
ERROR: Overlap detected at tick 3924 between attacker and defender (enemy)
   at: push_error (core/variant/variant_utility.cpp:1098)
ERROR: Overlap detected at tick 3925 between attacker and defender (enemy)
   at: push_error (core/variant/variant_utility.cpp:1098)
ERROR: Overlap detected at tick 3926 between attacker and defender (enemy)
   at: push_error (core/variant/variant_utility.cpp:1098)
ERROR: Overlap detected at tick 3927 between attacker and defender (enemy)
   at: push_error (core/variant/variant_utility.cpp:1098)
ERROR: Overlap detected at tick 3928 between attacker and defender (enemy)
   at: push_error (core/variant/variant_utility.cpp:1098)
ERROR: Overlap detected at tick 3929 between attacker and defender (enemy)
   at: push_error (core/variant/variant_utility.cpp:1098)
ERROR: Overlap detected at tick 3930 between attacker and defender (enemy)
   at: push_error (core/variant/variant_utility.cpp:1098)
ERROR: Overlap detected at tick 3931 between attacker and defender (enemy)
   at: push_error (core/variant/variant_utility.cpp:1098)
ERROR: Overlap detected at tick 3932 between attacker and defender (enemy)
   at: push_error (core/variant/variant_utility.cpp:1098)
ERROR: Overlap detected at tick 3933 between attacker and defender (enemy)
   at: push_error (core/variant/variant_utility.cpp:1098)
ERROR: Overlap detected at tick 3934 between attacker and defender (enemy)
   at: push_error (core/variant/variant_utility.cpp:1098)
ERROR: Overlap detected at tick 3935 between attacker and defender (enemy)
   at: push_error (core/variant/variant_utility.cpp:1098)
ERROR: Overlap detected at tick 3936 between attacker and defender (enemy)
   at: push_error (core/variant/variant_utility.cpp:1098)
ERROR: Overlap detected at tick 3937 between attacker and defender (enemy)
   at: push_error (core/variant/variant_utility.cpp:1098)
ERROR: Overlap detected at tick 3938 between attacker and defender (enemy)
   at: push_error (core/variant/variant_utility.cpp:1098)
ERROR: Overlap detected at tick 3939 between attacker and defender (enemy)
   at: push_error (core/variant/variant_utility.cpp:1098)
ERROR: Overlap detected at tick 3940 between attacker and defender (enemy)
   at: push_error (core/variant/variant_utility.cpp:1098)
ERROR: Overlap detected at tick 3941 between attacker and defender (enemy)
   at: push_error (core/variant/variant_utility.cpp:1098)
ERROR: Overlap detected at tick 3942 between attacker and defender (enemy)
   at: push_error (core/variant/variant_utility.cpp:1098)
ERROR: Overlap detected at tick 3943 between attacker and defender (enemy)
   at: push_error (core/variant/variant_utility.cpp:1098)
ERROR: Overlap detected at tick 3944 between attacker and defender (enemy)
   at: push_error (core/variant/variant_utility.cpp:1098)
ERROR: Overlap detected at tick 3945 between attacker and defender (enemy)
   at: push_error (core/variant/variant_utility.cpp:1098)
ERROR: Overlap detected at tick 3946 between attacker and defender (enemy)
   at: push_error (core/variant/variant_utility.cpp:1098)
ERROR: Overlap detected at tick 3947 between attacker and defender (enemy)
   at: push_error (core/variant/variant_utility.cpp:1098)
ERROR: Overlap detected at tick 3948 between attacker and defender (enemy)
   at: push_error (core/variant/variant_utility.cpp:1098)
ERROR: Overlap detected at tick 3949 between attacker and defender (enemy)
   at: push_error (core/variant/variant_utility.cpp:1098)
ERROR: Overlap detected at tick 3950 between attacker and defender (enemy)
   at: push_error (core/variant/variant_utility.cpp:1098)
ERROR: Overlap detected at tick 3951 between attacker and defender (enemy)
   at: push_error (core/variant/variant_utility.cpp:1098)
ERROR: Overlap detected at tick 3952 between attacker and defender (enemy)
   at: push_error (core/variant/variant_utility.cpp:1098)
ERROR: Overlap detected at tick 3953 between attacker and defender (enemy)
   at: push_error (core/variant/variant_utility.cpp:1098)
ERROR: Overlap detected at tick 3954 between attacker and defender (enemy)
   at: push_error (core/variant/variant_utility.cpp:1098)
ERROR: Overlap detected at tick 3955 between attacker and defender (enemy)
   at: push_error (core/variant/variant_utility.cpp:1098)
ERROR: Overlap detected at tick 3956 between attacker and defender (enemy)
   at: push_error (core/variant/variant_utility.cpp:1098)
ERROR: Overlap detected at tick 3957 between attacker and defender (enemy)
   at: push_error (core/variant/variant_utility.cpp:1098)
ERROR: Overlap detected at tick 3958 between attacker and defender (enemy)
   at: push_error (core/variant/variant_utility.cpp:1098)
ERROR: Overlap detected at tick 3959 between attacker and defender (enemy)
   at: push_error (core/variant/variant_utility.cpp:1098)
ERROR: Overlap detected at tick 3960 between attacker and defender (enemy)
   at: push_error (core/variant/variant_utility.cpp:1098)
ERROR: Overlap detected at tick 3961 between attacker and defender (enemy)
   at: push_error (core/variant/variant_utility.cpp:1098)
ERROR: Overlap detected at tick 3962 between attacker and defender (enemy)
   at: push_error (core/variant/variant_utility.cpp:1098)
ERROR: Overlap detected at tick 3963 between attacker and defender (enemy)
   at: push_error (core/variant/variant_utility.cpp:1098)
ERROR: Overlap detected at tick 3964 between attacker and defender (enemy)
   at: push_error (core/variant/variant_utility.cpp:1098)
ERROR: Overlap detected at tick 3965 between attacker and defender (enemy)
   at: push_error (core/variant/variant_utility.cpp:1098)
ERROR: Overlap detected at tick 3966 between attacker and defender (enemy)
   at: push_error (core/variant/variant_utility.cpp:1098)
ERROR: Overlap detected at tick 3967 between attacker and defender (enemy)
   at: push_error (core/variant/variant_utility.cpp:1098)
ERROR: Overlap detected at tick 3968 between attacker and defender (enemy)
   at: push_error (core/variant/variant_utility.cpp:1098)
ERROR: Overlap detected at tick 3969 between attacker and defender (enemy)
   at: push_error (core/variant/variant_utility.cpp:1098)
ERROR: Overlap detected at tick 3970 between attacker and defender (enemy)
   at: push_error (core/variant/variant_utility.cpp:1098)
ERROR: Overlap detected at tick 3971 between attacker and defender (enemy)
   at: push_error (core/variant/variant_utility.cpp:1098)
ERROR: Overlap detected at tick 3972 between attacker and defender (enemy)
   at: push_error (core/variant/variant_utility.cpp:1098)
ERROR: Overlap detected at tick 3973 between attacker and defender (enemy)
   at: push_error (core/variant/variant_utility.cpp:1098)
ERROR: Overlap detected at tick 3974 between attacker and defender (enemy)
   at: push_error (core/variant/variant_utility.cpp:1098)
ERROR: Overlap detected at tick 3975 between attacker and defender (enemy)
   at: push_error (core/variant/variant_utility.cpp:1098)
ERROR: Overlap detected at tick 3976 between attacker and defender (enemy)
   at: push_error (core/variant/variant_utility.cpp:1098)
ERROR: Overlap detected at tick 3977 between attacker and defender (enemy)
   at: push_error (core/variant/variant_utility.cpp:1098)
ERROR: Overlap detected at tick 3978 between attacker and defender (enemy)
   at: push_error (core/variant/variant_utility.cpp:1098)
ERROR: Overlap detected at tick 3979 between attacker and defender (enemy)
   at: push_error (core/variant/variant_utility.cpp:1098)
ERROR: Overlap detected at tick 3980 between attacker and defender (enemy)
   at: push_error (core/variant/variant_utility.cpp:1098)
ERROR: Overlap detected at tick 3981 between attacker and defender (enemy)
   at: push_error (core/variant/variant_utility.cpp:1098)
ERROR: Overlap detected at tick 3982 between attacker and defender (enemy)
   at: push_error (core/variant/variant_utility.cpp:1098)
ERROR: Overlap detected at tick 3983 between attacker and defender (enemy)
   at: push_error (core/variant/variant_utility.cpp:1098)
ERROR: Overlap detected at tick 3984 between attacker and defender (enemy)
   at: push_error (core/variant/variant_utility.cpp:1098)
ERROR: Overlap detected at tick 3985 between attacker and defender (enemy)
   at: push_error (core/variant/variant_utility.cpp:1098)
ERROR: Overlap detected at tick 3986 between attacker and defender (enemy)
   at: push_error (core/variant/variant_utility.cpp:1098)
ERROR: Overlap detected at tick 3987 between attacker and defender (enemy)
   at: push_error (core/variant/variant_utility.cpp:1098)
ERROR: Overlap detected at tick 3988 between attacker and defender (enemy)
   at: push_error (core/variant/variant_utility.cpp:1098)
ERROR: Overlap detected at tick 3989 between attacker and defender (enemy)
   at: push_error (core/variant/variant_utility.cpp:1098)
ERROR: Overlap detected at tick 3990 between attacker and defender (enemy)
   at: push_error (core/variant/variant_utility.cpp:1098)
ERROR: Overlap detected at tick 3991 between attacker and defender (enemy)
   at: push_error (core/variant/variant_utility.cpp:1098)
ERROR: Overlap detected at tick 3992 between attacker and defender (enemy)
   at: push_error (core/variant/variant_utility.cpp:1098)
ERROR: Overlap detected at tick 3993 between attacker and defender (enemy)
   at: push_error (core/variant/variant_utility.cpp:1098)
ERROR: Overlap detected at tick 3994 between attacker and defender (enemy)
   at: push_error (core/variant/variant_utility.cpp:1098)
ERROR: Overlap detected at tick 3995 between attacker and defender (enemy)
   at: push_error (core/variant/variant_utility.cpp:1098)
ERROR: Overlap detected at tick 3996 between attacker and defender (enemy)
   at: push_error (core/variant/variant_utility.cpp:1098)
ERROR: Overlap detected at tick 3997 between attacker and defender (enemy)
   at: push_error (core/variant/variant_utility.cpp:1098)
ERROR: Overlap detected at tick 3998 between attacker and defender (enemy)
   at: push_error (core/variant/variant_utility.cpp:1098)
ERROR: Overlap detected at tick 3999 between attacker and defender (enemy)
   at: push_error (core/variant/variant_utility.cpp:1098)
ERROR: Overlap detected at tick 4000 between attacker and defender (enemy)
   at: push_error (core/variant/variant_utility.cpp:1098)
