3:[WO-010] Compass test PASS (32/32)
12:[WO-010] Fast-mode certification PASS (seed 12345 trace byte-identical)
17:[WO-011] Threaded certification PASS (seed 12345 trace byte-identical)
22:[WO-010] S1 seed 1000 PASS winner=red_1 combat=75.8s
27:[WO-010] S1 seed 1001 PASS winner=red_1 combat=80.6s
32:[WO-010] S1 seed 1002 PASS winner=blue_1 combat=76.0s
37:[WO-010] S1 seed 1003 PASS winner=blue_1 combat=83.9s
42:[WO-010] S1 seed 1004 PASS winner=red_1 combat=83.4s
47:[WO-010] S1 seed 1005 PASS winner=red_1 combat=73.2s
52:[WO-010] S1 seed 1006 PASS winner=red_1 combat=77.0s
57:[WO-010] S1 seed 1007 PASS winner=blue_1 combat=82.4s
62:[WO-010] S1 seed 1008 PASS winner=red_1 combat=81.0s
67:[WO-010] S1 seed 1009 PASS winner=red_1 combat=84.6s
72:[WO-010] S1 seed 12345 PASS winner=blue_1 combat=81.6s
77:[WO-010] S2 seed 1000 PASS combat=61.2s rout=68.12
82:[WO-010] S2 seed 1001 PASS combat=61.2s rout=68.12
87:[WO-010] S2 seed 1002 PASS combat=61.2s rout=68.12
92:[WO-010] S2 seed 1003 PASS combat=61.2s rout=68.12
97:[WO-010] S2 seed 1004 PASS combat=61.2s rout=68.12
102:[WO-010] S2 seed 1005 PASS combat=61.2s rout=68.12
107:[WO-010] S2 seed 1006 PASS combat=61.2s rout=68.12
112:[WO-010] S2 seed 1007 PASS combat=61.2s rout=68.12
117:[WO-010] S2 seed 1008 PASS combat=61.2s rout=68.12
122:[WO-010] S2 seed 1009 PASS combat=61.2s rout=68.12
127:[WO-010] S2 seed 12345 PASS combat=61.2s rout=68.12
141:[WO-013] S3 PASS ratio=0.282 rout=76.27 (ratio band deferred to TD)
148:[WO-010] S4 PASS front=2.747 corner=4.964 side=6.013
156:[WO-010] S5 PASS standard=removed rally=hold cohesion=50.0
159:[WO-010] S6 PASS rally=removed pursuit_ticks=243 strength=0.00
162:[WO-010] S7 PASS shocks=2 shock_tips_wavering=false
171:[WO-010] S8 PASS single_damage=28.72 triple_damage=54.76 ratio=1.907
216:[WO-013] S9 PASS heavy_wins=11/11 casualty_ratio_seed1000=0.144
221:[WO-013b] S10 PASS winner=blue_1 chip_tick=0.0350 trace_floor_ok=true
230:[WO-013b] S11 PASS control=55.2s breach=55.20s/8.15 dmg anti_armor=63.8s breach=16.30s/46.93 dmg
235:[WO-014] S12 PASS volleys=18 approach_lost=8.04% total_lost=9.33 panic=true
240:[WO-014] S13 sight PASS first_volley_m=149.9
245:[WO-014] S13 at70 PASS first_volley_m=104.9
248:[WO-014] S13 engaged PASS first_volley_m=130.0
251:[WO-014] S14 PASS ff_events=1 friendly_lost=0.03
254:[WO-014] S14 control PASS ff_events=0
259:[WO-014] S15 PASS volleys=3 ammo_empty=true
262:[WO-014] S16 leather PASS volleys=30 lost=44.40%
265:[WO-014] S16 plate PASS volleys=30 lost=10.80% chip_expected=10.80
270:[WO-018] S17 RETIRED PASS superseded by S23 (braced hold); see S17b for shaken rout
275:[WO-018] S17 adj RETIRED PASS superseded by S24–S26 unaware cases
280:[WO-017] S17b PASS shock=46.010 land_from_40=-6.01 tier=1 combat=0.0s winner=red_cav
285:[WO-016] S18 PASS impact=21.601 reflected=10.800 cav_str=80.25 winner=blue_spears
290:[WO-016] S19 PASS impact=21.601 shock=76.683 braced=false closing=13.420
295:[WO-019] S20 20m PASS closing=2.820 charged=false (sim-m/s)
300:[WO-019] S20 120m PASS closing=11.280 impact=18.156 short_closing=2.820 (sim-m/s)
305:[WO-016c] S21 PASS edge=left edge_mult=1.50 base_shock=68.91 shock=103.37 land=-3.37 winner=red_cav
310:[WO-017] S22 PASS tier=1 shock=46.01 land=53.99 combat=52.7s winner=blue_inf cav_str=66.1 inf_str=93.5
315:[WO-017] S23 PASS tier=1 shock=46.01 land=53.99 combat=52.7s winner=blue_inf cav_str=66.1 inf_str=93.5
320:[WO-017] S24 PASS tier=3 shock=76.68 land=23.32 winner=red_cav
325:[WO-017] S25 PASS tier=3 shock=71.20 land=28.80
330:[WO-017] S26 PASS tier=3 shock=76.68 land=23.32
335:[WO-019] S27 PASS closing=13.420 unit_speed=13.420 samples=450 commit=true accel=true
340:[WO-019] S28 PASS impact=3.018 shock=6.43 land=93.57 closing=3.000 tier=1 (WO-018 was 7.79/16.6/83.4)
357:[WO-019] S29 PASS 20m:v=2.82/i=0.00 60m:v=7.44/i=11.98 120m:v=11.28/i=18.16 200m:v=13.42/i=21.60
360:[WO-020b] S30 PASS sk_t=1.40s lost_str=4.62/coh=12.84 sp_t=2.40s lost_str=6.04/coh=17.39 ratio=1.31
363:[WO-020b] S31 PASS spears_t=13.00s drain=20.800 inf_t=7.80s drain=10.400 ratio=2.00
366:[WO-020b] S32 PASS str_fail=89.18 str_dis=88.49 str_rech=79.02 impact2=18.904 (WO-020 was 89.18/88.84/79.19)
369:[WO-020b] S33 PASS edges=front/front red_dot=0.945 blue_dot=0.945 rot_deg=1.1/1.1
372:[WO-020b] S34 PASS samples=20 flank_persist=true no_reface=true
378:[WO-021] S36 PASS combat=50.0s displace_m=12.13 routed=blue_uphill (flat S1 combat~81.6s)
384:[WO-021] S37 PASS down_v=13.122/i=21.121 up_v=8.775/i=14.124 ratio=1.495
387:[WO-021] S38 PASS down_first=172.5m up_first=127.3m
393:[WO-021] S39 PASS winner=blue_hold combat=64.0s routed=red_climb str_at_rout=67.25
396:[WO-011] Perf40 sim_thread avg_tick_ms=1.577 p95_tick_ms=1.808 max_tick_ms=47.337 ticks=763732
397:[WO-011] Perf40 environmental actuals (cloud, not designer-desktop gate): min_fps=0.2 avg_fps=30.0 avg_tick_ms=0.000 p95_tick_ms=0.000 ticks=0
404:[WO-010] Spatial-grid tick perf (after partitioning, cloud env):
408:[WO-015] Meta PASS=70 FAIL=0 expected_green_pass=70 exit=0
