Godot Engine v4.4.1.stable.official.49a5bc7b6 - https://godotengine.org

SCRIPT ERROR: Compile Error: Identifier not found: Constants
          at: GDScript::reload (res://scripts/unit.gd:88)
SCRIPT ERROR: Compile Error: Failed to compile depended scripts.
          at: GDScript::reload (res://tests/_probe_wo017_spectrum.gd:0)
ERROR: Failed to load script "res://tests/_probe_wo017_spectrum.gd" with error "Compilation failed".
   at: load (modules/gdscript/gdscript.cpp:3022)
=== WO-017 SPECTRUM (coeff=3.55 instinctive_mult=0.60) ===
[RNG] Battle seed set: 1000
[Scenario 01] Battle seed: 1000
ROW T1_front_c100 tier=1 edge=front shock=46.01 start=100 after_stored=53.99 land_arith=53.99 band=steady winner=blue_inf
[RNG] Battle seed set: 1000
[Scenario 01] Battle seed: 1000
ROW T1_front_c70 tier=1 edge=front shock=46.01 start=70 after_stored=23.99 land_arith=23.99 band=wavering winner=red_cav
[RNG] Battle seed set: 1000
[Scenario 01] Battle seed: 1000
ROW T1_front_c40 tier=1 edge=front shock=46.01 start=40 after_stored=0.00 land_arith=-6.01 band=rout winner=red_cav
[RNG] Battle seed set: 1000
[Scenario 01] Battle seed: 1000
ROW T3_march_c100 tier=3 edge=front shock=76.68 start=100 after_stored=23.32 land_arith=23.32 band=wavering winner=red_cav
[RNG] Battle seed set: 1000
[Scenario 01] Battle seed: 1000
ROW T3_march_c70 tier=3 edge=front shock=76.68 start=70 after_stored=0.00 land_arith=-6.68 band=rout winner=red_cav
[RNG] Battle seed set: 1000
[Scenario 01] Battle seed: 1000
ROW T3_march_c40 tier=3 edge=front shock=76.68 start=40 after_stored=0.00 land_arith=-36.68 band=rout winner=red_cav
[RNG] Battle seed set: 1000
[Scenario 01] Battle seed: 1000
ROW T3_late_c100 tier=3 edge=front shock=76.68 start=100 after_stored=23.32 land_arith=23.32 band=wavering winner=red_cav
[RNG] Battle seed set: 1000
[Scenario 01] Battle seed: 1000
ROW flank_c100 tier=3 edge=left shock=115.02 start=100 after_stored=0.00 land_arith=-15.02 band=rout winner=red_cav
[RNG] Battle seed set: 1000
[Scenario 01] Battle seed: 1000
ROW flank_c70 tier=3 edge=left shock=115.02 start=70 after_stored=0.00 land_arith=-45.02 band=rout winner=red_cav
[RNG] Battle seed set: 1000
[Scenario 01] Battle seed: 1000
ROW flank_c40 tier=3 edge=left shock=115.02 start=40 after_stored=0.00 land_arith=-75.02 band=rout winner=red_cav
[RNG] Battle seed set: 1000
[Scenario 01] Battle seed: 1000
ROW rear_c100 tier=3 edge=rear shock=153.36 start=100 after_stored=0.00 land_arith=-53.36 band=rout winner=red_cav
[RNG] Battle seed set: 1000
[Scenario 01] Battle seed: 1000
ROW rear_c70 tier=3 edge=rear shock=153.36 start=70 after_stored=0.00 land_arith=-83.36 band=rout winner=red_cav
[RNG] Battle seed set: 1000
[Scenario 01] Battle seed: 1000
ROW rear_c40 tier=3 edge=rear shock=153.36 start=40 after_stored=0.00 land_arith=-113.36 band=rout winner=red_cav
[RNG] Battle seed set: 1000
[Scenario 01] Battle seed: 1000
ROW T2_pierce_c100 tier=2 edge=front shock=0.00 start=100 after_stored=100.00 land_arith=100.00 band=steady winner=blue_spears
