Godot Engine v4.4.1.stable.official.49a5bc7b6 - https://godotengine.org

SCRIPT ERROR: Compile Error: Identifier not found: Constants
          at: GDScript::reload (res://scripts/unit.gd:106)
ERROR: Failed to load script "res://scripts/unit.gd" with error "Compilation failed".
   at: load (modules/gdscript/gdscript.cpp:3022)
SCRIPT ERROR: Compile Error: Identifier not found: Constants
          at: GDScript::reload (res://scripts/scenario_01.gd:64)
SCRIPT ERROR: Compile Error: Failed to compile depended scripts.
          at: GDScript::reload (res://tests/wo028_cert_harness.gd:0)
ERROR: Failed to load script "res://tests/wo028_cert_harness.gd" with error "Compilation failed".
   at: load (modules/gdscript/gdscript.cpp:3022)
WO028_CERT_HARNESS qod=true auto_run_default_probe
HARNESS realtime auto_run=true
[RNG] Battle seed set: 12345
[Scenario 01] Battle seed: 12345
[Scenario 01] Trace written: res://tests/traces/scenario_01_12345.csv
[Scenario 01] SUMMARY | winner=blue_1 | march=61.7s | combat=67.0s | flee=152.2s | winner_strength=76.99 | winner_cohesion=42.46
HARNESS realtime winner=blue_1 combat=67.0 len=33309
HARNESS realtime 0.0,EVENT,QUALITY_OF_DAY,red_1=0.962648
HARNESS realtime 0.0,EVENT,QUALITY_OF_DAY,blue_1=0.993980
HARNESS fast auto_run=true
[RNG] Battle seed set: 12345
[Scenario 01] Battle seed: 12345
[Scenario 01] Trace written: res://tests/traces/scenario_01_12345.csv
[Scenario 01] SUMMARY | winner=blue_1 | march=61.7s | combat=67.0s | flee=152.2s | winner_strength=76.99 | winner_cohesion=42.46
HARNESS fast winner=blue_1 combat=67.0 len=33309
HARNESS fast 0.0,EVENT,QUALITY_OF_DAY,red_1=0.962648
HARNESS fast 0.0,EVENT,QUALITY_OF_DAY,blue_1=0.993980
HARNESS rt_vs_fast identical=true
[RNG] Battle seed set: 12345
[Scenario 01] Battle seed: 12345
[Scenario 01] Trace written: res://tests/traces/scenario_01_12345.csv
[Scenario 01] SUMMARY | winner=blue_1 | march=61.7s | combat=67.0s | flee=152.2s | winner_strength=76.99 | winner_cohesion=42.46
[RNG] Battle seed set: 12345
[Scenario 01] Battle seed: 12345
[Scenario 01] Trace written: res://tests/traces/scenario_01_12345.csv
[Scenario 01] SUMMARY | winner=blue_1 | march=61.7s | combat=67.0s | flee=152.2s | winner_strength=76.99 | winner_cohesion=42.46
HARNESS det_ab identical=true
[RNG] Battle seed set: 12345
[Scenario 01] Battle seed: 12345
[Scenario 01] Trace written: res://tests/traces/scenario_01_12345.csv
[Scenario 01] SUMMARY | winner=blue_1 | march=61.7s | combat=67.0s | flee=152.2s | winner_strength=100.00 | winner_cohesion=100.00
HARNESS threaded winner=blue_1 combat=67.0 identical_to_fast=true
HARNESS threaded 0.0,EVENT,QUALITY_OF_DAY,red_1=0.962648
HARNESS threaded 0.0,EVENT,QUALITY_OF_DAY,blue_1=0.993980
