Godot Engine v4.4.1.stable.official.49a5bc7b6 - https://godotengine.org
ERROR: Required extension VK_KHR_surface not found.
   at: _initialize_instance_extensions (drivers/vulkan/rendering_context_driver_vulkan.cpp:487)
ERROR: Condition "err != OK" is true. Returning: err
   at: initialize (drivers/vulkan/rendering_context_driver_vulkan.cpp:928)
WARNING: Your video card drivers seem not to support the required Vulkan version, switching to OpenGL 3.
     at: DisplayServerX11 (platform/linuxbsd/x11/display_server_x11.cpp:6795)
WARNING: Could not set V-Sync mode, as changing V-Sync mode is not supported by the graphics driver.
     at: set_use_vsync (platform/linuxbsd/x11/gl_manager_x11.cpp:360)
OpenGL API 4.5 (Core Profile) Mesa 25.2.8-0ubuntu0.24.04.1 - Compatibility - Using Device: Mesa - llvmpipe (LLVM 20.1.2, 256 bits)
ALSA lib confmisc.c:855:(parse_card) cannot find card '0'
ALSA lib conf.c:5204:(_snd_config_evaluate) function snd_func_card_inum returned error: No such file or directory
ALSA lib confmisc.c:422:(snd_func_concat) error evaluating strings
ALSA lib conf.c:5204:(_snd_config_evaluate) function snd_func_concat returned error: No such file or directory
ALSA lib confmisc.c:1342:(snd_func_refer) error evaluating name
ALSA lib conf.c:5204:(_snd_config_evaluate) function snd_func_refer returned error: No such file or directory
ALSA lib conf.c:5727:(snd_config_expand) Evaluate error: No such file or directory
ALSA lib pcm.c:2721:(snd_pcm_open_noupdate) Unknown PCM default
ERROR: Condition "status < 0" is true. Returning: ERR_CANT_OPEN
   at: init_output_device (drivers/alsa/audio_driver_alsa.cpp:90)
WARNING: All audio drivers failed, falling back to the dummy driver.
     at: initialize (servers/audio_server.cpp:246)

WO029B_S40_DISPLAY_FPS_START
S40_DISPLAY label=cloud_xvfb_designer_path RENDER_FRAME_MS min=4.527 avg=9.693 p95=10.544 max=272.541 n=1238 fps_avg=103.2 fps_from_p95=94.8 use_sim_thread=true
S40_DISPLAY scenario_perf={ "avg_tick_ms": 0.0, "p95_tick_ms": 0.0, "tick_count": 0, "min_fps": 0.0, "avg_fps": 0.0, "fps_samples": 0, "sim_thread": { "tick_count": 121, "min_tick_ms": 1.359, "avg_tick_ms": 1.55380165289256, "max_tick_ms": 5.117, "p95_tick_ms": 1.818, "last_tick_ms": 1.424 } }
S40_DISPLAY sim_thread={ "tick_count": 121, "min_tick_ms": 1.359, "avg_tick_ms": 1.55380165289256, "max_tick_ms": 5.117, "p95_tick_ms": 1.818, "last_tick_ms": 1.424 }
WO029B_S40_DISPLAY_FPS_DONE
